[ 2017-08-08T12:22:28+08:00 ] ::1 /wepay/
INFO: [ app_init ] --START--
INFO: Run Behavior\BuildLiteBehavior [ RunTime:0.000000s ]
INFO: [ app_init ] --END-- [ RunTime:0.040002s ]
INFO: [ app_begin ] --START--
INFO: Run Behavior\ReadHtmlCacheBehavior [ RunTime:0.002000s ]
INFO: [ app_begin ] --END-- [ RunTime:0.002000s ]
NOTIC: [2048] Declaration of Home\Controller\IndexController::get() should be compatible with Think\Controller::get($name = '') F:\phpStudy\WWW\wepay\App\Home\Controller\IndexController.class.php 第 5 行.

[ 2017-08-08T12:22:29+08:00 ] ::1 /wepay/index.php/Login/index.html
INFO: [ app_init ] --START--
INFO: Run Behavior\BuildLiteBehavior [ RunTime:0.000000s ]
INFO: [ app_init ] --END-- [ RunTime:0.000000s ]
INFO: [ app_begin ] --START--
INFO: Run Behavior\ReadHtmlCacheBehavior [ RunTime:0.001000s ]
INFO: [ app_begin ] --END-- [ RunTime:0.001000s ]
ERR: SQLSTATE[HY000] [1045] Access denied for user 'root'@'localhost' (using password: NO)

[ 2017-08-08T12:25:32+08:00 ] ::1 /wepay/index.php/Login/index.html
INFO: [ app_init ] --START--
INFO: Run Behavior\BuildLiteBehavior [ RunTime:0.000000s ]
INFO: [ app_init ] --END-- [ RunTime:0.001000s ]
INFO: [ app_begin ] --START--
INFO: Run Behavior\ReadHtmlCacheBehavior [ RunTime:0.000000s ]
INFO: [ app_begin ] --END-- [ RunTime:0.000000s ]
ERR: 1146:Table 'wepay.we_user' doesn't exist
 [ SQL语句 ] : SHOW COLUMNS FROM `we_user`
ERR: 1146:Table 'wepay.we_user' doesn't exist
 [ SQL语句 ] : SHOW COLUMNS FROM `we_user`

[ 2017-08-08T12:26:05+08:00 ] ::1 /wepay/index.php/Login/index.html
INFO: [ app_init ] --START--
INFO: Run Behavior\BuildLiteBehavior [ RunTime:0.000000s ]
INFO: [ app_init ] --END-- [ RunTime:0.000000s ]
INFO: [ app_begin ] --START--
INFO: Run Behavior\ReadHtmlCacheBehavior [ RunTime:0.001000s ]
INFO: [ app_begin ] --END-- [ RunTime:0.001000s ]
SQL: SHOW COLUMNS FROM `we_user` [ RunTime:0.0080s ]
INFO: [ view_parse ] --START--
INFO: [ template_filter ] --START--
INFO: Run Behavior\ContentReplaceBehavior [ RunTime:0.026001s ]
INFO: [ template_filter ] --END-- [ RunTime:0.026001s ]
INFO: Run Behavior\ParseTemplateBehavior [ RunTime:0.039002s ]
INFO: [ view_parse ] --END-- [ RunTime:0.039002s ]
INFO: [ view_filter ] --START--
INFO: Run Behavior\WriteHtmlCacheBehavior [ RunTime:0.001001s ]
INFO: [ view_filter ] --END-- [ RunTime:0.001001s ]
INFO: [ app_end ] --START--
INFO: Run Behavior\ShowPageTraceBehavior [ RunTime:0.001000s ]
INFO: [ app_end ] --END-- [ RunTime:0.001000s ]

[ 2017-08-08T12:26:06+08:00 ] ::1 /wepay/index.php
INFO: [ app_init ] --START--
INFO: Run Behavior\BuildLiteBehavior [ RunTime:0.000000s ]
INFO: [ app_init ] --END-- [ RunTime:0.001001s ]
INFO: [ app_begin ] --START--
INFO: Run Behavior\ReadHtmlCacheBehavior [ RunTime:0.001000s ]
INFO: [ app_begin ] --END-- [ RunTime:0.001000s ]
NOTIC: [2048] Declaration of Home\Controller\IndexController::get() should be compatible with Think\Controller::get($name = '') F:\phpStudy\WWW\wepay\App\Home\Controller\IndexController.class.php 第 5 行.

[ 2017-08-08T12:26:18+08:00 ] ::1 /wepay/index.php/Login/index.html
INFO: [ app_init ] --START--
INFO: Run Behavior\BuildLiteBehavior [ RunTime:0.000000s ]
INFO: [ app_init ] --END-- [ RunTime:0.001000s ]
INFO: [ app_begin ] --START--
INFO: Run Behavior\ReadHtmlCacheBehavior [ RunTime:0.001000s ]
INFO: [ app_begin ] --END-- [ RunTime:0.001000s ]
SQL: SHOW COLUMNS FROM `we_user` [ RunTime:0.0080s ]
INFO: [ view_parse ] --START--
INFO: [ template_filter ] --START--
INFO: Run Behavior\ContentReplaceBehavior [ RunTime:0.000000s ]
INFO: [ template_filter ] --END-- [ RunTime:0.000000s ]
INFO: Run Behavior\ParseTemplateBehavior [ RunTime:0.017001s ]
INFO: [ view_parse ] --END-- [ RunTime:0.017001s ]
INFO: [ view_filter ] --START--
INFO: Run Behavior\WriteHtmlCacheBehavior [ RunTime:0.001000s ]
INFO: [ view_filter ] --END-- [ RunTime:0.001000s ]
INFO: [ app_end ] --START--
INFO: Run Behavior\ShowPageTraceBehavior [ RunTime:0.001000s ]
INFO: [ app_end ] --END-- [ RunTime:0.001000s ]

[ 2017-08-08T12:26:42+08:00 ] ::1 /wepay/index.php/Login/index.html
INFO: [ app_init ] --START--
INFO: Run Behavior\BuildLiteBehavior [ RunTime:0.000000s ]
INFO: [ app_init ] --END-- [ RunTime:0.001000s ]
INFO: [ app_begin ] --START--
INFO: Run Behavior\ReadHtmlCacheBehavior [ RunTime:0.001000s ]
INFO: [ app_begin ] --END-- [ RunTime:0.001000s ]
SQL: SHOW COLUMNS FROM `we_user` [ RunTime:0.0040s ]
NOTIC: [8] Undefined index: auto F:\phpStudy\WWW\wepay\ThinkPHP\Library\Think\Model.class.php 第 1128 行.
SQL: SELECT * FROM `we_user` WHERE `phone` = '18101565682' LIMIT 1   [ RunTime:0.0000s ]

[ 2017-08-08T12:26:43+08:00 ] ::1 /wepay/index.php/Index/index
INFO: [ app_init ] --START--
INFO: Run Behavior\BuildLiteBehavior [ RunTime:0.000000s ]
INFO: [ app_init ] --END-- [ RunTime:0.000000s ]
INFO: [ app_begin ] --START--
INFO: Run Behavior\ReadHtmlCacheBehavior [ RunTime:0.001000s ]
INFO: [ app_begin ] --END-- [ RunTime:0.001000s ]
NOTIC: [2048] Declaration of Home\Controller\IndexController::get() should be compatible with Think\Controller::get($name = '') F:\phpStudy\WWW\wepay\App\Home\Controller\IndexController.class.php 第 5 行.
NOTIC: [2048] Declaration of Home\Model\ProductModel::page() should be compatible with Think\Model::page($page, $listRows = NULL) F:\phpStudy\WWW\wepay\App\Home\Model\ProductModel.class.php 第 5 行.
SQL: SHOW COLUMNS FROM `we_product` [ RunTime:0.0040s ]
NOTIC: [8] Undefined variable: where F:\phpStudy\WWW\wepay\App\Home\Model\ProductModel.class.php 第 18 行.
SQL: SELECT COUNT(*) AS tp_count FROM `we_product` LIMIT 1   [ RunTime:0.0010s ]
NOTIC: [8] Undefined variable: where F:\phpStudy\WWW\wepay\App\Home\Model\ProductModel.class.php 第 32 行.
SQL: SELECT * FROM `we_product` ORDER BY id desc LIMIT 0,10   [ RunTime:0.0000s ]
INFO: [ view_parse ] --START--
INFO: [ template_filter ] --START--
INFO: Run Behavior\ContentReplaceBehavior [ RunTime:0.000000s ]
INFO: [ template_filter ] --END-- [ RunTime:0.000000s ]
INFO: Run Behavior\ParseTemplateBehavior [ RunTime:0.024001s ]
INFO: [ view_parse ] --END-- [ RunTime:0.024001s ]
INFO: [ view_filter ] --START--
INFO: Run Behavior\WriteHtmlCacheBehavior [ RunTime:0.000000s ]
INFO: [ view_filter ] --END-- [ RunTime:0.000000s ]
INFO: [ app_end ] --START--
INFO: Run Behavior\ShowPageTraceBehavior [ RunTime:0.001000s ]
INFO: [ app_end ] --END-- [ RunTime:0.001000s ]

[ 2017-08-08T12:30:25+08:00 ] ::1 /wepay/index.php/Index/index
INFO: [ app_init ] --START--
INFO: Run Behavior\BuildLiteBehavior [ RunTime:0.000000s ]
INFO: [ app_init ] --END-- [ RunTime:0.001000s ]
INFO: [ app_begin ] --START--
INFO: Run Behavior\ReadHtmlCacheBehavior [ RunTime:0.000000s ]
INFO: [ app_begin ] --END-- [ RunTime:0.000000s ]
NOTIC: [2048] Declaration of Home\Controller\IndexController::get() should be compatible with Think\Controller::get($name = '') F:\phpStudy\WWW\wepay\App\Home\Controller\IndexController.class.php 第 5 行.
NOTIC: [2048] Declaration of Home\Model\ProductModel::page() should be compatible with Think\Model::page($page, $listRows = NULL) F:\phpStudy\WWW\wepay\App\Home\Model\ProductModel.class.php 第 5 行.
SQL: SHOW COLUMNS FROM `we_product` [ RunTime:0.0080s ]
NOTIC: [8] Undefined variable: where F:\phpStudy\WWW\wepay\App\Home\Model\ProductModel.class.php 第 18 行.
SQL: SELECT COUNT(*) AS tp_count FROM `we_product` LIMIT 1   [ RunTime:0.0000s ]
NOTIC: [8] Undefined variable: where F:\phpStudy\WWW\wepay\App\Home\Model\ProductModel.class.php 第 32 行.
SQL: SELECT * FROM `we_product` ORDER BY id desc LIMIT 0,10   [ RunTime:0.0010s ]
INFO: [ view_parse ] --START--
INFO: [ template_filter ] --START--
INFO: Run Behavior\ContentReplaceBehavior [ RunTime:0.001000s ]
INFO: [ template_filter ] --END-- [ RunTime:0.001000s ]
INFO: Run Behavior\ParseTemplateBehavior [ RunTime:0.022002s ]
INFO: [ view_parse ] --END-- [ RunTime:0.022002s ]
INFO: [ view_filter ] --START--
INFO: Run Behavior\WriteHtmlCacheBehavior [ RunTime:0.000000s ]
INFO: [ view_filter ] --END-- [ RunTime:0.000000s ]
INFO: [ app_end ] --START--
INFO: Run Behavior\ShowPageTraceBehavior [ RunTime:0.001000s ]
INFO: [ app_end ] --END-- [ RunTime:0.001000s ]

[ 2017-08-08T12:31:32+08:00 ] ::1 /wepay/index.php/Index/detail/id/29
INFO: [ app_init ] --START--
INFO: Run Behavior\BuildLiteBehavior [ RunTime:0.000000s ]
INFO: [ app_init ] --END-- [ RunTime:0.001000s ]
INFO: [ app_begin ] --START--
INFO: Run Behavior\ReadHtmlCacheBehavior [ RunTime:0.001000s ]
INFO: [ app_begin ] --END-- [ RunTime:0.001000s ]
NOTIC: [2048] Declaration of Home\Controller\IndexController::get() should be compatible with Think\Controller::get($name = '') F:\phpStudy\WWW\wepay\App\Home\Controller\IndexController.class.php 第 5 行.
NOTIC: [2048] Declaration of Home\Model\ProductModel::page() should be compatible with Think\Model::page($page, $listRows = NULL) F:\phpStudy\WWW\wepay\App\Home\Model\ProductModel.class.php 第 5 行.
SQL: SHOW COLUMNS FROM `we_product` [ RunTime:0.0090s ]
SQL: SELECT * FROM `we_product` WHERE `id` = 29 LIMIT 1   [ RunTime:0.0000s ]
NOTIC: [2048] Declaration of Home\Model\BetModel::page() should be compatible with Think\Model::page($page, $listRows = NULL) F:\phpStudy\WWW\wepay\App\Home\Model\BetModel.class.php 第 112 行.
SQL: SHOW COLUMNS FROM `we_bet` [ RunTime:0.0090s ]
SQL: SELECT * FROM `we_bet` WHERE `gid` = 29 LIMIT 1   [ RunTime:0.0010s ]
INFO: [ view_parse ] --START--
INFO: [ template_filter ] --START--
INFO: Run Behavior\ContentReplaceBehavior [ RunTime:0.000000s ]
INFO: [ template_filter ] --END-- [ RunTime:0.000000s ]
INFO: Run Behavior\ParseTemplateBehavior [ RunTime:0.065004s ]
INFO: [ view_parse ] --END-- [ RunTime:0.065004s ]
INFO: [ view_filter ] --START--
INFO: Run Behavior\WriteHtmlCacheBehavior [ RunTime:0.001000s ]
INFO: [ view_filter ] --END-- [ RunTime:0.001000s ]
INFO: [ app_end ] --START--
INFO: Run Behavior\ShowPageTraceBehavior [ RunTime:0.002000s ]
INFO: [ app_end ] --END-- [ RunTime:0.002000s ]

[ 2017-08-08T12:31:36+08:00 ] ::1 /wepay/index.php/Index/detail/id/29
INFO: [ app_init ] --START--
INFO: Run Behavior\BuildLiteBehavior [ RunTime:0.000000s ]
INFO: [ app_init ] --END-- [ RunTime:0.001000s ]
INFO: [ app_begin ] --START--
INFO: Run Behavior\ReadHtmlCacheBehavior [ RunTime:0.001000s ]
INFO: [ app_begin ] --END-- [ RunTime:0.001000s ]
NOTIC: [2048] Declaration of Home\Controller\IndexController::get() should be compatible with Think\Controller::get($name = '') F:\phpStudy\WWW\wepay\App\Home\Controller\IndexController.class.php 第 5 行.
NOTIC: [2048] Declaration of Home\Model\ProductModel::page() should be compatible with Think\Model::page($page, $listRows = NULL) F:\phpStudy\WWW\wepay\App\Home\Model\ProductModel.class.php 第 5 行.
SQL: SHOW COLUMNS FROM `we_product` [ RunTime:0.0040s ]
SQL: SELECT * FROM `we_product` WHERE `id` = 29 LIMIT 1   [ RunTime:0.0000s ]
NOTIC: [2048] Declaration of Home\Model\BetModel::page() should be compatible with Think\Model::page($page, $listRows = NULL) F:\phpStudy\WWW\wepay\App\Home\Model\BetModel.class.php 第 112 行.
SQL: SHOW COLUMNS FROM `we_bet` [ RunTime:0.0050s ]
SQL: SELECT * FROM `we_bet` WHERE `gid` = 29 LIMIT 1   [ RunTime:0.0000s ]
INFO: [ view_parse ] --START--
INFO: [ template_filter ] --START--
INFO: Run Behavior\ContentReplaceBehavior [ RunTime:0.000000s ]
INFO: [ template_filter ] --END-- [ RunTime:0.000000s ]
INFO: Run Behavior\ParseTemplateBehavior [ RunTime:0.010000s ]
INFO: [ view_parse ] --END-- [ RunTime:0.010000s ]
INFO: [ view_filter ] --START--
INFO: Run Behavior\WriteHtmlCacheBehavior [ RunTime:0.000000s ]
INFO: [ view_filter ] --END-- [ RunTime:0.000000s ]
INFO: [ app_end ] --START--
INFO: Run Behavior\ShowPageTraceBehavior [ RunTime:0.000000s ]
INFO: [ app_end ] --END-- [ RunTime:0.000000s ]

[ 2017-08-08T12:31:47+08:00 ] ::1 /wepay/index.php/Index/detail/id/1
INFO: [ app_init ] --START--
INFO: Run Behavior\BuildLiteBehavior [ RunTime:0.000000s ]
INFO: [ app_init ] --END-- [ RunTime:0.001000s ]
INFO: [ app_begin ] --START--
INFO: Run Behavior\ReadHtmlCacheBehavior [ RunTime:0.001000s ]
INFO: [ app_begin ] --END-- [ RunTime:0.001000s ]
NOTIC: [2048] Declaration of Home\Controller\IndexController::get() should be compatible with Think\Controller::get($name = '') F:\phpStudy\WWW\wepay\App\Home\Controller\IndexController.class.php 第 5 行.
NOTIC: [2048] Declaration of Home\Model\ProductModel::page() should be compatible with Think\Model::page($page, $listRows = NULL) F:\phpStudy\WWW\wepay\App\Home\Model\ProductModel.class.php 第 5 行.
SQL: SHOW COLUMNS FROM `we_product` [ RunTime:0.0070s ]
SQL: SELECT * FROM `we_product` WHERE `id` = 1 LIMIT 1   [ RunTime:0.0000s ]
NOTIC: [2048] Declaration of Home\Model\BetModel::page() should be compatible with Think\Model::page($page, $listRows = NULL) F:\phpStudy\WWW\wepay\App\Home\Model\BetModel.class.php 第 112 行.
SQL: SHOW COLUMNS FROM `we_bet` [ RunTime:0.0070s ]
SQL: SELECT * FROM `we_bet` WHERE `gid` = 1 LIMIT 1   [ RunTime:0.0010s ]
INFO: [ view_parse ] --START--
INFO: [ template_filter ] --START--
INFO: Run Behavior\ContentReplaceBehavior [ RunTime:0.000000s ]
INFO: [ template_filter ] --END-- [ RunTime:0.000000s ]
INFO: Run Behavior\ParseTemplateBehavior [ RunTime:0.017001s ]
INFO: [ view_parse ] --END-- [ RunTime:0.017001s ]
INFO: [ view_filter ] --START--
INFO: Run Behavior\WriteHtmlCacheBehavior [ RunTime:0.001000s ]
INFO: [ view_filter ] --END-- [ RunTime:0.001000s ]
INFO: [ app_end ] --START--
INFO: Run Behavior\ShowPageTraceBehavior [ RunTime:0.001000s ]
INFO: [ app_end ] --END-- [ RunTime:0.001000s ]

[ 2017-08-08T12:32:04+08:00 ] ::1 /wepay/index.php/Pay/index.html
INFO: [ app_init ] --START--
INFO: Run Behavior\BuildLiteBehavior [ RunTime:0.000000s ]
INFO: [ app_init ] --END-- [ RunTime:0.001000s ]
INFO: [ app_begin ] --START--
INFO: Run Behavior\ReadHtmlCacheBehavior [ RunTime:0.000000s ]
INFO: [ app_begin ] --END-- [ RunTime:0.000000s ]
SQL: SHOW COLUMNS FROM `we_user_info` [ RunTime:0.0070s ]
NOTIC: [2048] Declaration of Home\Model\BetModel::page() should be compatible with Think\Model::page($page, $listRows = NULL) F:\phpStudy\WWW\wepay\App\Home\Model\BetModel.class.php 第 112 行.
SQL: SHOW COLUMNS FROM `we_bet` [ RunTime:0.0070s ]
SQL: SELECT a.*,b.name FROM we_bet a INNER JOIN we_product as b on a.gid=b.id   [ RunTime:0.0000s ]
INFO: [ view_parse ] --START--
INFO: [ template_filter ] --START--
INFO: Run Behavior\ContentReplaceBehavior [ RunTime:0.001000s ]
INFO: [ template_filter ] --END-- [ RunTime:0.001000s ]
INFO: Run Behavior\ParseTemplateBehavior [ RunTime:0.033002s ]
INFO: [ view_parse ] --END-- [ RunTime:0.033002s ]
INFO: [ view_filter ] --START--
INFO: Run Behavior\WriteHtmlCacheBehavior [ RunTime:0.001000s ]
INFO: [ view_filter ] --END-- [ RunTime:0.001000s ]
INFO: [ app_end ] --START--
INFO: Run Behavior\ShowPageTraceBehavior [ RunTime:0.001000s ]
INFO: [ app_end ] --END-- [ RunTime:0.001000s ]

[ 2017-08-08T12:32:09+08:00 ] ::1 /wepay/index.php/Index/index.html
INFO: [ app_init ] --START--
INFO: Run Behavior\BuildLiteBehavior [ RunTime:0.000000s ]
INFO: [ app_init ] --END-- [ RunTime:0.000000s ]
INFO: [ app_begin ] --START--
INFO: Run Behavior\ReadHtmlCacheBehavior [ RunTime:0.001000s ]
INFO: [ app_begin ] --END-- [ RunTime:0.001000s ]
NOTIC: [2048] Declaration of Home\Controller\IndexController::get() should be compatible with Think\Controller::get($name = '') F:\phpStudy\WWW\wepay\App\Home\Controller\IndexController.class.php 第 5 行.
NOTIC: [2048] Declaration of Home\Model\ProductModel::page() should be compatible with Think\Model::page($page, $listRows = NULL) F:\phpStudy\WWW\wepay\App\Home\Model\ProductModel.class.php 第 5 行.
SQL: SHOW COLUMNS FROM `we_product` [ RunTime:0.0090s ]
NOTIC: [8] Undefined variable: where F:\phpStudy\WWW\wepay\App\Home\Model\ProductModel.class.php 第 18 行.
SQL: SELECT COUNT(*) AS tp_count FROM `we_product` LIMIT 1   [ RunTime:0.0000s ]
NOTIC: [8] Undefined variable: where F:\phpStudy\WWW\wepay\App\Home\Model\ProductModel.class.php 第 32 行.
SQL: SELECT * FROM `we_product` ORDER BY id desc LIMIT 0,10   [ RunTime:0.0010s ]
INFO: [ view_parse ] --START--
INFO: [ template_filter ] --START--
INFO: Run Behavior\ContentReplaceBehavior [ RunTime:0.001000s ]
INFO: [ template_filter ] --END-- [ RunTime:0.001000s ]
INFO: Run Behavior\ParseTemplateBehavior [ RunTime:0.016001s ]
INFO: [ view_parse ] --END-- [ RunTime:0.016001s ]
INFO: [ view_filter ] --START--
INFO: Run Behavior\WriteHtmlCacheBehavior [ RunTime:0.001000s ]
INFO: [ view_filter ] --END-- [ RunTime:0.001000s ]
INFO: [ app_end ] --START--
INFO: Run Behavior\ShowPageTraceBehavior [ RunTime:0.001000s ]
INFO: [ app_end ] --END-- [ RunTime:0.001000s ]

[ 2017-08-08T12:32:11+08:00 ] ::1 /wepay/index.php/User/index.html
INFO: [ app_init ] --START--
INFO: Run Behavior\BuildLiteBehavior [ RunTime:0.000000s ]
INFO: [ app_init ] --END-- [ RunTime:0.001000s ]
INFO: [ app_begin ] --START--
INFO: Run Behavior\ReadHtmlCacheBehavior [ RunTime:0.001000s ]
INFO: [ app_begin ] --END-- [ RunTime:0.001000s ]
SQL: SHOW COLUMNS FROM `we_user` [ RunTime:0.0040s ]
SQL: SELECT * FROM we_user a INNER JOIN we_user_info as b on a.id = b.uid  WHERE a.id = '20' LIMIT 1   [ RunTime:0.0010s ]
INFO: [ view_parse ] --START--
INFO: [ template_filter ] --START--
INFO: Run Behavior\ContentReplaceBehavior [ RunTime:0.000000s ]
INFO: [ template_filter ] --END-- [ RunTime:0.000000s ]
INFO: Run Behavior\ParseTemplateBehavior [ RunTime:0.010001s ]
INFO: [ view_parse ] --END-- [ RunTime:0.010001s ]
INFO: [ view_filter ] --START--
INFO: Run Behavior\WriteHtmlCacheBehavior [ RunTime:0.000000s ]
INFO: [ view_filter ] --END-- [ RunTime:0.001000s ]
INFO: [ app_end ] --START--
INFO: Run Behavior\ShowPageTraceBehavior [ RunTime:0.001000s ]
INFO: [ app_end ] --END-- [ RunTime:0.001000s ]

[ 2017-08-08T12:32:19+08:00 ] ::1 /wepay/index.php/Index/index.html
INFO: [ app_init ] --START--
INFO: Run Behavior\BuildLiteBehavior [ RunTime:0.000000s ]
INFO: [ app_init ] --END-- [ RunTime:0.000000s ]
INFO: [ app_begin ] --START--
INFO: Run Behavior\ReadHtmlCacheBehavior [ RunTime:0.000000s ]
INFO: [ app_begin ] --END-- [ RunTime:0.001001s ]
NOTIC: [2048] Declaration of Home\Controller\IndexController::get() should be compatible with Think\Controller::get($name = '') F:\phpStudy\WWW\wepay\App\Home\Controller\IndexController.class.php 第 5 行.
NOTIC: [2048] Declaration of Home\Model\ProductModel::page() should be compatible with Think\Model::page($page, $listRows = NULL) F:\phpStudy\WWW\wepay\App\Home\Model\ProductModel.class.php 第 5 行.
SQL: SHOW COLUMNS FROM `we_product` [ RunTime:0.0100s ]
NOTIC: [8] Undefined variable: where F:\phpStudy\WWW\wepay\App\Home\Model\ProductModel.class.php 第 18 行.
SQL: SELECT COUNT(*) AS tp_count FROM `we_product` LIMIT 1   [ RunTime:0.0010s ]
NOTIC: [8] Undefined variable: where F:\phpStudy\WWW\wepay\App\Home\Model\ProductModel.class.php 第 32 行.
SQL: SELECT * FROM `we_product` ORDER BY id desc LIMIT 0,10   [ RunTime:0.0010s ]
INFO: [ view_parse ] --START--
INFO: [ template_filter ] --START--
INFO: Run Behavior\ContentReplaceBehavior [ RunTime:0.000000s ]
INFO: [ template_filter ] --END-- [ RunTime:0.001000s ]
INFO: Run Behavior\ParseTemplateBehavior [ RunTime:0.021001s ]
INFO: [ view_parse ] --END-- [ RunTime:0.021001s ]
INFO: [ view_filter ] --START--
INFO: Run Behavior\WriteHtmlCacheBehavior [ RunTime:0.001000s ]
INFO: [ view_filter ] --END-- [ RunTime:0.001000s ]
INFO: [ app_end ] --START--
INFO: Run Behavior\ShowPageTraceBehavior [ RunTime:0.002000s ]
INFO: [ app_end ] --END-- [ RunTime:0.002000s ]

[ 2017-08-08T12:32:22+08:00 ] ::1 /wepay/index.php/Index/index.html
INFO: [ app_init ] --START--
INFO: Run Behavior\BuildLiteBehavior [ RunTime:0.000000s ]
INFO: [ app_init ] --END-- [ RunTime:0.000000s ]
INFO: [ app_begin ] --START--
INFO: Run Behavior\ReadHtmlCacheBehavior [ RunTime:0.000000s ]
INFO: [ app_begin ] --END-- [ RunTime:0.000000s ]
NOTIC: [2048] Declaration of Home\Controller\IndexController::get() should be compatible with Think\Controller::get($name = '') F:\phpStudy\WWW\wepay\App\Home\Controller\IndexController.class.php 第 5 行.
NOTIC: [2048] Declaration of Home\Model\ProductModel::page() should be compatible with Think\Model::page($page, $listRows = NULL) F:\phpStudy\WWW\wepay\App\Home\Model\ProductModel.class.php 第 5 行.
SQL: SHOW COLUMNS FROM `we_product` [ RunTime:0.0070s ]
NOTIC: [8] Undefined variable: where F:\phpStudy\WWW\wepay\App\Home\Model\ProductModel.class.php 第 18 行.
SQL: SELECT COUNT(*) AS tp_count FROM `we_product` LIMIT 1   [ RunTime:0.0010s ]
NOTIC: [8] Undefined variable: where F:\phpStudy\WWW\wepay\App\Home\Model\ProductModel.class.php 第 32 行.
SQL: SELECT * FROM `we_product` ORDER BY id desc LIMIT 0,10   [ RunTime:0.0010s ]
INFO: [ view_parse ] --START--
INFO: [ template_filter ] --START--
INFO: Run Behavior\ContentReplaceBehavior [ RunTime:0.000000s ]
INFO: [ template_filter ] --END-- [ RunTime:0.000000s ]
INFO: Run Behavior\ParseTemplateBehavior [ RunTime:0.013000s ]
INFO: [ view_parse ] --END-- [ RunTime:0.014000s ]
INFO: [ view_filter ] --START--
INFO: Run Behavior\WriteHtmlCacheBehavior [ RunTime:0.000000s ]
INFO: [ view_filter ] --END-- [ RunTime:0.000000s ]
INFO: [ app_end ] --START--
INFO: Run Behavior\ShowPageTraceBehavior [ RunTime:0.001001s ]
INFO: [ app_end ] --END-- [ RunTime:0.001001s ]

[ 2017-08-08T12:32:26+08:00 ] ::1 /wepay/index.php/Index/index.html
INFO: [ app_init ] --START--
INFO: Run Behavior\BuildLiteBehavior [ RunTime:0.000000s ]
INFO: [ app_init ] --END-- [ RunTime:0.000000s ]
INFO: [ app_begin ] --START--
INFO: Run Behavior\ReadHtmlCacheBehavior [ RunTime:0.000000s ]
INFO: [ app_begin ] --END-- [ RunTime:0.000000s ]
NOTIC: [2048] Declaration of Home\Controller\IndexController::get() should be compatible with Think\Controller::get($name = '') F:\phpStudy\WWW\wepay\App\Home\Controller\IndexController.class.php 第 5 行.
NOTIC: [2048] Declaration of Home\Model\ProductModel::page() should be compatible with Think\Model::page($page, $listRows = NULL) F:\phpStudy\WWW\wepay\App\Home\Model\ProductModel.class.php 第 5 行.
SQL: SHOW COLUMNS FROM `we_product` [ RunTime:0.0060s ]
NOTIC: [8] Undefined variable: where F:\phpStudy\WWW\wepay\App\Home\Model\ProductModel.class.php 第 18 行.
SQL: SELECT COUNT(*) AS tp_count FROM `we_product` LIMIT 1   [ RunTime:0.0010s ]
NOTIC: [8] Undefined variable: where F:\phpStudy\WWW\wepay\App\Home\Model\ProductModel.class.php 第 32 行.
SQL: SELECT * FROM `we_product` ORDER BY id desc LIMIT 0,10   [ RunTime:0.0000s ]
INFO: [ view_parse ] --START--
INFO: [ template_filter ] --START--
INFO: Run Behavior\ContentReplaceBehavior [ RunTime:0.000000s ]
INFO: [ template_filter ] --END-- [ RunTime:0.001000s ]
INFO: Run Behavior\ParseTemplateBehavior [ RunTime:0.013001s ]
INFO: [ view_parse ] --END-- [ RunTime:0.013001s ]
INFO: [ view_filter ] --START--
INFO: Run Behavior\WriteHtmlCacheBehavior [ RunTime:0.001000s ]
INFO: [ view_filter ] --END-- [ RunTime:0.001000s ]
INFO: [ app_end ] --START--
INFO: Run Behavior\ShowPageTraceBehavior [ RunTime:0.001000s ]
INFO: [ app_end ] --END-- [ RunTime:0.001000s ]

[ 2017-08-08T12:32:28+08:00 ] ::1 /wepay/index.php/Index/index.html
INFO: [ app_init ] --START--
INFO: Run Behavior\BuildLiteBehavior [ RunTime:0.000000s ]
INFO: [ app_init ] --END-- [ RunTime:0.000000s ]
INFO: [ app_begin ] --START--
INFO: Run Behavior\ReadHtmlCacheBehavior [ RunTime:0.001000s ]
INFO: [ app_begin ] --END-- [ RunTime:0.001000s ]
NOTIC: [2048] Declaration of Home\Controller\IndexController::get() should be compatible with Think\Controller::get($name = '') F:\phpStudy\WWW\wepay\App\Home\Controller\IndexController.class.php 第 5 行.
NOTIC: [2048] Declaration of Home\Model\ProductModel::page() should be compatible with Think\Model::page($page, $listRows = NULL) F:\phpStudy\WWW\wepay\App\Home\Model\ProductModel.class.php 第 5 行.
SQL: SHOW COLUMNS FROM `we_product` [ RunTime:0.0050s ]
NOTIC: [8] Undefined variable: where F:\phpStudy\WWW\wepay\App\Home\Model\ProductModel.class.php 第 18 行.
SQL: SELECT COUNT(*) AS tp_count FROM `we_product` LIMIT 1   [ RunTime:0.0000s ]
NOTIC: [8] Undefined variable: where F:\phpStudy\WWW\wepay\App\Home\Model\ProductModel.class.php 第 32 行.
SQL: SELECT * FROM `we_product` ORDER BY id desc LIMIT 0,10   [ RunTime:0.0010s ]
INFO: [ view_parse ] --START--
INFO: [ template_filter ] --START--
INFO: Run Behavior\ContentReplaceBehavior [ RunTime:0.000000s ]
INFO: [ template_filter ] --END-- [ RunTime:0.000000s ]
INFO: Run Behavior\ParseTemplateBehavior [ RunTime:0.012000s ]
INFO: [ view_parse ] --END-- [ RunTime:0.012000s ]
INFO: [ view_filter ] --START--
INFO: Run Behavior\WriteHtmlCacheBehavior [ RunTime:0.000000s ]
INFO: [ view_filter ] --END-- [ RunTime:0.000000s ]
INFO: [ app_end ] --START--
INFO: Run Behavior\ShowPageTraceBehavior [ RunTime:0.000000s ]
INFO: [ app_end ] --END-- [ RunTime:0.000000s ]

[ 2017-08-08T12:32:29+08:00 ] ::1 /wepay/index.php/Index/detail/id/29
INFO: [ app_init ] --START--
INFO: Run Behavior\BuildLiteBehavior [ RunTime:0.000000s ]
INFO: [ app_init ] --END-- [ RunTime:0.000000s ]
INFO: [ app_begin ] --START--
INFO: Run Behavior\ReadHtmlCacheBehavior [ RunTime:0.001001s ]
INFO: [ app_begin ] --END-- [ RunTime:0.002001s ]
NOTIC: [2048] Declaration of Home\Controller\IndexController::get() should be compatible with Think\Controller::get($name = '') F:\phpStudy\WWW\wepay\App\Home\Controller\IndexController.class.php 第 5 行.
NOTIC: [2048] Declaration of Home\Model\ProductModel::page() should be compatible with Think\Model::page($page, $listRows = NULL) F:\phpStudy\WWW\wepay\App\Home\Model\ProductModel.class.php 第 5 行.
SQL: SHOW COLUMNS FROM `we_product` [ RunTime:0.0040s ]
SQL: SELECT * FROM `we_product` WHERE `id` = 29 LIMIT 1   [ RunTime:0.0010s ]
NOTIC: [2048] Declaration of Home\Model\BetModel::page() should be compatible with Think\Model::page($page, $listRows = NULL) F:\phpStudy\WWW\wepay\App\Home\Model\BetModel.class.php 第 112 行.
SQL: SHOW COLUMNS FROM `we_bet` [ RunTime:0.0040s ]
SQL: SELECT * FROM `we_bet` WHERE `gid` = 29 LIMIT 1   [ RunTime:0.0000s ]
INFO: [ view_parse ] --START--
INFO: [ template_filter ] --START--
INFO: Run Behavior\ContentReplaceBehavior [ RunTime:0.001000s ]
INFO: [ template_filter ] --END-- [ RunTime:0.001000s ]
INFO: Run Behavior\ParseTemplateBehavior [ RunTime:0.011001s ]
INFO: [ view_parse ] --END-- [ RunTime:0.011001s ]
INFO: [ view_filter ] --START--
INFO: Run Behavior\WriteHtmlCacheBehavior [ RunTime:0.001000s ]
INFO: [ view_filter ] --END-- [ RunTime:0.001000s ]
INFO: [ app_end ] --START--
INFO: Run Behavior\ShowPageTraceBehavior [ RunTime:0.001000s ]
INFO: [ app_end ] --END-- [ RunTime:0.001000s ]

[ 2017-08-08T12:32:36+08:00 ] ::1 /wepay/index.php/Pay/index.html
INFO: [ app_init ] --START--
INFO: Run Behavior\BuildLiteBehavior [ RunTime:0.000000s ]
INFO: [ app_init ] --END-- [ RunTime:0.000000s ]
INFO: [ app_begin ] --START--
INFO: Run Behavior\ReadHtmlCacheBehavior [ RunTime:0.000000s ]
INFO: [ app_begin ] --END-- [ RunTime:0.000000s ]
SQL: SHOW COLUMNS FROM `we_user_info` [ RunTime:0.0070s ]
NOTIC: [2048] Declaration of Home\Model\BetModel::page() should be compatible with Think\Model::page($page, $listRows = NULL) F:\phpStudy\WWW\wepay\App\Home\Model\BetModel.class.php 第 112 行.
SQL: SHOW COLUMNS FROM `we_bet` [ RunTime:0.0080s ]
SQL: SELECT a.*,b.name FROM we_bet a INNER JOIN we_product as b on a.gid=b.id   [ RunTime:0.0010s ]
INFO: [ view_parse ] --START--
INFO: [ template_filter ] --START--
INFO: Run Behavior\ContentReplaceBehavior [ RunTime:0.000000s ]
INFO: [ template_filter ] --END-- [ RunTime:0.000000s ]
INFO: Run Behavior\ParseTemplateBehavior [ RunTime:0.013000s ]
INFO: [ view_parse ] --END-- [ RunTime:0.013000s ]
INFO: [ view_filter ] --START--
INFO: Run Behavior\WriteHtmlCacheBehavior [ RunTime:0.000000s ]
INFO: [ view_filter ] --END-- [ RunTime:0.001000s ]
INFO: [ app_end ] --START--
INFO: Run Behavior\ShowPageTraceBehavior [ RunTime:0.001000s ]
INFO: [ app_end ] --END-- [ RunTime:0.001000s ]

[ 2017-08-08T12:32:44+08:00 ] ::1 /wepay/index.php/Pay/index.html
INFO: [ app_init ] --START--
INFO: Run Behavior\BuildLiteBehavior [ RunTime:0.000000s ]
INFO: [ app_init ] --END-- [ RunTime:0.000000s ]
INFO: [ app_begin ] --START--
INFO: Run Behavior\ReadHtmlCacheBehavior [ RunTime:0.001000s ]
INFO: [ app_begin ] --END-- [ RunTime:0.001000s ]
SQL: SHOW COLUMNS FROM `we_user_info` [ RunTime:0.0050s ]
NOTIC: [2048] Declaration of Home\Model\BetModel::page() should be compatible with Think\Model::page($page, $listRows = NULL) F:\phpStudy\WWW\wepay\App\Home\Model\BetModel.class.php 第 112 行.
SQL: SHOW COLUMNS FROM `we_bet` [ RunTime:0.0040s ]
SQL: SELECT a.*,b.name FROM we_bet a INNER JOIN we_product as b on a.gid=b.id   [ RunTime:0.0000s ]
INFO: [ view_parse ] --START--
INFO: [ template_filter ] --START--
INFO: Run Behavior\ContentReplaceBehavior [ RunTime:0.000000s ]
INFO: [ template_filter ] --END-- [ RunTime:0.000000s ]
INFO: Run Behavior\ParseTemplateBehavior [ RunTime:0.011000s ]
INFO: [ view_parse ] --END-- [ RunTime:0.012000s ]
INFO: [ view_filter ] --START--
INFO: Run Behavior\WriteHtmlCacheBehavior [ RunTime:0.000000s ]
INFO: [ view_filter ] --END-- [ RunTime:0.000000s ]
INFO: [ app_end ] --START--
INFO: Run Behavior\ShowPageTraceBehavior [ RunTime:0.002000s ]
INFO: [ app_end ] --END-- [ RunTime:0.002000s ]

[ 2017-08-08T12:32:49+08:00 ] ::1 /wepay/index.php/Pay/index.html
INFO: [ app_init ] --START--
INFO: Run Behavior\BuildLiteBehavior [ RunTime:0.000000s ]
INFO: [ app_init ] --END-- [ RunTime:0.000000s ]
INFO: [ app_begin ] --START--
INFO: Run Behavior\ReadHtmlCacheBehavior [ RunTime:0.000000s ]
INFO: [ app_begin ] --END-- [ RunTime:0.001000s ]
SQL: SHOW COLUMNS FROM `we_user_info` [ RunTime:0.0090s ]
NOTIC: [2048] Declaration of Home\Model\BetModel::page() should be compatible with Think\Model::page($page, $listRows = NULL) F:\phpStudy\WWW\wepay\App\Home\Model\BetModel.class.php 第 112 行.
SQL: SHOW COLUMNS FROM `we_bet` [ RunTime:0.0080s ]
SQL: SELECT a.*,b.name FROM we_bet a INNER JOIN we_product as b on a.gid=b.id   [ RunTime:0.0020s ]
INFO: [ view_parse ] --START--
INFO: [ template_filter ] --START--
INFO: Run Behavior\ContentReplaceBehavior [ RunTime:0.000000s ]
INFO: [ template_filter ] --END-- [ RunTime:0.000000s ]
INFO: Run Behavior\ParseTemplateBehavior [ RunTime:0.016001s ]
INFO: [ view_parse ] --END-- [ RunTime:0.016001s ]
INFO: [ view_filter ] --START--
INFO: Run Behavior\WriteHtmlCacheBehavior [ RunTime:0.000000s ]
INFO: [ view_filter ] --END-- [ RunTime:0.000000s ]
INFO: [ app_end ] --START--
INFO: Run Behavior\ShowPageTraceBehavior [ RunTime:0.001000s ]
INFO: [ app_end ] --END-- [ RunTime:0.001000s ]

[ 2017-08-08T12:32:51+08:00 ] ::1 /wepay/index.php/User/index.html
INFO: [ app_init ] --START--
INFO: Run Behavior\BuildLiteBehavior [ RunTime:0.000000s ]
INFO: [ app_init ] --END-- [ RunTime:0.000000s ]
INFO: [ app_begin ] --START--
INFO: Run Behavior\ReadHtmlCacheBehavior [ RunTime:0.000000s ]
INFO: [ app_begin ] --END-- [ RunTime:0.000000s ]
SQL: SHOW COLUMNS FROM `we_user` [ RunTime:0.0030s ]
SQL: SELECT * FROM we_user a INNER JOIN we_user_info as b on a.id = b.uid  WHERE a.id = '20' LIMIT 1   [ RunTime:0.0010s ]
INFO: [ view_parse ] --START--
INFO: [ template_filter ] --START--
INFO: Run Behavior\ContentReplaceBehavior [ RunTime:0.001000s ]
INFO: [ template_filter ] --END-- [ RunTime:0.001000s ]
INFO: Run Behavior\ParseTemplateBehavior [ RunTime:0.011000s ]
INFO: [ view_parse ] --END-- [ RunTime:0.011000s ]
INFO: [ view_filter ] --START--
INFO: Run Behavior\WriteHtmlCacheBehavior [ RunTime:0.000000s ]
INFO: [ view_filter ] --END-- [ RunTime:0.001000s ]
INFO: [ app_end ] --START--
INFO: Run Behavior\ShowPageTraceBehavior [ RunTime:0.001000s ]
INFO: [ app_end ] --END-- [ RunTime:0.001000s ]

[ 2017-08-08T12:32:54+08:00 ] ::1 /wepay/index.php/Index/index.html
INFO: [ app_init ] --START--
INFO: Run Behavior\BuildLiteBehavior [ RunTime:0.000000s ]
INFO: [ app_init ] --END-- [ RunTime:0.001000s ]
INFO: [ app_begin ] --START--
INFO: Run Behavior\ReadHtmlCacheBehavior [ RunTime:0.001000s ]
INFO: [ app_begin ] --END-- [ RunTime:0.001000s ]
NOTIC: [2048] Declaration of Home\Controller\IndexController::get() should be compatible with Think\Controller::get($name = '') F:\phpStudy\WWW\wepay\App\Home\Controller\IndexController.class.php 第 5 行.
NOTIC: [2048] Declaration of Home\Model\ProductModel::page() should be compatible with Think\Model::page($page, $listRows = NULL) F:\phpStudy\WWW\wepay\App\Home\Model\ProductModel.class.php 第 5 行.
SQL: SHOW COLUMNS FROM `we_product` [ RunTime:0.0100s ]
NOTIC: [8] Undefined variable: where F:\phpStudy\WWW\wepay\App\Home\Model\ProductModel.class.php 第 18 行.
SQL: SELECT COUNT(*) AS tp_count FROM `we_product` LIMIT 1   [ RunTime:0.0000s ]
NOTIC: [8] Undefined variable: where F:\phpStudy\WWW\wepay\App\Home\Model\ProductModel.class.php 第 32 行.
SQL: SELECT * FROM `we_product` ORDER BY id desc LIMIT 0,10   [ RunTime:0.0000s ]
INFO: [ view_parse ] --START--
INFO: [ template_filter ] --START--
INFO: Run Behavior\ContentReplaceBehavior [ RunTime:0.000000s ]
INFO: [ template_filter ] --END-- [ RunTime:0.000000s ]
INFO: Run Behavior\ParseTemplateBehavior [ RunTime:0.015001s ]
INFO: [ view_parse ] --END-- [ RunTime:0.015001s ]
INFO: [ view_filter ] --START--
INFO: Run Behavior\WriteHtmlCacheBehavior [ RunTime:0.001000s ]
INFO: [ view_filter ] --END-- [ RunTime:0.001000s ]
INFO: [ app_end ] --START--
INFO: Run Behavior\ShowPageTraceBehavior [ RunTime:0.001000s ]
INFO: [ app_end ] --END-- [ RunTime:0.001000s ]

[ 2017-08-08T12:33:06+08:00 ] ::1 /wepay/index.php/Index/detail/id/29
INFO: [ app_init ] --START--
INFO: Run Behavior\BuildLiteBehavior [ RunTime:0.000000s ]
INFO: [ app_init ] --END-- [ RunTime:0.000000s ]
INFO: [ app_begin ] --START--
INFO: Run Behavior\ReadHtmlCacheBehavior [ RunTime:0.001000s ]
INFO: [ app_begin ] --END-- [ RunTime:0.001000s ]
NOTIC: [2048] Declaration of Home\Controller\IndexController::get() should be compatible with Think\Controller::get($name = '') F:\phpStudy\WWW\wepay\App\Home\Controller\IndexController.class.php 第 5 行.
NOTIC: [2048] Declaration of Home\Model\ProductModel::page() should be compatible with Think\Model::page($page, $listRows = NULL) F:\phpStudy\WWW\wepay\App\Home\Model\ProductModel.class.php 第 5 行.
SQL: SHOW COLUMNS FROM `we_product` [ RunTime:0.0090s ]
SQL: SELECT * FROM `we_product` WHERE `id` = 29 LIMIT 1   [ RunTime:0.0010s ]
NOTIC: [2048] Declaration of Home\Model\BetModel::page() should be compatible with Think\Model::page($page, $listRows = NULL) F:\phpStudy\WWW\wepay\App\Home\Model\BetModel.class.php 第 112 行.
SQL: SHOW COLUMNS FROM `we_bet` [ RunTime:0.0080s ]
SQL: SELECT * FROM `we_bet` WHERE `gid` = 29 LIMIT 1   [ RunTime:0.0010s ]
INFO: [ view_parse ] --START--
INFO: [ template_filter ] --START--
INFO: Run Behavior\ContentReplaceBehavior [ RunTime:0.000000s ]
INFO: [ template_filter ] --END-- [ RunTime:0.000000s ]
INFO: Run Behavior\ParseTemplateBehavior [ RunTime:0.013001s ]
INFO: [ view_parse ] --END-- [ RunTime:0.013001s ]
INFO: [ view_filter ] --START--
INFO: Run Behavior\WriteHtmlCacheBehavior [ RunTime:0.001000s ]
INFO: [ view_filter ] --END-- [ RunTime:0.001000s ]
INFO: [ app_end ] --START--
INFO: Run Behavior\ShowPageTraceBehavior [ RunTime:0.001000s ]
INFO: [ app_end ] --END-- [ RunTime:0.001000s ]

[ 2017-08-08T12:34:15+08:00 ] ::1 /wepay/index.php/Index/detail/id/29
INFO: [ app_init ] --START--
INFO: Run Behavior\BuildLiteBehavior [ RunTime:0.000000s ]
INFO: [ app_init ] --END-- [ RunTime:0.000000s ]
INFO: [ app_begin ] --START--
INFO: Run Behavior\ReadHtmlCacheBehavior [ RunTime:0.001000s ]
INFO: [ app_begin ] --END-- [ RunTime:0.001000s ]
NOTIC: [2048] Declaration of Home\Controller\IndexController::get() should be compatible with Think\Controller::get($name = '') F:\phpStudy\WWW\wepay\App\Home\Controller\IndexController.class.php 第 5 行.
NOTIC: [2048] Declaration of Home\Model\ProductModel::page() should be compatible with Think\Model::page($page, $listRows = NULL) F:\phpStudy\WWW\wepay\App\Home\Model\ProductModel.class.php 第 5 行.
SQL: SHOW COLUMNS FROM `we_product` [ RunTime:0.0100s ]
SQL: SELECT * FROM `we_product` WHERE `id` = 29 LIMIT 1   [ RunTime:0.0010s ]
NOTIC: [2048] Declaration of Home\Model\BetModel::page() should be compatible with Think\Model::page($page, $listRows = NULL) F:\phpStudy\WWW\wepay\App\Home\Model\BetModel.class.php 第 112 行.
SQL: SHOW COLUMNS FROM `we_bet` [ RunTime:0.0090s ]
SQL: SELECT * FROM `we_bet` WHERE `gid` = 29 LIMIT 1   [ RunTime:0.0010s ]
INFO: [ view_parse ] --START--
INFO: [ template_filter ] --START--
INFO: Run Behavior\ContentReplaceBehavior [ RunTime:0.001000s ]
INFO: [ template_filter ] --END-- [ RunTime:0.001000s ]
INFO: Run Behavior\ParseTemplateBehavior [ RunTime:0.013000s ]
INFO: [ view_parse ] --END-- [ RunTime:0.013000s ]
INFO: [ view_filter ] --START--
INFO: Run Behavior\WriteHtmlCacheBehavior [ RunTime:0.001000s ]
INFO: [ view_filter ] --END-- [ RunTime:0.001000s ]
INFO: [ app_end ] --START--
INFO: Run Behavior\ShowPageTraceBehavior [ RunTime:0.001000s ]
INFO: [ app_end ] --END-- [ RunTime:0.001000s ]

[ 2017-08-08T12:35:11+08:00 ] ::1 /wepay/index.php/Index/index.html
INFO: [ app_init ] --START--
INFO: Run Behavior\BuildLiteBehavior [ RunTime:0.000000s ]
INFO: [ app_init ] --END-- [ RunTime:0.000000s ]
INFO: [ app_begin ] --START--
INFO: Run Behavior\ReadHtmlCacheBehavior [ RunTime:0.001000s ]
INFO: [ app_begin ] --END-- [ RunTime:0.001000s ]
NOTIC: [2048] Declaration of Home\Controller\IndexController::get() should be compatible with Think\Controller::get($name = '') F:\phpStudy\WWW\wepay\App\Home\Controller\IndexController.class.php 第 5 行.
NOTIC: [2048] Declaration of Home\Model\ProductModel::page() should be compatible with Think\Model::page($page, $listRows = NULL) F:\phpStudy\WWW\wepay\App\Home\Model\ProductModel.class.php 第 5 行.
SQL: SHOW COLUMNS FROM `we_product` [ RunTime:0.0090s ]
NOTIC: [8] Undefined variable: where F:\phpStudy\WWW\wepay\App\Home\Model\ProductModel.class.php 第 18 行.
SQL: SELECT COUNT(*) AS tp_count FROM `we_product` LIMIT 1   [ RunTime:0.0010s ]
NOTIC: [8] Undefined variable: where F:\phpStudy\WWW\wepay\App\Home\Model\ProductModel.class.php 第 32 行.
SQL: SELECT * FROM `we_product` ORDER BY id desc LIMIT 0,10   [ RunTime:0.0010s ]
INFO: [ view_parse ] --START--
INFO: [ template_filter ] --START--
INFO: Run Behavior\ContentReplaceBehavior [ RunTime:0.000000s ]
INFO: [ template_filter ] --END-- [ RunTime:0.000000s ]
INFO: Run Behavior\ParseTemplateBehavior [ RunTime:0.013000s ]
INFO: [ view_parse ] --END-- [ RunTime:0.013000s ]
INFO: [ view_filter ] --START--
INFO: Run Behavior\WriteHtmlCacheBehavior [ RunTime:0.000000s ]
INFO: [ view_filter ] --END-- [ RunTime:0.000000s ]
INFO: [ app_end ] --START--
INFO: Run Behavior\ShowPageTraceBehavior [ RunTime:0.001000s ]
INFO: [ app_end ] --END-- [ RunTime:0.001000s ]

[ 2017-08-08T12:35:13+08:00 ] ::1 /wepay/index.php/Index/detail/id/1
INFO: [ app_init ] --START--
INFO: Run Behavior\BuildLiteBehavior [ RunTime:0.000000s ]
INFO: [ app_init ] --END-- [ RunTime:0.001000s ]
INFO: [ app_begin ] --START--
INFO: Run Behavior\ReadHtmlCacheBehavior [ RunTime:0.001000s ]
INFO: [ app_begin ] --END-- [ RunTime:0.001000s ]
NOTIC: [2048] Declaration of Home\Controller\IndexController::get() should be compatible with Think\Controller::get($name = '') F:\phpStudy\WWW\wepay\App\Home\Controller\IndexController.class.php 第 5 行.
NOTIC: [2048] Declaration of Home\Model\ProductModel::page() should be compatible with Think\Model::page($page, $listRows = NULL) F:\phpStudy\WWW\wepay\App\Home\Model\ProductModel.class.php 第 5 行.
SQL: SHOW COLUMNS FROM `we_product` [ RunTime:0.0040s ]
SQL: SELECT * FROM `we_product` WHERE `id` = 1 LIMIT 1   [ RunTime:0.0010s ]
NOTIC: [2048] Declaration of Home\Model\BetModel::page() should be compatible with Think\Model::page($page, $listRows = NULL) F:\phpStudy\WWW\wepay\App\Home\Model\BetModel.class.php 第 112 行.
SQL: SHOW COLUMNS FROM `we_bet` [ RunTime:0.0040s ]
SQL: SELECT * FROM `we_bet` WHERE `gid` = 1 LIMIT 1   [ RunTime:0.0000s ]
INFO: [ view_parse ] --START--
INFO: [ template_filter ] --START--
INFO: Run Behavior\ContentReplaceBehavior [ RunTime:0.000000s ]
INFO: [ template_filter ] --END-- [ RunTime:0.000000s ]
INFO: Run Behavior\ParseTemplateBehavior [ RunTime:0.009001s ]
INFO: [ view_parse ] --END-- [ RunTime:0.009001s ]
INFO: [ view_filter ] --START--
INFO: Run Behavior\WriteHtmlCacheBehavior [ RunTime:0.001000s ]
INFO: [ view_filter ] --END-- [ RunTime:0.001000s ]
INFO: [ app_end ] --START--
INFO: Run Behavior\ShowPageTraceBehavior [ RunTime:0.001000s ]
INFO: [ app_end ] --END-- [ RunTime:0.001000s ]

[ 2017-08-08T12:35:34+08:00 ] ::1 /wepay/index.php/Pay/bet
INFO: [ app_init ] --START--
INFO: Run Behavior\BuildLiteBehavior [ RunTime:0.000000s ]
INFO: [ app_init ] --END-- [ RunTime:0.001000s ]
INFO: [ app_begin ] --START--
INFO: Run Behavior\ReadHtmlCacheBehavior [ RunTime:0.001000s ]
INFO: [ app_begin ] --END-- [ RunTime:0.001000s ]
SQL: SHOW COLUMNS FROM `we_user_info` [ RunTime:0.0090s ]
NOTIC: [2048] Declaration of Home\Model\BetModel::page() should be compatible with Think\Model::page($page, $listRows = NULL) F:\phpStudy\WWW\wepay\App\Home\Model\BetModel.class.php 第 112 行.
SQL: SHOW COLUMNS FROM `we_bet` [ RunTime:0.0090s ]
SQL: SELECT `money` FROM `we_user_info` WHERE `uid` = 20 LIMIT 1   [ RunTime:0.0000s ]
NOTIC: [8] Undefined index: validate F:\phpStudy\WWW\wepay\ThinkPHP\Library\Think\Model.class.php 第 1185 行.
SQL: SELECT * FROM `we_bet` WHERE `gid` = 1 LIMIT 1   [ RunTime:0.0000s ]
NOTIC: [8] Undefined index: auto F:\phpStudy\WWW\wepay\ThinkPHP\Library\Think\Model.class.php 第 1128 行.
SQL: INSERT INTO `we_bet` (`gid`,`money`,`rate`,`type`,`add_time`,`uid`) VALUES ('1','500','6.7224','0','1502166934','20') [ RunTime:0.0260s ]
SQL: UPDATE `we_user_info` SET `money`='4740' WHERE `uid` = 20 [ RunTime:0.0130s ]
SQL: SHOW COLUMNS FROM `we_product` [ RunTime:0.0080s ]
SQL: SELECT `pay_num` FROM `we_product` WHERE `id` = 1 LIMIT 1   [ RunTime:0.0000s ]
SQL: UPDATE `we_product` SET `pay_money`='500',`pay_num`='1' WHERE `id` = 1 [ RunTime:0.0110s ]

[ 2017-08-08T12:35:40+08:00 ] ::1 /wepay/index.php/Index/detail/id/1
INFO: [ app_init ] --START--
INFO: Run Behavior\BuildLiteBehavior [ RunTime:0.000000s ]
INFO: [ app_init ] --END-- [ RunTime:0.001000s ]
INFO: [ app_begin ] --START--
INFO: Run Behavior\ReadHtmlCacheBehavior [ RunTime:0.000000s ]
INFO: [ app_begin ] --END-- [ RunTime:0.000000s ]
NOTIC: [2048] Declaration of Home\Controller\IndexController::get() should be compatible with Think\Controller::get($name = '') F:\phpStudy\WWW\wepay\App\Home\Controller\IndexController.class.php 第 5 行.
NOTIC: [2048] Declaration of Home\Model\ProductModel::page() should be compatible with Think\Model::page($page, $listRows = NULL) F:\phpStudy\WWW\wepay\App\Home\Model\ProductModel.class.php 第 5 行.
SQL: SHOW COLUMNS FROM `we_product` [ RunTime:0.0080s ]
SQL: SELECT * FROM `we_product` WHERE `id` = 1 LIMIT 1   [ RunTime:0.0010s ]
NOTIC: [2048] Declaration of Home\Model\BetModel::page() should be compatible with Think\Model::page($page, $listRows = NULL) F:\phpStudy\WWW\wepay\App\Home\Model\BetModel.class.php 第 112 行.
SQL: SHOW COLUMNS FROM `we_bet` [ RunTime:0.0080s ]
SQL: SELECT * FROM `we_bet` WHERE `gid` = 1 LIMIT 1   [ RunTime:0.0010s ]
INFO: [ view_parse ] --START--
INFO: [ template_filter ] --START--
INFO: Run Behavior\ContentReplaceBehavior [ RunTime:0.000000s ]
INFO: [ template_filter ] --END-- [ RunTime:0.000000s ]
INFO: Run Behavior\ParseTemplateBehavior [ RunTime:0.014001s ]
INFO: [ view_parse ] --END-- [ RunTime:0.014001s ]
INFO: [ view_filter ] --START--
INFO: Run Behavior\WriteHtmlCacheBehavior [ RunTime:0.000000s ]
INFO: [ view_filter ] --END-- [ RunTime:0.000000s ]
INFO: [ app_end ] --START--
INFO: Run Behavior\ShowPageTraceBehavior [ RunTime:0.001000s ]
INFO: [ app_end ] --END-- [ RunTime:0.001000s ]

[ 2017-08-08T12:35:44+08:00 ] ::1 /wepay/index.php/Index/index.html
INFO: [ app_init ] --START--
INFO: Run Behavior\BuildLiteBehavior [ RunTime:0.000000s ]
INFO: [ app_init ] --END-- [ RunTime:0.000000s ]
INFO: [ app_begin ] --START--
INFO: Run Behavior\ReadHtmlCacheBehavior [ RunTime:0.001000s ]
INFO: [ app_begin ] --END-- [ RunTime:0.001000s ]
NOTIC: [2048] Declaration of Home\Controller\IndexController::get() should be compatible with Think\Controller::get($name = '') F:\phpStudy\WWW\wepay\App\Home\Controller\IndexController.class.php 第 5 行.
NOTIC: [2048] Declaration of Home\Model\ProductModel::page() should be compatible with Think\Model::page($page, $listRows = NULL) F:\phpStudy\WWW\wepay\App\Home\Model\ProductModel.class.php 第 5 行.
SQL: SHOW COLUMNS FROM `we_product` [ RunTime:0.0120s ]
NOTIC: [8] Undefined variable: where F:\phpStudy\WWW\wepay\App\Home\Model\ProductModel.class.php 第 18 行.
SQL: SELECT COUNT(*) AS tp_count FROM `we_product` LIMIT 1   [ RunTime:0.0010s ]
NOTIC: [8] Undefined variable: where F:\phpStudy\WWW\wepay\App\Home\Model\ProductModel.class.php 第 32 行.
SQL: SELECT * FROM `we_product` ORDER BY id desc LIMIT 0,10   [ RunTime:0.0000s ]
INFO: [ view_parse ] --START--
INFO: [ template_filter ] --START--
INFO: Run Behavior\ContentReplaceBehavior [ RunTime:0.001000s ]
INFO: [ template_filter ] --END-- [ RunTime:0.001000s ]
INFO: Run Behavior\ParseTemplateBehavior [ RunTime:0.019001s ]
INFO: [ view_parse ] --END-- [ RunTime:0.019001s ]
INFO: [ view_filter ] --START--
INFO: Run Behavior\WriteHtmlCacheBehavior [ RunTime:0.000000s ]
INFO: [ view_filter ] --END-- [ RunTime:0.001000s ]
INFO: [ app_end ] --START--
INFO: Run Behavior\ShowPageTraceBehavior [ RunTime:0.000000s ]
INFO: [ app_end ] --END-- [ RunTime:0.000000s ]

[ 2017-08-08T12:37:37+08:00 ] ::1 /wepay/index.php/Pay/index.html
INFO: [ app_init ] --START--
INFO: Run Behavior\BuildLiteBehavior [ RunTime:0.000000s ]
INFO: [ app_init ] --END-- [ RunTime:0.001000s ]
INFO: [ app_begin ] --START--
INFO: Run Behavior\ReadHtmlCacheBehavior [ RunTime:0.000000s ]
INFO: [ app_begin ] --END-- [ RunTime:0.000000s ]
SQL: SHOW COLUMNS FROM `we_user_info` [ RunTime:0.0080s ]
NOTIC: [2048] Declaration of Home\Model\BetModel::page() should be compatible with Think\Model::page($page, $listRows = NULL) F:\phpStudy\WWW\wepay\App\Home\Model\BetModel.class.php 第 112 行.
SQL: SHOW COLUMNS FROM `we_bet` [ RunTime:0.0090s ]
SQL: SELECT a.*,b.name FROM we_bet a INNER JOIN we_product as b on a.gid=b.id   [ RunTime:0.0010s ]
INFO: [ view_parse ] --START--
INFO: [ template_filter ] --START--
INFO: Run Behavior\ContentReplaceBehavior [ RunTime:0.000000s ]
INFO: [ template_filter ] --END-- [ RunTime:0.001000s ]
INFO: Run Behavior\ParseTemplateBehavior [ RunTime:0.021001s ]
INFO: [ view_parse ] --END-- [ RunTime:0.021001s ]
INFO: [ view_filter ] --START--
INFO: Run Behavior\WriteHtmlCacheBehavior [ RunTime:0.000000s ]
INFO: [ view_filter ] --END-- [ RunTime:0.000000s ]
INFO: [ app_end ] --START--
INFO: Run Behavior\ShowPageTraceBehavior [ RunTime:0.001000s ]
INFO: [ app_end ] --END-- [ RunTime:0.001000s ]

[ 2017-08-08T12:37:41+08:00 ] ::1 /wepay/index.php/User/index.html
INFO: [ app_init ] --START--
INFO: Run Behavior\BuildLiteBehavior [ RunTime:0.000000s ]
INFO: [ app_init ] --END-- [ RunTime:0.001000s ]
INFO: [ app_begin ] --START--
INFO: Run Behavior\ReadHtmlCacheBehavior [ RunTime:0.001000s ]
INFO: [ app_begin ] --END-- [ RunTime:0.001000s ]
SQL: SHOW COLUMNS FROM `we_user` [ RunTime:0.0080s ]
SQL: SELECT * FROM we_user a INNER JOIN we_user_info as b on a.id = b.uid  WHERE a.id = '20' LIMIT 1   [ RunTime:0.0010s ]
INFO: [ view_parse ] --START--
INFO: [ template_filter ] --START--
INFO: Run Behavior\ContentReplaceBehavior [ RunTime:0.000000s ]
INFO: [ template_filter ] --END-- [ RunTime:0.000000s ]
INFO: Run Behavior\ParseTemplateBehavior [ RunTime:0.011001s ]
INFO: [ view_parse ] --END-- [ RunTime:0.011001s ]
INFO: [ view_filter ] --START--
INFO: Run Behavior\WriteHtmlCacheBehavior [ RunTime:0.000000s ]
INFO: [ view_filter ] --END-- [ RunTime:0.000000s ]
INFO: [ app_end ] --START--
INFO: Run Behavior\ShowPageTraceBehavior [ RunTime:0.000000s ]
INFO: [ app_end ] --END-- [ RunTime:0.000000s ]

[ 2017-08-08T12:37:44+08:00 ] ::1 /wepay/index.php/Index/index.html
INFO: [ app_init ] --START--
INFO: Run Behavior\BuildLiteBehavior [ RunTime:0.000000s ]
INFO: [ app_init ] --END-- [ RunTime:0.000000s ]
INFO: [ app_begin ] --START--
INFO: Run Behavior\ReadHtmlCacheBehavior [ RunTime:0.000000s ]
INFO: [ app_begin ] --END-- [ RunTime:0.001000s ]
NOTIC: [2048] Declaration of Home\Controller\IndexController::get() should be compatible with Think\Controller::get($name = '') F:\phpStudy\WWW\wepay\App\Home\Controller\IndexController.class.php 第 5 行.
NOTIC: [2048] Declaration of Home\Model\ProductModel::page() should be compatible with Think\Model::page($page, $listRows = NULL) F:\phpStudy\WWW\wepay\App\Home\Model\ProductModel.class.php 第 5 行.
SQL: SHOW COLUMNS FROM `we_product` [ RunTime:0.0050s ]
NOTIC: [8] Undefined variable: where F:\phpStudy\WWW\wepay\App\Home\Model\ProductModel.class.php 第 18 行.
SQL: SELECT COUNT(*) AS tp_count FROM `we_product` LIMIT 1   [ RunTime:0.0010s ]
NOTIC: [8] Undefined variable: where F:\phpStudy\WWW\wepay\App\Home\Model\ProductModel.class.php 第 32 行.
SQL: SELECT * FROM `we_product` ORDER BY id desc LIMIT 0,10   [ RunTime:0.0010s ]
INFO: [ view_parse ] --START--
INFO: [ template_filter ] --START--
INFO: Run Behavior\ContentReplaceBehavior [ RunTime:0.000000s ]
INFO: [ template_filter ] --END-- [ RunTime:0.000000s ]
INFO: Run Behavior\ParseTemplateBehavior [ RunTime:0.012000s ]
INFO: [ view_parse ] --END-- [ RunTime:0.012000s ]
INFO: [ view_filter ] --START--
INFO: Run Behavior\WriteHtmlCacheBehavior [ RunTime:0.001000s ]
INFO: [ view_filter ] --END-- [ RunTime:0.001000s ]
INFO: [ app_end ] --START--
INFO: Run Behavior\ShowPageTraceBehavior [ RunTime:0.001000s ]
INFO: [ app_end ] --END-- [ RunTime:0.001000s ]

[ 2017-08-08T12:37:52+08:00 ] ::1 /wepay/index.php/Index/detail/id/29
INFO: [ app_init ] --START--
INFO: Run Behavior\BuildLiteBehavior [ RunTime:0.000000s ]
INFO: [ app_init ] --END-- [ RunTime:0.000000s ]
INFO: [ app_begin ] --START--
INFO: Run Behavior\ReadHtmlCacheBehavior [ RunTime:0.000000s ]
INFO: [ app_begin ] --END-- [ RunTime:0.001000s ]
NOTIC: [2048] Declaration of Home\Controller\IndexController::get() should be compatible with Think\Controller::get($name = '') F:\phpStudy\WWW\wepay\App\Home\Controller\IndexController.class.php 第 5 行.
NOTIC: [2048] Declaration of Home\Model\ProductModel::page() should be compatible with Think\Model::page($page, $listRows = NULL) F:\phpStudy\WWW\wepay\App\Home\Model\ProductModel.class.php 第 5 行.
SQL: SHOW COLUMNS FROM `we_product` [ RunTime:0.0080s ]
SQL: SELECT * FROM `we_product` WHERE `id` = 29 LIMIT 1   [ RunTime:0.0010s ]
NOTIC: [2048] Declaration of Home\Model\BetModel::page() should be compatible with Think\Model::page($page, $listRows = NULL) F:\phpStudy\WWW\wepay\App\Home\Model\BetModel.class.php 第 112 行.
SQL: SHOW COLUMNS FROM `we_bet` [ RunTime:0.0080s ]
SQL: SELECT * FROM `we_bet` WHERE `gid` = 29 LIMIT 1   [ RunTime:0.0010s ]
INFO: [ view_parse ] --START--
INFO: [ template_filter ] --START--
INFO: Run Behavior\ContentReplaceBehavior [ RunTime:0.000000s ]
INFO: [ template_filter ] --END-- [ RunTime:0.000000s ]
INFO: Run Behavior\ParseTemplateBehavior [ RunTime:0.020001s ]
INFO: [ view_parse ] --END-- [ RunTime:0.020001s ]
INFO: [ view_filter ] --START--
INFO: Run Behavior\WriteHtmlCacheBehavior [ RunTime:0.001000s ]
INFO: [ view_filter ] --END-- [ RunTime:0.001000s ]
INFO: [ app_end ] --START--
INFO: Run Behavior\ShowPageTraceBehavior [ RunTime:0.001000s ]
INFO: [ app_end ] --END-- [ RunTime:0.001000s ]

[ 2017-08-08T12:38:24+08:00 ] ::1 /wepay/index.php/Index/detail/id/29
INFO: [ app_init ] --START--
INFO: Run Behavior\BuildLiteBehavior [ RunTime:0.000000s ]
INFO: [ app_init ] --END-- [ RunTime:0.000000s ]
INFO: [ app_begin ] --START--
INFO: Run Behavior\ReadHtmlCacheBehavior [ RunTime:0.001000s ]
INFO: [ app_begin ] --END-- [ RunTime:0.001000s ]
NOTIC: [2048] Declaration of Home\Controller\IndexController::get() should be compatible with Think\Controller::get($name = '') F:\phpStudy\WWW\wepay\App\Home\Controller\IndexController.class.php 第 5 行.
NOTIC: [2048] Declaration of Home\Model\ProductModel::page() should be compatible with Think\Model::page($page, $listRows = NULL) F:\phpStudy\WWW\wepay\App\Home\Model\ProductModel.class.php 第 5 行.
SQL: SHOW COLUMNS FROM `we_product` [ RunTime:0.0040s ]
SQL: SELECT * FROM `we_product` WHERE `id` = 29 LIMIT 1   [ RunTime:0.0010s ]
NOTIC: [2048] Declaration of Home\Model\BetModel::page() should be compatible with Think\Model::page($page, $listRows = NULL) F:\phpStudy\WWW\wepay\App\Home\Model\BetModel.class.php 第 112 行.
SQL: SHOW COLUMNS FROM `we_bet` [ RunTime:0.0040s ]
SQL: SELECT * FROM `we_bet` WHERE `gid` = 29 LIMIT 1   [ RunTime:0.0010s ]
INFO: [ view_parse ] --START--
INFO: [ template_filter ] --START--
INFO: Run Behavior\ContentReplaceBehavior [ RunTime:0.000000s ]
INFO: [ template_filter ] --END-- [ RunTime:0.000000s ]
INFO: Run Behavior\ParseTemplateBehavior [ RunTime:0.010001s ]
INFO: [ view_parse ] --END-- [ RunTime:0.010001s ]
INFO: [ view_filter ] --START--
INFO: Run Behavior\WriteHtmlCacheBehavior [ RunTime:0.001000s ]
INFO: [ view_filter ] --END-- [ RunTime:0.001000s ]
INFO: [ app_end ] --START--
INFO: Run Behavior\ShowPageTraceBehavior [ RunTime:0.001000s ]
INFO: [ app_end ] --END-- [ RunTime:0.001000s ]

[ 2017-08-08T12:38:29+08:00 ] ::1 /wepay/index.php/Index/index.html
INFO: [ app_init ] --START--
INFO: Run Behavior\BuildLiteBehavior [ RunTime:0.000000s ]
INFO: [ app_init ] --END-- [ RunTime:0.000000s ]
INFO: [ app_begin ] --START--
INFO: Run Behavior\ReadHtmlCacheBehavior [ RunTime:0.000000s ]
INFO: [ app_begin ] --END-- [ RunTime:0.000000s ]
NOTIC: [2048] Declaration of Home\Controller\IndexController::get() should be compatible with Think\Controller::get($name = '') F:\phpStudy\WWW\wepay\App\Home\Controller\IndexController.class.php 第 5 行.
NOTIC: [2048] Declaration of Home\Model\ProductModel::page() should be compatible with Think\Model::page($page, $listRows = NULL) F:\phpStudy\WWW\wepay\App\Home\Model\ProductModel.class.php 第 5 行.
SQL: SHOW COLUMNS FROM `we_product` [ RunTime:0.0080s ]
NOTIC: [8] Undefined variable: where F:\phpStudy\WWW\wepay\App\Home\Model\ProductModel.class.php 第 18 行.
SQL: SELECT COUNT(*) AS tp_count FROM `we_product` LIMIT 1   [ RunTime:0.0000s ]
NOTIC: [8] Undefined variable: where F:\phpStudy\WWW\wepay\App\Home\Model\ProductModel.class.php 第 32 行.
SQL: SELECT * FROM `we_product` ORDER BY id desc LIMIT 0,10   [ RunTime:0.0010s ]
INFO: [ view_parse ] --START--
INFO: [ template_filter ] --START--
INFO: Run Behavior\ContentReplaceBehavior [ RunTime:0.001000s ]
INFO: [ template_filter ] --END-- [ RunTime:0.001000s ]
INFO: Run Behavior\ParseTemplateBehavior [ RunTime:0.019001s ]
INFO: [ view_parse ] --END-- [ RunTime:0.019001s ]
INFO: [ view_filter ] --START--
INFO: Run Behavior\WriteHtmlCacheBehavior [ RunTime:0.001000s ]
INFO: [ view_filter ] --END-- [ RunTime:0.001000s ]
INFO: [ app_end ] --START--
INFO: Run Behavior\ShowPageTraceBehavior [ RunTime:0.001000s ]
INFO: [ app_end ] --END-- [ RunTime:0.001000s ]

[ 2017-08-08T12:39:12+08:00 ] ::1 /wepay/index.php/Index/index.html
INFO: [ app_init ] --START--
INFO: Run Behavior\BuildLiteBehavior [ RunTime:0.000000s ]
INFO: [ app_init ] --END-- [ RunTime:0.000000s ]
INFO: [ app_begin ] --START--
INFO: Run Behavior\ReadHtmlCacheBehavior [ RunTime:0.001000s ]
INFO: [ app_begin ] --END-- [ RunTime:0.001000s ]
NOTIC: [2048] Declaration of Home\Controller\IndexController::get() should be compatible with Think\Controller::get($name = '') F:\phpStudy\WWW\wepay\App\Home\Controller\IndexController.class.php 第 5 行.
NOTIC: [2048] Declaration of Home\Model\ProductModel::page() should be compatible with Think\Model::page($page, $listRows = NULL) F:\phpStudy\WWW\wepay\App\Home\Model\ProductModel.class.php 第 5 行.
SQL: SHOW COLUMNS FROM `we_product` [ RunTime:0.0130s ]
NOTIC: [8] Undefined variable: where F:\phpStudy\WWW\wepay\App\Home\Model\ProductModel.class.php 第 18 行.
SQL: SELECT COUNT(*) AS tp_count FROM `we_product` LIMIT 1   [ RunTime:0.0000s ]
NOTIC: [8] Undefined variable: where F:\phpStudy\WWW\wepay\App\Home\Model\ProductModel.class.php 第 32 行.
SQL: SELECT * FROM `we_product` ORDER BY id desc LIMIT 0,10   [ RunTime:0.0010s ]
INFO: [ view_parse ] --START--
INFO: [ template_filter ] --START--
INFO: Run Behavior\ContentReplaceBehavior [ RunTime:0.000000s ]
INFO: [ template_filter ] --END-- [ RunTime:0.000000s ]
INFO: Run Behavior\ParseTemplateBehavior [ RunTime:0.011001s ]
INFO: [ view_parse ] --END-- [ RunTime:0.011001s ]
INFO: [ view_filter ] --START--
INFO: Run Behavior\WriteHtmlCacheBehavior [ RunTime:0.000000s ]
INFO: [ view_filter ] --END-- [ RunTime:0.000000s ]
INFO: [ app_end ] --START--
INFO: Run Behavior\ShowPageTraceBehavior [ RunTime:0.001000s ]
INFO: [ app_end ] --END-- [ RunTime:0.001000s ]

[ 2017-08-08T12:39:14+08:00 ] ::1 /wepay/index.php/Index/index.html
INFO: [ app_init ] --START--
INFO: Run Behavior\BuildLiteBehavior [ RunTime:0.000000s ]
INFO: [ app_init ] --END-- [ RunTime:0.000000s ]
INFO: [ app_begin ] --START--
INFO: Run Behavior\ReadHtmlCacheBehavior [ RunTime:0.001000s ]
INFO: [ app_begin ] --END-- [ RunTime:0.001000s ]
NOTIC: [2048] Declaration of Home\Controller\IndexController::get() should be compatible with Think\Controller::get($name = '') F:\phpStudy\WWW\wepay\App\Home\Controller\IndexController.class.php 第 5 行.
NOTIC: [2048] Declaration of Home\Model\ProductModel::page() should be compatible with Think\Model::page($page, $listRows = NULL) F:\phpStudy\WWW\wepay\App\Home\Model\ProductModel.class.php 第 5 行.
SQL: SHOW COLUMNS FROM `we_product` [ RunTime:0.0070s ]
NOTIC: [8] Undefined variable: where F:\phpStudy\WWW\wepay\App\Home\Model\ProductModel.class.php 第 18 行.
SQL: SELECT COUNT(*) AS tp_count FROM `we_product` LIMIT 1   [ RunTime:0.0000s ]
NOTIC: [8] Undefined variable: where F:\phpStudy\WWW\wepay\App\Home\Model\ProductModel.class.php 第 32 行.
SQL: SELECT * FROM `we_product` ORDER BY id desc LIMIT 0,10   [ RunTime:0.0010s ]
INFO: [ view_parse ] --START--
INFO: [ template_filter ] --START--
INFO: Run Behavior\ContentReplaceBehavior [ RunTime:0.000000s ]
INFO: [ template_filter ] --END-- [ RunTime:0.000000s ]
INFO: Run Behavior\ParseTemplateBehavior [ RunTime:0.019001s ]
INFO: [ view_parse ] --END-- [ RunTime:0.019001s ]
INFO: [ view_filter ] --START--
INFO: Run Behavior\WriteHtmlCacheBehavior [ RunTime:0.000000s ]
INFO: [ view_filter ] --END-- [ RunTime:0.000000s ]
INFO: [ app_end ] --START--
INFO: Run Behavior\ShowPageTraceBehavior [ RunTime:0.001000s ]
INFO: [ app_end ] --END-- [ RunTime:0.001000s ]

[ 2017-08-08T12:48:02+08:00 ] ::1 /wepay/index.php/Index/index.html
INFO: [ app_init ] --START--
INFO: Run Behavior\BuildLiteBehavior [ RunTime:0.000000s ]
INFO: [ app_init ] --END-- [ RunTime:0.001000s ]
INFO: [ app_begin ] --START--
INFO: Run Behavior\ReadHtmlCacheBehavior [ RunTime:0.000000s ]
INFO: [ app_begin ] --END-- [ RunTime:0.001000s ]
NOTIC: [2048] Declaration of Home\Controller\IndexController::get() should be compatible with Think\Controller::get($name = '') F:\phpStudy\WWW\wepay\App\Home\Controller\IndexController.class.php 第 5 行.
NOTIC: [2048] Declaration of Home\Model\ProductModel::page() should be compatible with Think\Model::page($page, $listRows = NULL) F:\phpStudy\WWW\wepay\App\Home\Model\ProductModel.class.php 第 5 行.
SQL: SHOW COLUMNS FROM `we_product` [ RunTime:0.0040s ]
NOTIC: [8] Undefined variable: where F:\phpStudy\WWW\wepay\App\Home\Model\ProductModel.class.php 第 18 行.
SQL: SELECT COUNT(*) AS tp_count FROM `we_product` LIMIT 1   [ RunTime:0.0000s ]
NOTIC: [8] Undefined variable: where F:\phpStudy\WWW\wepay\App\Home\Model\ProductModel.class.php 第 32 行.
SQL: SELECT * FROM `we_product` ORDER BY id desc LIMIT 0,10   [ RunTime:0.0000s ]
INFO: [ view_parse ] --START--
INFO: [ template_filter ] --START--
INFO: Run Behavior\ContentReplaceBehavior [ RunTime:0.000000s ]
INFO: [ template_filter ] --END-- [ RunTime:0.000000s ]
INFO: Run Behavior\ParseTemplateBehavior [ RunTime:0.009001s ]
INFO: [ view_parse ] --END-- [ RunTime:0.009001s ]
INFO: [ view_filter ] --START--
INFO: Run Behavior\WriteHtmlCacheBehavior [ RunTime:0.000000s ]
INFO: [ view_filter ] --END-- [ RunTime:0.000000s ]
INFO: [ app_end ] --START--
INFO: Run Behavior\ShowPageTraceBehavior [ RunTime:0.001000s ]
INFO: [ app_end ] --END-- [ RunTime:0.001000s ]

[ 2017-08-08T12:48:05+08:00 ] ::1 /wepay/index.php/User/index.html
INFO: [ app_init ] --START--
INFO: Run Behavior\BuildLiteBehavior [ RunTime:0.000000s ]
INFO: [ app_init ] --END-- [ RunTime:0.001000s ]
INFO: [ app_begin ] --START--
INFO: Run Behavior\ReadHtmlCacheBehavior [ RunTime:0.001000s ]
INFO: [ app_begin ] --END-- [ RunTime:0.001000s ]
SQL: SHOW COLUMNS FROM `we_user` [ RunTime:0.0050s ]
SQL: SELECT * FROM we_user a INNER JOIN we_user_info as b on a.id = b.uid  WHERE a.id = '20' LIMIT 1   [ RunTime:0.0000s ]
INFO: [ view_parse ] --START--
INFO: [ template_filter ] --START--
INFO: Run Behavior\ContentReplaceBehavior [ RunTime:0.000000s ]
INFO: [ template_filter ] --END-- [ RunTime:0.000000s ]
INFO: Run Behavior\ParseTemplateBehavior [ RunTime:0.009000s ]
INFO: [ view_parse ] --END-- [ RunTime:0.009000s ]
INFO: [ view_filter ] --START--
INFO: Run Behavior\WriteHtmlCacheBehavior [ RunTime:0.000000s ]
INFO: [ view_filter ] --END-- [ RunTime:0.001000s ]
INFO: [ app_end ] --START--
INFO: Run Behavior\ShowPageTraceBehavior [ RunTime:0.001000s ]
INFO: [ app_end ] --END-- [ RunTime:0.001000s ]

[ 2017-08-08T12:48:08+08:00 ] ::1 /wepay/index.php/User/index.html
INFO: [ app_init ] --START--
INFO: Run Behavior\BuildLiteBehavior [ RunTime:0.000000s ]
INFO: [ app_init ] --END-- [ RunTime:0.000000s ]
INFO: [ app_begin ] --START--
INFO: Run Behavior\ReadHtmlCacheBehavior [ RunTime:0.001001s ]
INFO: [ app_begin ] --END-- [ RunTime:0.001001s ]
SQL: SHOW COLUMNS FROM `we_user` [ RunTime:0.0050s ]
SQL: SELECT * FROM we_user a INNER JOIN we_user_info as b on a.id = b.uid  WHERE a.id = '20' LIMIT 1   [ RunTime:0.0000s ]
INFO: [ view_parse ] --START--
INFO: [ template_filter ] --START--
INFO: Run Behavior\ContentReplaceBehavior [ RunTime:0.000000s ]
INFO: [ template_filter ] --END-- [ RunTime:0.001000s ]
INFO: Run Behavior\ParseTemplateBehavior [ RunTime:0.009001s ]
INFO: [ view_parse ] --END-- [ RunTime:0.009001s ]
INFO: [ view_filter ] --START--
INFO: Run Behavior\WriteHtmlCacheBehavior [ RunTime:0.001000s ]
INFO: [ view_filter ] --END-- [ RunTime:0.001000s ]
INFO: [ app_end ] --START--
INFO: Run Behavior\ShowPageTraceBehavior [ RunTime:0.001000s ]
INFO: [ app_end ] --END-- [ RunTime:0.001000s ]

[ 2017-08-08T12:48:11+08:00 ] ::1 /wepay/index.php/User/intro
INFO: [ app_init ] --START--
INFO: Run Behavior\BuildLiteBehavior [ RunTime:0.000000s ]
INFO: [ app_init ] --END-- [ RunTime:0.000000s ]
INFO: [ app_begin ] --START--
INFO: Run Behavior\ReadHtmlCacheBehavior [ RunTime:0.000000s ]
INFO: [ app_begin ] --END-- [ RunTime:0.000000s ]
SQL: SHOW COLUMNS FROM `we_user` [ RunTime:0.0030s ]
INFO: [ view_parse ] --START--
INFO: [ template_filter ] --START--
INFO: Run Behavior\ContentReplaceBehavior [ RunTime:0.000000s ]
INFO: [ template_filter ] --END-- [ RunTime:0.000000s ]
INFO: Run Behavior\ParseTemplateBehavior [ RunTime:0.008000s ]
INFO: [ view_parse ] --END-- [ RunTime:0.008000s ]
INFO: [ view_filter ] --START--
INFO: Run Behavior\WriteHtmlCacheBehavior [ RunTime:0.001000s ]
INFO: [ view_filter ] --END-- [ RunTime:0.001000s ]
INFO: [ app_end ] --START--
INFO: Run Behavior\ShowPageTraceBehavior [ RunTime:0.001000s ]
INFO: [ app_end ] --END-- [ RunTime:0.001000s ]

[ 2017-08-08T12:48:15+08:00 ] ::1 /wepay/index.php/Index/index.html
INFO: [ app_init ] --START--
INFO: Run Behavior\BuildLiteBehavior [ RunTime:0.000000s ]
INFO: [ app_init ] --END-- [ RunTime:0.000000s ]
INFO: [ app_begin ] --START--
INFO: Run Behavior\ReadHtmlCacheBehavior [ RunTime:0.000000s ]
INFO: [ app_begin ] --END-- [ RunTime:0.000000s ]
NOTIC: [2048] Declaration of Home\Controller\IndexController::get() should be compatible with Think\Controller::get($name = '') F:\phpStudy\WWW\wepay\App\Home\Controller\IndexController.class.php 第 5 行.
NOTIC: [2048] Declaration of Home\Model\ProductModel::page() should be compatible with Think\Model::page($page, $listRows = NULL) F:\phpStudy\WWW\wepay\App\Home\Model\ProductModel.class.php 第 5 行.
SQL: SHOW COLUMNS FROM `we_product` [ RunTime:0.0080s ]
NOTIC: [8] Undefined variable: where F:\phpStudy\WWW\wepay\App\Home\Model\ProductModel.class.php 第 18 行.
SQL: SELECT COUNT(*) AS tp_count FROM `we_product` LIMIT 1   [ RunTime:0.0000s ]
NOTIC: [8] Undefined variable: where F:\phpStudy\WWW\wepay\App\Home\Model\ProductModel.class.php 第 32 行.
SQL: SELECT * FROM `we_product` ORDER BY id desc LIMIT 0,10   [ RunTime:0.0010s ]
INFO: [ view_parse ] --START--
INFO: [ template_filter ] --START--
INFO: Run Behavior\ContentReplaceBehavior [ RunTime:0.000000s ]
INFO: [ template_filter ] --END-- [ RunTime:0.000000s ]
INFO: Run Behavior\ParseTemplateBehavior [ RunTime:0.009001s ]
INFO: [ view_parse ] --END-- [ RunTime:0.009001s ]
INFO: [ view_filter ] --START--
INFO: Run Behavior\WriteHtmlCacheBehavior [ RunTime:0.000000s ]
INFO: [ view_filter ] --END-- [ RunTime:0.000000s ]
INFO: [ app_end ] --START--
INFO: Run Behavior\ShowPageTraceBehavior [ RunTime:0.001000s ]
INFO: [ app_end ] --END-- [ RunTime:0.001000s ]

[ 2017-08-08T12:48:18+08:00 ] ::1 /wepay/index.php/Index/index.html
INFO: [ app_init ] --START--
INFO: Run Behavior\BuildLiteBehavior [ RunTime:0.000000s ]
INFO: [ app_init ] --END-- [ RunTime:0.001000s ]
INFO: [ app_begin ] --START--
INFO: Run Behavior\ReadHtmlCacheBehavior [ RunTime:0.002000s ]
INFO: [ app_begin ] --END-- [ RunTime:0.002000s ]
NOTIC: [2048] Declaration of Home\Controller\IndexController::get() should be compatible with Think\Controller::get($name = '') F:\phpStudy\WWW\wepay\App\Home\Controller\IndexController.class.php 第 5 行.
NOTIC: [2048] Declaration of Home\Model\ProductModel::page() should be compatible with Think\Model::page($page, $listRows = NULL) F:\phpStudy\WWW\wepay\App\Home\Model\ProductModel.class.php 第 5 行.
SQL: SHOW COLUMNS FROM `we_product` [ RunTime:0.0040s ]
NOTIC: [8] Undefined variable: where F:\phpStudy\WWW\wepay\App\Home\Model\ProductModel.class.php 第 18 行.
SQL: SELECT COUNT(*) AS tp_count FROM `we_product` LIMIT 1   [ RunTime:0.0010s ]
NOTIC: [8] Undefined variable: where F:\phpStudy\WWW\wepay\App\Home\Model\ProductModel.class.php 第 32 行.
SQL: SELECT * FROM `we_product` ORDER BY id desc LIMIT 0,10   [ RunTime:0.0000s ]
INFO: [ view_parse ] --START--
INFO: [ template_filter ] --START--
INFO: Run Behavior\ContentReplaceBehavior [ RunTime:0.000000s ]
INFO: [ template_filter ] --END-- [ RunTime:0.000000s ]
INFO: Run Behavior\ParseTemplateBehavior [ RunTime:0.010001s ]
INFO: [ view_parse ] --END-- [ RunTime:0.010001s ]
INFO: [ view_filter ] --START--
INFO: Run Behavior\WriteHtmlCacheBehavior [ RunTime:0.001000s ]
INFO: [ view_filter ] --END-- [ RunTime:0.001000s ]
INFO: [ app_end ] --START--
INFO: Run Behavior\ShowPageTraceBehavior [ RunTime:0.000000s ]
INFO: [ app_end ] --END-- [ RunTime:0.000000s ]

[ 2017-08-08T12:48:21+08:00 ] ::1 /wepay/index.php/Pay/index.html
INFO: [ app_init ] --START--
INFO: Run Behavior\BuildLiteBehavior [ RunTime:0.000000s ]
INFO: [ app_init ] --END-- [ RunTime:0.000000s ]
INFO: [ app_begin ] --START--
INFO: Run Behavior\ReadHtmlCacheBehavior [ RunTime:0.001000s ]
INFO: [ app_begin ] --END-- [ RunTime:0.001000s ]
SQL: SHOW COLUMNS FROM `we_user_info` [ RunTime:0.0040s ]
NOTIC: [2048] Declaration of Home\Model\BetModel::page() should be compatible with Think\Model::page($page, $listRows = NULL) F:\phpStudy\WWW\wepay\App\Home\Model\BetModel.class.php 第 112 行.
SQL: SHOW COLUMNS FROM `we_bet` [ RunTime:0.0040s ]
SQL: SELECT a.*,b.name FROM we_bet a INNER JOIN we_product as b on a.gid=b.id   [ RunTime:0.0000s ]
INFO: [ view_parse ] --START--
INFO: [ template_filter ] --START--
INFO: Run Behavior\ContentReplaceBehavior [ RunTime:0.000000s ]
INFO: [ template_filter ] --END-- [ RunTime:0.000000s ]
INFO: Run Behavior\ParseTemplateBehavior [ RunTime:0.009000s ]
INFO: [ view_parse ] --END-- [ RunTime:0.009000s ]
INFO: [ view_filter ] --START--
INFO: Run Behavior\WriteHtmlCacheBehavior [ RunTime:0.001000s ]
INFO: [ view_filter ] --END-- [ RunTime:0.001000s ]
INFO: [ app_end ] --START--
INFO: Run Behavior\ShowPageTraceBehavior [ RunTime:0.001001s ]
INFO: [ app_end ] --END-- [ RunTime:0.001001s ]

[ 2017-08-08T12:48:40+08:00 ] ::1 /wepay/index.php/User/index.html
INFO: [ app_init ] --START--
INFO: Run Behavior\BuildLiteBehavior [ RunTime:0.000000s ]
INFO: [ app_init ] --END-- [ RunTime:0.000000s ]
INFO: [ app_begin ] --START--
INFO: Run Behavior\ReadHtmlCacheBehavior [ RunTime:0.001000s ]
INFO: [ app_begin ] --END-- [ RunTime:0.002000s ]
SQL: SHOW COLUMNS FROM `we_user` [ RunTime:0.0040s ]
SQL: SELECT * FROM we_user a INNER JOIN we_user_info as b on a.id = b.uid  WHERE a.id = '20' LIMIT 1   [ RunTime:0.0010s ]
INFO: [ view_parse ] --START--
INFO: [ template_filter ] --START--
INFO: Run Behavior\ContentReplaceBehavior [ RunTime:0.000000s ]
INFO: [ template_filter ] --END-- [ RunTime:0.000000s ]
INFO: Run Behavior\ParseTemplateBehavior [ RunTime:0.009000s ]
INFO: [ view_parse ] --END-- [ RunTime:0.009000s ]
INFO: [ view_filter ] --START--
INFO: Run Behavior\WriteHtmlCacheBehavior [ RunTime:0.001000s ]
INFO: [ view_filter ] --END-- [ RunTime:0.001000s ]
INFO: [ app_end ] --START--
INFO: Run Behavior\ShowPageTraceBehavior [ RunTime:0.001000s ]
INFO: [ app_end ] --END-- [ RunTime:0.001000s ]

[ 2017-08-08T12:48:41+08:00 ] ::1 /wepay/index.php/Pay/index.html
INFO: [ app_init ] --START--
INFO: Run Behavior\BuildLiteBehavior [ RunTime:0.000000s ]
INFO: [ app_init ] --END-- [ RunTime:0.000000s ]
INFO: [ app_begin ] --START--
INFO: Run Behavior\ReadHtmlCacheBehavior [ RunTime:0.001000s ]
INFO: [ app_begin ] --END-- [ RunTime:0.001000s ]
SQL: SHOW COLUMNS FROM `we_user_info` [ RunTime:0.0040s ]
NOTIC: [2048] Declaration of Home\Model\BetModel::page() should be compatible with Think\Model::page($page, $listRows = NULL) F:\phpStudy\WWW\wepay\App\Home\Model\BetModel.class.php 第 112 行.
SQL: SHOW COLUMNS FROM `we_bet` [ RunTime:0.0040s ]
SQL: SELECT a.*,b.name FROM we_bet a INNER JOIN we_product as b on a.gid=b.id   [ RunTime:0.0000s ]
INFO: [ view_parse ] --START--
INFO: [ template_filter ] --START--
INFO: Run Behavior\ContentReplaceBehavior [ RunTime:0.000000s ]
INFO: [ template_filter ] --END-- [ RunTime:0.000000s ]
INFO: Run Behavior\ParseTemplateBehavior [ RunTime:0.010001s ]
INFO: [ view_parse ] --END-- [ RunTime:0.010001s ]
INFO: [ view_filter ] --START--
INFO: Run Behavior\WriteHtmlCacheBehavior [ RunTime:0.001000s ]
INFO: [ view_filter ] --END-- [ RunTime:0.001000s ]
INFO: [ app_end ] --START--
INFO: Run Behavior\ShowPageTraceBehavior [ RunTime:0.001000s ]
INFO: [ app_end ] --END-- [ RunTime:0.001000s ]

