[ 2017-08-08T12:38:50+08:00 ] ::1 /wepay/admin.php
INFO: [ app_init ] --START--
INFO: Run Behavior\BuildLiteBehavior [ RunTime:0.000000s ]
INFO: [ app_init ] --END-- [ RunTime:0.000000s ]
INFO: [ app_begin ] --START--
INFO: Run Behavior\ReadHtmlCacheBehavior [ RunTime:0.001000s ]
INFO: [ app_begin ] --END-- [ RunTime:0.001000s ]
SQL: SHOW COLUMNS FROM `we_menu` [ RunTime:0.0090s ]
SQL: SELECT * FROM `we_menu` ORDER BY sort asc,id asc  [ RunTime:0.0010s ]
INFO: [ view_parse ] --START--
INFO: [ template_filter ] --START--
INFO: Run Behavior\ContentReplaceBehavior [ RunTime:0.000000s ]
INFO: [ template_filter ] --END-- [ RunTime:0.000000s ]
INFO: Run Behavior\ParseTemplateBehavior [ RunTime:0.014000s ]
INFO: [ view_parse ] --END-- [ RunTime:0.014000s ]
INFO: [ view_filter ] --START--
INFO: Run Behavior\WriteHtmlCacheBehavior [ RunTime:0.001001s ]
INFO: [ view_filter ] --END-- [ RunTime:0.001001s ]
INFO: [ app_end ] --START--
INFO: Run Behavior\ShowPageTraceBehavior [ RunTime:0.001000s ]
INFO: [ app_end ] --END-- [ RunTime:0.001000s ]

[ 2017-08-08T12:38:54+08:00 ] ::1 /wepay/admin.php/Product/index
INFO: [ app_init ] --START--
INFO: Run Behavior\BuildLiteBehavior [ RunTime:0.000000s ]
INFO: [ app_init ] --END-- [ RunTime:0.001000s ]
INFO: [ app_begin ] --START--
INFO: Run Behavior\ReadHtmlCacheBehavior [ RunTime:0.001000s ]
INFO: [ app_begin ] --END-- [ RunTime:0.001000s ]
SQL: SHOW COLUMNS FROM `we_menu` [ RunTime:0.0040s ]
SQL: SELECT * FROM `we_menu` ORDER BY sort asc,id asc  [ RunTime:0.0000s ]
SQL: SHOW COLUMNS FROM `we_product_cate` [ RunTime:0.0040s ]
NOTIC: [2048] Declaration of Admin\Model\ProductModel::page() should be compatible with Think\Model::page($page, $listRows = NULL) F:\phpStudy\WWW\wepay\App\Admin\Model\ProductModel.class.php 第 100 行.
SQL: SHOW COLUMNS FROM `we_product` [ RunTime:0.0050s ]
NOTIC: [8] Undefined variable: where F:\phpStudy\WWW\wepay\App\Admin\Model\ProductModel.class.php 第 61 行.
SQL: SELECT COUNT(*) AS tp_count FROM we_product a INNER JOIN we_product_cate as b on a.pid =b.id  LIMIT 1   [ RunTime:0.0010s ]
NOTIC: [8] Undefined variable: where F:\phpStudy\WWW\wepay\App\Admin\Model\ProductModel.class.php 第 77 行.
SQL: SELECT a.*,b.name as pname,FROM_UNIXTIME(a.add_time,'%Y-%m-%d %H:%i') as date FROM we_product a INNER JOIN we_product_cate as b on a.pid =b.id  ORDER BY id desc LIMIT 0,10   [ RunTime:0.0050s ]
SQL: SELECT *,FROM_UNIXTIME(add_time,'%Y-%m-%d %H:%i') as date FROM `we_product_cate` ORDER BY id asc  [ RunTime:0.0000s ]
INFO: [ view_parse ] --START--
INFO: [ template_filter ] --START--
INFO: Run Behavior\ContentReplaceBehavior [ RunTime:0.000000s ]
INFO: [ template_filter ] --END-- [ RunTime:0.000000s ]
INFO: Run Behavior\ParseTemplateBehavior [ RunTime:0.018001s ]
INFO: [ view_parse ] --END-- [ RunTime:0.018001s ]
INFO: [ view_filter ] --START--
INFO: Run Behavior\WriteHtmlCacheBehavior [ RunTime:0.000000s ]
INFO: [ view_filter ] --END-- [ RunTime:0.000000s ]
INFO: [ app_end ] --START--
INFO: Run Behavior\ShowPageTraceBehavior [ RunTime:0.001000s ]
INFO: [ app_end ] --END-- [ RunTime:0.001000s ]

[ 2017-08-08T12:39:01+08:00 ] ::1 /wepay/admin.php/Product/getProduct/id/29
INFO: [ app_init ] --START--
INFO: Run Behavior\BuildLiteBehavior [ RunTime:0.000000s ]
INFO: [ app_init ] --END-- [ RunTime:0.001000s ]
INFO: [ app_begin ] --START--
INFO: Run Behavior\ReadHtmlCacheBehavior [ RunTime:0.001000s ]
INFO: [ app_begin ] --END-- [ RunTime:0.001000s ]
SQL: SHOW COLUMNS FROM `we_menu` [ RunTime:0.0040s ]
SQL: SELECT * FROM `we_menu` ORDER BY sort asc,id asc  [ RunTime:0.0000s ]
SQL: SHOW COLUMNS FROM `we_product_cate` [ RunTime:0.0040s ]
NOTIC: [2048] Declaration of Admin\Model\ProductModel::page() should be compatible with Think\Model::page($page, $listRows = NULL) F:\phpStudy\WWW\wepay\App\Admin\Model\ProductModel.class.php 第 100 行.
SQL: SHOW COLUMNS FROM `we_product` [ RunTime:0.0040s ]
SQL: SELECT * FROM `we_product` WHERE `id` = 29 ORDER BY id asc LIMIT 1   [ RunTime:0.0000s ]

[ 2017-08-08T12:39:04+08:00 ] ::1 /wepay/admin.php/Product/getProduct/id/27
INFO: [ app_init ] --START--
INFO: Run Behavior\BuildLiteBehavior [ RunTime:0.000000s ]
INFO: [ app_init ] --END-- [ RunTime:0.000000s ]
INFO: [ app_begin ] --START--
INFO: Run Behavior\ReadHtmlCacheBehavior [ RunTime:0.001000s ]
INFO: [ app_begin ] --END-- [ RunTime:0.001000s ]
SQL: SHOW COLUMNS FROM `we_menu` [ RunTime:0.0080s ]
SQL: SELECT * FROM `we_menu` ORDER BY sort asc,id asc  [ RunTime:0.0010s ]
SQL: SHOW COLUMNS FROM `we_product_cate` [ RunTime:0.0080s ]
NOTIC: [2048] Declaration of Admin\Model\ProductModel::page() should be compatible with Think\Model::page($page, $listRows = NULL) F:\phpStudy\WWW\wepay\App\Admin\Model\ProductModel.class.php 第 100 行.
SQL: SHOW COLUMNS FROM `we_product` [ RunTime:0.0040s ]
SQL: SELECT * FROM `we_product` WHERE `id` = 27 ORDER BY id asc LIMIT 1   [ RunTime:0.0010s ]

