[ 2017-06-26T11:16:32+08:00 ] ::1 /wepay/admin.php
INFO: [ app_init ] --START--
INFO: Run Behavior\BuildLiteBehavior [ RunTime:0.000184s ]
INFO: [ app_init ] --END-- [ RunTime:0.002520s ]
INFO: [ app_begin ] --START--
INFO: Run Behavior\ReadHtmlCacheBehavior [ RunTime:0.002979s ]
INFO: [ app_begin ] --END-- [ RunTime:0.003863s ]
SQL: SHOW COLUMNS FROM `we_menu` [ RunTime:0.0451s ]
SQL: SELECT * FROM `we_menu` ORDER BY sort asc,id asc  [ RunTime:0.0047s ]
INFO: [ view_parse ] --START--
INFO: [ template_filter ] --START--
INFO: Run Behavior\ContentReplaceBehavior [ RunTime:0.000517s ]
INFO: [ template_filter ] --END-- [ RunTime:0.001326s ]
INFO: Run Behavior\ParseTemplateBehavior [ RunTime:0.069975s ]
INFO: [ view_parse ] --END-- [ RunTime:0.070753s ]
INFO: [ view_filter ] --START--
INFO: Run Behavior\WriteHtmlCacheBehavior [ RunTime:0.002235s ]
INFO: [ view_filter ] --END-- [ RunTime:0.002974s ]
INFO: [ app_end ] --START--
INFO: Run Behavior\ShowPageTraceBehavior [ RunTime:0.004220s ]
INFO: [ app_end ] --END-- [ RunTime:0.005671s ]

[ 2017-06-26T11:16:36+08:00 ] ::1 /wepay/admin.php/Product/index
INFO: [ app_init ] --START--
INFO: Run Behavior\BuildLiteBehavior [ RunTime:0.000161s ]
INFO: [ app_init ] --END-- [ RunTime:0.004002s ]
INFO: [ app_begin ] --START--
INFO: Run Behavior\ReadHtmlCacheBehavior [ RunTime:0.002368s ]
INFO: [ app_begin ] --END-- [ RunTime:0.003155s ]
SQL: SHOW COLUMNS FROM `we_menu` [ RunTime:0.0151s ]
SQL: SELECT * FROM `we_menu` ORDER BY sort asc,id asc  [ RunTime:0.0013s ]
SQL: SHOW COLUMNS FROM `we_product_cate` [ RunTime:0.0256s ]
NOTIC: [2048] Declaration of Admin\Model\ProductModel::page() should be compatible with Think\Model::page($page, $listRows = NULL) C:\wamp\www\wepay\App\Admin\Model\ProductModel.class.php 第 100 行.
SQL: SHOW COLUMNS FROM `we_product` [ RunTime:0.0136s ]
NOTIC: [8] Undefined variable: where C:\wamp\www\wepay\App\Admin\Model\ProductModel.class.php 第 61 行.
SQL: SELECT COUNT(*) AS tp_count FROM we_product a INNER JOIN we_product_cate as b on a.pid =b.id  LIMIT 1   [ RunTime:0.0037s ]
NOTIC: [8] Undefined variable: where C:\wamp\www\wepay\App\Admin\Model\ProductModel.class.php 第 77 行.
SQL: SELECT a.*,b.name as pname,FROM_UNIXTIME(a.add_time,'%Y-%m-%d %H:%i') as date FROM we_product a INNER JOIN we_product_cate as b on a.pid =b.id  ORDER BY id desc LIMIT 0,10   [ RunTime:0.0254s ]
SQL: SELECT *,FROM_UNIXTIME(add_time,'%Y-%m-%d %H:%i') as date FROM `we_product_cate` ORDER BY id asc  [ RunTime:0.0008s ]
INFO: [ view_parse ] --START--
INFO: [ template_filter ] --START--
INFO: Run Behavior\ContentReplaceBehavior [ RunTime:0.000916s ]
INFO: [ template_filter ] --END-- [ RunTime:0.001709s ]
INFO: Run Behavior\ParseTemplateBehavior [ RunTime:0.105523s ]
INFO: [ view_parse ] --END-- [ RunTime:0.106457s ]
INFO: [ view_filter ] --START--
INFO: Run Behavior\WriteHtmlCacheBehavior [ RunTime:0.002269s ]
INFO: [ view_filter ] --END-- [ RunTime:0.003013s ]
INFO: [ app_end ] --START--
INFO: Run Behavior\ShowPageTraceBehavior [ RunTime:0.005361s ]
INFO: [ app_end ] --END-- [ RunTime:0.006147s ]

[ 2017-06-26T11:16:40+08:00 ] ::1 /wepay/admin.php/Product/getProduct/id/25
INFO: [ app_init ] --START--
INFO: Run Behavior\BuildLiteBehavior [ RunTime:0.000152s ]
INFO: [ app_init ] --END-- [ RunTime:0.002316s ]
INFO: [ app_begin ] --START--
INFO: Run Behavior\ReadHtmlCacheBehavior [ RunTime:0.002983s ]
INFO: [ app_begin ] --END-- [ RunTime:0.003828s ]
SQL: SHOW COLUMNS FROM `we_menu` [ RunTime:0.0150s ]
SQL: SELECT * FROM `we_menu` ORDER BY sort asc,id asc  [ RunTime:0.0017s ]
SQL: SHOW COLUMNS FROM `we_product_cate` [ RunTime:0.0141s ]
NOTIC: [2048] Declaration of Admin\Model\ProductModel::page() should be compatible with Think\Model::page($page, $listRows = NULL) C:\wamp\www\wepay\App\Admin\Model\ProductModel.class.php 第 100 行.
SQL: SHOW COLUMNS FROM `we_product` [ RunTime:0.0155s ]
SQL: SELECT * FROM `we_product` WHERE `id` = 25 ORDER BY id asc LIMIT 1   [ RunTime:0.0010s ]

[ 2017-06-26T11:17:14+08:00 ] ::1 /wepay/admin.php/Product/getProduct/id/1
INFO: [ app_init ] --START--
INFO: Run Behavior\BuildLiteBehavior [ RunTime:0.000167s ]
INFO: [ app_init ] --END-- [ RunTime:0.002764s ]
INFO: [ app_begin ] --START--
INFO: Run Behavior\ReadHtmlCacheBehavior [ RunTime:0.002717s ]
INFO: [ app_begin ] --END-- [ RunTime:0.003405s ]
SQL: SHOW COLUMNS FROM `we_menu` [ RunTime:0.0146s ]
SQL: SELECT * FROM `we_menu` ORDER BY sort asc,id asc  [ RunTime:0.0015s ]
SQL: SHOW COLUMNS FROM `we_product_cate` [ RunTime:0.0159s ]
NOTIC: [2048] Declaration of Admin\Model\ProductModel::page() should be compatible with Think\Model::page($page, $listRows = NULL) C:\wamp\www\wepay\App\Admin\Model\ProductModel.class.php 第 100 行.
SQL: SHOW COLUMNS FROM `we_product` [ RunTime:0.0196s ]
SQL: SELECT * FROM `we_product` WHERE `id` = 1 ORDER BY id asc LIMIT 1   [ RunTime:0.0014s ]

[ 2017-06-26T11:18:05+08:00 ] ::1 /wepay/admin.php/Product/index?name=&pid=1
INFO: [ app_init ] --START--
INFO: Run Behavior\BuildLiteBehavior [ RunTime:0.000159s ]
INFO: [ app_init ] --END-- [ RunTime:0.002688s ]
INFO: [ app_begin ] --START--
INFO: Run Behavior\ReadHtmlCacheBehavior [ RunTime:0.002090s ]
INFO: [ app_begin ] --END-- [ RunTime:0.002853s ]
SQL: SHOW COLUMNS FROM `we_menu` [ RunTime:0.0139s ]
SQL: SELECT * FROM `we_menu` ORDER BY sort asc,id asc  [ RunTime:0.0012s ]
SQL: SHOW COLUMNS FROM `we_product_cate` [ RunTime:0.0136s ]
NOTIC: [2048] Declaration of Admin\Model\ProductModel::page() should be compatible with Think\Model::page($page, $listRows = NULL) C:\wamp\www\wepay\App\Admin\Model\ProductModel.class.php 第 100 行.
SQL: SHOW COLUMNS FROM `we_product` [ RunTime:0.0133s ]
SQL: SELECT COUNT(*) AS tp_count FROM we_product a INNER JOIN we_product_cate as b on a.pid =b.id  WHERE `pid` = '1' LIMIT 1   [ RunTime:0.0009s ]
SQL: SELECT a.*,b.name as pname,FROM_UNIXTIME(a.add_time,'%Y-%m-%d %H:%i') as date FROM we_product a INNER JOIN we_product_cate as b on a.pid =b.id  WHERE `pid` = '1' ORDER BY id desc LIMIT 0,10   [ RunTime:0.0013s ]
SQL: SELECT *,FROM_UNIXTIME(add_time,'%Y-%m-%d %H:%i') as date FROM `we_product_cate` ORDER BY id asc  [ RunTime:0.0008s ]
INFO: [ view_parse ] --START--
INFO: [ template_filter ] --START--
INFO: Run Behavior\ContentReplaceBehavior [ RunTime:0.000797s ]
INFO: [ template_filter ] --END-- [ RunTime:0.001706s ]
INFO: Run Behavior\ParseTemplateBehavior [ RunTime:0.093106s ]
INFO: [ view_parse ] --END-- [ RunTime:0.093983s ]
INFO: [ view_filter ] --START--
INFO: Run Behavior\WriteHtmlCacheBehavior [ RunTime:0.002239s ]
INFO: [ view_filter ] --END-- [ RunTime:0.002977s ]
INFO: [ app_end ] --START--
INFO: Run Behavior\ShowPageTraceBehavior [ RunTime:0.003177s ]
INFO: [ app_end ] --END-- [ RunTime:0.003953s ]

[ 2017-06-26T11:18:10+08:00 ] ::1 /wepay/admin.php/Product/index?name=&pid=2
INFO: [ app_init ] --START--
INFO: Run Behavior\BuildLiteBehavior [ RunTime:0.000152s ]
INFO: [ app_init ] --END-- [ RunTime:0.002112s ]
INFO: [ app_begin ] --START--
INFO: Run Behavior\ReadHtmlCacheBehavior [ RunTime:0.002554s ]
INFO: [ app_begin ] --END-- [ RunTime:0.003337s ]
SQL: SHOW COLUMNS FROM `we_menu` [ RunTime:0.0141s ]
SQL: SELECT * FROM `we_menu` ORDER BY sort asc,id asc  [ RunTime:0.0012s ]
SQL: SHOW COLUMNS FROM `we_product_cate` [ RunTime:0.0133s ]
NOTIC: [2048] Declaration of Admin\Model\ProductModel::page() should be compatible with Think\Model::page($page, $listRows = NULL) C:\wamp\www\wepay\App\Admin\Model\ProductModel.class.php 第 100 行.
SQL: SHOW COLUMNS FROM `we_product` [ RunTime:0.0142s ]
SQL: SELECT COUNT(*) AS tp_count FROM we_product a INNER JOIN we_product_cate as b on a.pid =b.id  WHERE `pid` = '2' LIMIT 1   [ RunTime:0.0008s ]
SQL: SELECT a.*,b.name as pname,FROM_UNIXTIME(a.add_time,'%Y-%m-%d %H:%i') as date FROM we_product a INNER JOIN we_product_cate as b on a.pid =b.id  WHERE `pid` = '2' ORDER BY id desc LIMIT 0,10   [ RunTime:0.0010s ]
SQL: SELECT *,FROM_UNIXTIME(add_time,'%Y-%m-%d %H:%i') as date FROM `we_product_cate` ORDER BY id asc  [ RunTime:0.0008s ]
INFO: [ view_parse ] --START--
INFO: [ template_filter ] --START--
INFO: Run Behavior\ContentReplaceBehavior [ RunTime:0.000950s ]
INFO: [ template_filter ] --END-- [ RunTime:0.001944s ]
INFO: Run Behavior\ParseTemplateBehavior [ RunTime:0.091788s ]
INFO: [ view_parse ] --END-- [ RunTime:0.092548s ]
INFO: [ view_filter ] --START--
INFO: Run Behavior\WriteHtmlCacheBehavior [ RunTime:0.002207s ]
INFO: [ view_filter ] --END-- [ RunTime:0.002975s ]
INFO: [ app_end ] --START--
INFO: Run Behavior\ShowPageTraceBehavior [ RunTime:0.003871s ]
INFO: [ app_end ] --END-- [ RunTime:0.004760s ]

[ 2017-06-26T11:18:15+08:00 ] ::1 /wepay/admin.php/Product/index?name=&pid=
INFO: [ app_init ] --START--
INFO: Run Behavior\BuildLiteBehavior [ RunTime:0.000147s ]
INFO: [ app_init ] --END-- [ RunTime:0.002034s ]
INFO: [ app_begin ] --START--
INFO: Run Behavior\ReadHtmlCacheBehavior [ RunTime:0.003535s ]
INFO: [ app_begin ] --END-- [ RunTime:0.004323s ]
SQL: SHOW COLUMNS FROM `we_menu` [ RunTime:0.0134s ]
SQL: SELECT * FROM `we_menu` ORDER BY sort asc,id asc  [ RunTime:0.0013s ]
SQL: SHOW COLUMNS FROM `we_product_cate` [ RunTime:0.0188s ]
NOTIC: [2048] Declaration of Admin\Model\ProductModel::page() should be compatible with Think\Model::page($page, $listRows = NULL) C:\wamp\www\wepay\App\Admin\Model\ProductModel.class.php 第 100 行.
SQL: SHOW COLUMNS FROM `we_product` [ RunTime:0.0178s ]
NOTIC: [8] Undefined variable: where C:\wamp\www\wepay\App\Admin\Model\ProductModel.class.php 第 61 行.
SQL: SELECT COUNT(*) AS tp_count FROM we_product a INNER JOIN we_product_cate as b on a.pid =b.id  LIMIT 1   [ RunTime:0.0009s ]
NOTIC: [8] Undefined variable: where C:\wamp\www\wepay\App\Admin\Model\ProductModel.class.php 第 77 行.
SQL: SELECT a.*,b.name as pname,FROM_UNIXTIME(a.add_time,'%Y-%m-%d %H:%i') as date FROM we_product a INNER JOIN we_product_cate as b on a.pid =b.id  ORDER BY id desc LIMIT 0,10   [ RunTime:0.0122s ]
SQL: SELECT *,FROM_UNIXTIME(add_time,'%Y-%m-%d %H:%i') as date FROM `we_product_cate` ORDER BY id asc  [ RunTime:0.0009s ]
INFO: [ view_parse ] --START--
INFO: [ template_filter ] --START--
INFO: Run Behavior\ContentReplaceBehavior [ RunTime:0.000835s ]
INFO: [ template_filter ] --END-- [ RunTime:0.001794s ]
INFO: Run Behavior\ParseTemplateBehavior [ RunTime:0.092115s ]
INFO: [ view_parse ] --END-- [ RunTime:0.093023s ]
INFO: [ view_filter ] --START--
INFO: Run Behavior\WriteHtmlCacheBehavior [ RunTime:0.002264s ]
INFO: [ view_filter ] --END-- [ RunTime:0.003018s ]
INFO: [ app_end ] --START--
INFO: Run Behavior\ShowPageTraceBehavior [ RunTime:0.004725s ]
INFO: [ app_end ] --END-- [ RunTime:0.005846s ]

[ 2017-06-26T11:19:29+08:00 ] ::1 /wepay/admin.php/Product/addProduct
INFO: [ app_init ] --START--
INFO: Run Behavior\BuildLiteBehavior [ RunTime:0.000154s ]
INFO: [ app_init ] --END-- [ RunTime:0.002312s ]
INFO: [ app_begin ] --START--
INFO: Run Behavior\ReadHtmlCacheBehavior [ RunTime:0.003595s ]
INFO: [ app_begin ] --END-- [ RunTime:0.004248s ]
SQL: SHOW COLUMNS FROM `we_menu` [ RunTime:0.0131s ]
SQL: SELECT * FROM `we_menu` ORDER BY sort asc,id asc  [ RunTime:0.0012s ]
SQL: SHOW COLUMNS FROM `we_product_cate` [ RunTime:0.0130s ]
NOTIC: [2048] Declaration of Admin\Model\ProductModel::page() should be compatible with Think\Model::page($page, $listRows = NULL) C:\wamp\www\wepay\App\Admin\Model\ProductModel.class.php 第 100 行.
SQL: SHOW COLUMNS FROM `we_product` [ RunTime:0.0134s ]
NOTIC: [8] Undefined index: validate C:\wamp\www\wepay\ThinkPHP\Library\Think\Model.class.php 第 1185 行.
SQL: SELECT * FROM `we_product` WHERE `name` = '台币/人民币' LIMIT 1   [ RunTime:0.0020s ]
NOTIC: [8] Undefined index: auto C:\wamp\www\wepay\ThinkPHP\Library\Think\Model.class.php 第 1128 行.
SQL: INSERT INTO `we_product` (`name`,`pid`,`api`,`desc`,`sort`,`state`,`add_time`) VALUES ('台币/人民币','1','TWDCNY','台币/人民币','1','0','1498447169') [ RunTime:0.0318s ]
NOTIC: [8] Undefined variable: where C:\wamp\www\wepay\App\Admin\Model\ProductModel.class.php 第 61 行.
SQL: SELECT COUNT(*) AS tp_count FROM we_product a INNER JOIN we_product_cate as b on a.pid =b.id  LIMIT 1   [ RunTime:0.0009s ]
NOTIC: [8] Undefined variable: where C:\wamp\www\wepay\App\Admin\Model\ProductModel.class.php 第 77 行.
SQL: SELECT a.*,b.name as pname,FROM_UNIXTIME(a.add_time,'%Y-%m-%d %H:%i') as date FROM we_product a INNER JOIN we_product_cate as b on a.pid =b.id  ORDER BY id desc LIMIT 0,10   [ RunTime:0.0121s ]

[ 2017-06-26T11:20:57+08:00 ] ::1 /wepay/admin.php/Product/index?name=&pid=
INFO: [ app_init ] --START--
INFO: Run Behavior\BuildLiteBehavior [ RunTime:0.000161s ]
INFO: [ app_init ] --END-- [ RunTime:0.002138s ]
INFO: [ app_begin ] --START--
INFO: Run Behavior\ReadHtmlCacheBehavior [ RunTime:0.002137s ]
INFO: [ app_begin ] --END-- [ RunTime:0.003038s ]
SQL: SHOW COLUMNS FROM `we_menu` [ RunTime:0.0140s ]
SQL: SELECT * FROM `we_menu` ORDER BY sort asc,id asc  [ RunTime:0.0013s ]
SQL: SHOW COLUMNS FROM `we_product_cate` [ RunTime:0.0134s ]
NOTIC: [2048] Declaration of Admin\Model\ProductModel::page() should be compatible with Think\Model::page($page, $listRows = NULL) C:\wamp\www\wepay\App\Admin\Model\ProductModel.class.php 第 100 行.
SQL: SHOW COLUMNS FROM `we_product` [ RunTime:0.0142s ]
NOTIC: [8] Undefined variable: where C:\wamp\www\wepay\App\Admin\Model\ProductModel.class.php 第 61 行.
SQL: SELECT COUNT(*) AS tp_count FROM we_product a INNER JOIN we_product_cate as b on a.pid =b.id  LIMIT 1   [ RunTime:0.0008s ]
NOTIC: [8] Undefined variable: where C:\wamp\www\wepay\App\Admin\Model\ProductModel.class.php 第 77 行.
SQL: SELECT a.*,b.name as pname,FROM_UNIXTIME(a.add_time,'%Y-%m-%d %H:%i') as date FROM we_product a INNER JOIN we_product_cate as b on a.pid =b.id  ORDER BY id desc LIMIT 0,10   [ RunTime:0.0125s ]
SQL: SELECT *,FROM_UNIXTIME(add_time,'%Y-%m-%d %H:%i') as date FROM `we_product_cate` ORDER BY id asc  [ RunTime:0.0008s ]
INFO: [ view_parse ] --START--
INFO: [ template_filter ] --START--
INFO: Run Behavior\ContentReplaceBehavior [ RunTime:0.000826s ]
INFO: [ template_filter ] --END-- [ RunTime:0.001738s ]
INFO: Run Behavior\ParseTemplateBehavior [ RunTime:0.098621s ]
INFO: [ view_parse ] --END-- [ RunTime:0.099388s ]
INFO: [ view_filter ] --START--
INFO: Run Behavior\WriteHtmlCacheBehavior [ RunTime:0.002015s ]
INFO: [ view_filter ] --END-- [ RunTime:0.002744s ]
INFO: [ app_end ] --START--
INFO: Run Behavior\ShowPageTraceBehavior [ RunTime:0.006035s ]
INFO: [ app_end ] --END-- [ RunTime:0.007429s ]

[ 2017-06-26T11:21:37+08:00 ] ::1 /wepay/admin.php/Product/addProduct
INFO: [ app_init ] --START--
INFO: Run Behavior\BuildLiteBehavior [ RunTime:0.000150s ]
INFO: [ app_init ] --END-- [ RunTime:0.002840s ]
INFO: [ app_begin ] --START--
INFO: Run Behavior\ReadHtmlCacheBehavior [ RunTime:0.002044s ]
INFO: [ app_begin ] --END-- [ RunTime:0.002662s ]
SQL: SHOW COLUMNS FROM `we_menu` [ RunTime:0.0134s ]
SQL: SELECT * FROM `we_menu` ORDER BY sort asc,id asc  [ RunTime:0.0011s ]
SQL: SHOW COLUMNS FROM `we_product_cate` [ RunTime:0.0129s ]
NOTIC: [2048] Declaration of Admin\Model\ProductModel::page() should be compatible with Think\Model::page($page, $listRows = NULL) C:\wamp\www\wepay\App\Admin\Model\ProductModel.class.php 第 100 行.
SQL: SHOW COLUMNS FROM `we_product` [ RunTime:0.0133s ]
NOTIC: [8] Undefined index: validate C:\wamp\www\wepay\ThinkPHP\Library\Think\Model.class.php 第 1185 行.
SQL: SELECT * FROM `we_product` WHERE `name` = '英镑/人民币' LIMIT 1   [ RunTime:0.0008s ]
NOTIC: [8] Undefined index: auto C:\wamp\www\wepay\ThinkPHP\Library\Think\Model.class.php 第 1128 行.
SQL: INSERT INTO `we_product` (`name`,`pid`,`api`,`desc`,`sort`,`state`,`add_time`) VALUES ('英镑/人民币','1','GBPCNY','英镑/人民币','1','0','1498447297') [ RunTime:0.0129s ]
NOTIC: [8] Undefined variable: where C:\wamp\www\wepay\App\Admin\Model\ProductModel.class.php 第 61 行.
SQL: SELECT COUNT(*) AS tp_count FROM we_product a INNER JOIN we_product_cate as b on a.pid =b.id  LIMIT 1   [ RunTime:0.0008s ]
NOTIC: [8] Undefined variable: where C:\wamp\www\wepay\App\Admin\Model\ProductModel.class.php 第 77 行.
SQL: SELECT a.*,b.name as pname,FROM_UNIXTIME(a.add_time,'%Y-%m-%d %H:%i') as date FROM we_product a INNER JOIN we_product_cate as b on a.pid =b.id  ORDER BY id desc LIMIT 0,10   [ RunTime:0.0116s ]

[ 2017-06-26T11:21:44+08:00 ] ::1 /wepay/admin.php/Product/index?name=&pid=
INFO: [ app_init ] --START--
INFO: Run Behavior\BuildLiteBehavior [ RunTime:0.000167s ]
INFO: [ app_init ] --END-- [ RunTime:0.002209s ]
INFO: [ app_begin ] --START--
INFO: Run Behavior\ReadHtmlCacheBehavior [ RunTime:0.002106s ]
INFO: [ app_begin ] --END-- [ RunTime:0.002902s ]
SQL: SHOW COLUMNS FROM `we_menu` [ RunTime:0.0146s ]
SQL: SELECT * FROM `we_menu` ORDER BY sort asc,id asc  [ RunTime:0.0013s ]
SQL: SHOW COLUMNS FROM `we_product_cate` [ RunTime:0.0151s ]
NOTIC: [2048] Declaration of Admin\Model\ProductModel::page() should be compatible with Think\Model::page($page, $listRows = NULL) C:\wamp\www\wepay\App\Admin\Model\ProductModel.class.php 第 100 行.
SQL: SHOW COLUMNS FROM `we_product` [ RunTime:0.0138s ]
NOTIC: [8] Undefined variable: where C:\wamp\www\wepay\App\Admin\Model\ProductModel.class.php 第 61 行.
SQL: SELECT COUNT(*) AS tp_count FROM we_product a INNER JOIN we_product_cate as b on a.pid =b.id  LIMIT 1   [ RunTime:0.0011s ]
NOTIC: [8] Undefined variable: where C:\wamp\www\wepay\App\Admin\Model\ProductModel.class.php 第 77 行.
SQL: SELECT a.*,b.name as pname,FROM_UNIXTIME(a.add_time,'%Y-%m-%d %H:%i') as date FROM we_product a INNER JOIN we_product_cate as b on a.pid =b.id  ORDER BY id desc LIMIT 0,10   [ RunTime:0.0118s ]
SQL: SELECT *,FROM_UNIXTIME(add_time,'%Y-%m-%d %H:%i') as date FROM `we_product_cate` ORDER BY id asc  [ RunTime:0.0009s ]
INFO: [ view_parse ] --START--
INFO: [ template_filter ] --START--
INFO: Run Behavior\ContentReplaceBehavior [ RunTime:0.000862s ]
INFO: [ template_filter ] --END-- [ RunTime:0.001747s ]
INFO: Run Behavior\ParseTemplateBehavior [ RunTime:0.095417s ]
INFO: [ view_parse ] --END-- [ RunTime:0.096216s ]
INFO: [ view_filter ] --START--
INFO: Run Behavior\WriteHtmlCacheBehavior [ RunTime:0.002287s ]
INFO: [ view_filter ] --END-- [ RunTime:0.003088s ]
INFO: [ app_end ] --START--
INFO: Run Behavior\ShowPageTraceBehavior [ RunTime:0.002683s ]
INFO: [ app_end ] --END-- [ RunTime:0.003587s ]

[ 2017-06-26T11:21:52+08:00 ] ::1 /wepay/admin.php/Product/getProduct/id/27
INFO: [ app_init ] --START--
INFO: Run Behavior\BuildLiteBehavior [ RunTime:0.000149s ]
INFO: [ app_init ] --END-- [ RunTime:0.002017s ]
INFO: [ app_begin ] --START--
INFO: Run Behavior\ReadHtmlCacheBehavior [ RunTime:0.002359s ]
INFO: [ app_begin ] --END-- [ RunTime:0.003039s ]
SQL: SHOW COLUMNS FROM `we_menu` [ RunTime:0.0173s ]
SQL: SELECT * FROM `we_menu` ORDER BY sort asc,id asc  [ RunTime:0.0015s ]
SQL: SHOW COLUMNS FROM `we_product_cate` [ RunTime:0.0146s ]
NOTIC: [2048] Declaration of Admin\Model\ProductModel::page() should be compatible with Think\Model::page($page, $listRows = NULL) C:\wamp\www\wepay\App\Admin\Model\ProductModel.class.php 第 100 行.
SQL: SHOW COLUMNS FROM `we_product` [ RunTime:0.0146s ]
SQL: SELECT * FROM `we_product` WHERE `id` = 27 ORDER BY id asc LIMIT 1   [ RunTime:0.0012s ]

[ 2017-06-26T11:22:54+08:00 ] ::1 /wepay/admin.php/Product/addProduct
INFO: [ app_init ] --START--
INFO: Run Behavior\BuildLiteBehavior [ RunTime:0.000151s ]
INFO: [ app_init ] --END-- [ RunTime:0.002252s ]
INFO: [ app_begin ] --START--
INFO: Run Behavior\ReadHtmlCacheBehavior [ RunTime:0.002758s ]
INFO: [ app_begin ] --END-- [ RunTime:0.003508s ]
SQL: SHOW COLUMNS FROM `we_menu` [ RunTime:0.0147s ]
SQL: SELECT * FROM `we_menu` ORDER BY sort asc,id asc  [ RunTime:0.0012s ]
SQL: SHOW COLUMNS FROM `we_product_cate` [ RunTime:0.0135s ]
NOTIC: [2048] Declaration of Admin\Model\ProductModel::page() should be compatible with Think\Model::page($page, $listRows = NULL) C:\wamp\www\wepay\App\Admin\Model\ProductModel.class.php 第 100 行.
SQL: SHOW COLUMNS FROM `we_product` [ RunTime:0.0137s ]
NOTIC: [8] Undefined index: validate C:\wamp\www\wepay\ThinkPHP\Library\Think\Model.class.php 第 1185 行.
SQL: SELECT * FROM `we_product` WHERE `name` = '韩元/人民币' LIMIT 1   [ RunTime:0.0009s ]
NOTIC: [8] Undefined index: auto C:\wamp\www\wepay\ThinkPHP\Library\Think\Model.class.php 第 1128 行.
SQL: INSERT INTO `we_product` (`name`,`pid`,`api`,`desc`,`sort`,`state`,`add_time`) VALUES ('韩元/人民币','1','KRWCNY','韩元/人民币','1','0','1498447374') [ RunTime:0.0125s ]
NOTIC: [8] Undefined variable: where C:\wamp\www\wepay\App\Admin\Model\ProductModel.class.php 第 61 行.
SQL: SELECT COUNT(*) AS tp_count FROM we_product a INNER JOIN we_product_cate as b on a.pid =b.id  LIMIT 1   [ RunTime:0.0009s ]
NOTIC: [8] Undefined variable: where C:\wamp\www\wepay\App\Admin\Model\ProductModel.class.php 第 77 行.
SQL: SELECT a.*,b.name as pname,FROM_UNIXTIME(a.add_time,'%Y-%m-%d %H:%i') as date FROM we_product a INNER JOIN we_product_cate as b on a.pid =b.id  ORDER BY id desc LIMIT 0,10   [ RunTime:0.0122s ]

[ 2017-06-26T11:24:07+08:00 ] ::1 /wepay/admin.php/Product/index?name=&pid=
INFO: [ app_init ] --START--
INFO: Run Behavior\BuildLiteBehavior [ RunTime:0.000146s ]
INFO: [ app_init ] --END-- [ RunTime:0.002019s ]
INFO: [ app_begin ] --START--
INFO: Run Behavior\ReadHtmlCacheBehavior [ RunTime:0.002116s ]
INFO: [ app_begin ] --END-- [ RunTime:0.004218s ]
SQL: SHOW COLUMNS FROM `we_menu` [ RunTime:0.0141s ]
SQL: SELECT * FROM `we_menu` ORDER BY sort asc,id asc  [ RunTime:0.0011s ]
SQL: SHOW COLUMNS FROM `we_product_cate` [ RunTime:0.0142s ]
NOTIC: [2048] Declaration of Admin\Model\ProductModel::page() should be compatible with Think\Model::page($page, $listRows = NULL) C:\wamp\www\wepay\App\Admin\Model\ProductModel.class.php 第 100 行.
SQL: SHOW COLUMNS FROM `we_product` [ RunTime:0.0141s ]
NOTIC: [8] Undefined variable: where C:\wamp\www\wepay\App\Admin\Model\ProductModel.class.php 第 61 行.
SQL: SELECT COUNT(*) AS tp_count FROM we_product a INNER JOIN we_product_cate as b on a.pid =b.id  LIMIT 1   [ RunTime:0.0009s ]
NOTIC: [8] Undefined variable: where C:\wamp\www\wepay\App\Admin\Model\ProductModel.class.php 第 77 行.
SQL: SELECT a.*,b.name as pname,FROM_UNIXTIME(a.add_time,'%Y-%m-%d %H:%i') as date FROM we_product a INNER JOIN we_product_cate as b on a.pid =b.id  ORDER BY id desc LIMIT 0,10   [ RunTime:0.0122s ]
SQL: SELECT *,FROM_UNIXTIME(add_time,'%Y-%m-%d %H:%i') as date FROM `we_product_cate` ORDER BY id asc  [ RunTime:0.0007s ]
INFO: [ view_parse ] --START--
INFO: [ template_filter ] --START--
INFO: Run Behavior\ContentReplaceBehavior [ RunTime:0.000780s ]
INFO: [ template_filter ] --END-- [ RunTime:0.001528s ]
INFO: Run Behavior\ParseTemplateBehavior [ RunTime:0.089445s ]
INFO: [ view_parse ] --END-- [ RunTime:0.090221s ]
INFO: [ view_filter ] --START--
INFO: Run Behavior\WriteHtmlCacheBehavior [ RunTime:0.001878s ]
INFO: [ view_filter ] --END-- [ RunTime:0.002636s ]
INFO: [ app_end ] --START--
INFO: Run Behavior\ShowPageTraceBehavior [ RunTime:0.003254s ]
INFO: [ app_end ] --END-- [ RunTime:0.004369s ]

[ 2017-06-26T11:24:46+08:00 ] ::1 /wepay/admin.php/Product/addProduct
INFO: [ app_init ] --START--
INFO: Run Behavior\BuildLiteBehavior [ RunTime:0.000157s ]
INFO: [ app_init ] --END-- [ RunTime:0.003020s ]
INFO: [ app_begin ] --START--
INFO: Run Behavior\ReadHtmlCacheBehavior [ RunTime:0.004663s ]
INFO: [ app_begin ] --END-- [ RunTime:0.005330s ]
SQL: SHOW COLUMNS FROM `we_menu` [ RunTime:0.0139s ]
SQL: SELECT * FROM `we_menu` ORDER BY sort asc,id asc  [ RunTime:0.0013s ]
SQL: SHOW COLUMNS FROM `we_product_cate` [ RunTime:0.0132s ]
NOTIC: [2048] Declaration of Admin\Model\ProductModel::page() should be compatible with Think\Model::page($page, $listRows = NULL) C:\wamp\www\wepay\App\Admin\Model\ProductModel.class.php 第 100 行.
SQL: SHOW COLUMNS FROM `we_product` [ RunTime:0.0135s ]
NOTIC: [8] Undefined index: validate C:\wamp\www\wepay\ThinkPHP\Library\Think\Model.class.php 第 1185 行.
SQL: SELECT * FROM `we_product` WHERE `name` = '澳元/人民币' LIMIT 1   [ RunTime:0.0009s ]
NOTIC: [8] Undefined index: auto C:\wamp\www\wepay\ThinkPHP\Library\Think\Model.class.php 第 1128 行.
SQL: INSERT INTO `we_product` (`name`,`pid`,`api`,`desc`,`sort`,`state`,`add_time`) VALUES ('澳元/人民币','1','AUDCNY','澳元/人民币','1','0','1498447486') [ RunTime:0.0096s ]
NOTIC: [8] Undefined variable: where C:\wamp\www\wepay\App\Admin\Model\ProductModel.class.php 第 61 行.
SQL: SELECT COUNT(*) AS tp_count FROM we_product a INNER JOIN we_product_cate as b on a.pid =b.id  LIMIT 1   [ RunTime:0.0009s ]
NOTIC: [8] Undefined variable: where C:\wamp\www\wepay\App\Admin\Model\ProductModel.class.php 第 77 行.
SQL: SELECT a.*,b.name as pname,FROM_UNIXTIME(a.add_time,'%Y-%m-%d %H:%i') as date FROM we_product a INNER JOIN we_product_cate as b on a.pid =b.id  ORDER BY id desc LIMIT 0,10   [ RunTime:0.0131s ]

