[ 2017-06-09T08:32:47+08:00 ] ::1 /wepay/admin.php
INFO: [ app_init ] --START--
INFO: Run Behavior\BuildLiteBehavior [ RunTime:0.000151s ]
INFO: [ app_init ] --END-- [ RunTime:0.004037s ]
INFO: [ app_begin ] --START--
INFO: Run Behavior\ReadHtmlCacheBehavior [ RunTime:0.004864s ]
INFO: [ app_begin ] --END-- [ RunTime:0.006635s ]
SQL: SHOW COLUMNS FROM `we_menu` [ RunTime:0.0233s ]
SQL: SELECT * FROM `we_menu` ORDER BY sort asc,id asc  [ RunTime:0.0015s ]
INFO: [ view_parse ] --START--
INFO: [ template_filter ] --START--
INFO: Run Behavior\ContentReplaceBehavior [ RunTime:0.000622s ]
INFO: [ template_filter ] --END-- [ RunTime:0.001389s ]
INFO: Run Behavior\ParseTemplateBehavior [ RunTime:0.106742s ]
INFO: [ view_parse ] --END-- [ RunTime:0.107526s ]
INFO: [ view_filter ] --START--
INFO: Run Behavior\WriteHtmlCacheBehavior [ RunTime:0.002471s ]
INFO: [ view_filter ] --END-- [ RunTime:0.003216s ]
INFO: [ app_end ] --START--
INFO: Run Behavior\ShowPageTraceBehavior [ RunTime:0.006878s ]
INFO: [ app_end ] --END-- [ RunTime:0.007755s ]

[ 2017-06-09T08:32:51+08:00 ] ::1 /wepay/admin.php/Product/index
INFO: [ app_init ] --START--
INFO: Run Behavior\BuildLiteBehavior [ RunTime:0.000172s ]
INFO: [ app_init ] --END-- [ RunTime:0.002749s ]
INFO: [ app_begin ] --START--
INFO: Run Behavior\ReadHtmlCacheBehavior [ RunTime:0.004307s ]
INFO: [ app_begin ] --END-- [ RunTime:0.005176s ]
SQL: SHOW COLUMNS FROM `we_menu` [ RunTime:0.0175s ]
SQL: SELECT * FROM `we_menu` ORDER BY sort asc,id asc  [ RunTime:0.0018s ]

[ 2017-06-09T08:32:55+08:00 ] ::1 /wepay/admin.php/Product/cate
INFO: [ app_init ] --START--
INFO: Run Behavior\BuildLiteBehavior [ RunTime:0.000147s ]
INFO: [ app_init ] --END-- [ RunTime:0.002117s ]
INFO: [ app_begin ] --START--
INFO: Run Behavior\ReadHtmlCacheBehavior [ RunTime:0.003161s ]
INFO: [ app_begin ] --END-- [ RunTime:0.004550s ]
SQL: SHOW COLUMNS FROM `we_menu` [ RunTime:0.0148s ]
SQL: SELECT * FROM `we_menu` ORDER BY sort asc,id asc  [ RunTime:0.0012s ]

[ 2017-06-09T08:33:06+08:00 ] ::1 /wepay/admin.php/Product/cate
INFO: [ app_init ] --START--
INFO: Run Behavior\BuildLiteBehavior [ RunTime:0.000172s ]
INFO: [ app_init ] --END-- [ RunTime:0.004339s ]
INFO: [ app_begin ] --START--
INFO: Run Behavior\ReadHtmlCacheBehavior [ RunTime:0.002458s ]
INFO: [ app_begin ] --END-- [ RunTime:0.003339s ]
SQL: SHOW COLUMNS FROM `we_menu` [ RunTime:0.0148s ]
SQL: SELECT * FROM `we_menu` ORDER BY sort asc,id asc  [ RunTime:0.0011s ]

[ 2017-06-09T08:38:33+08:00 ] ::1 /wepay/admin.php/Product/cate
INFO: [ app_init ] --START--
INFO: Run Behavior\BuildLiteBehavior [ RunTime:0.000149s ]
INFO: [ app_init ] --END-- [ RunTime:0.003041s ]
INFO: [ app_begin ] --START--
INFO: Run Behavior\ReadHtmlCacheBehavior [ RunTime:0.004722s ]
INFO: [ app_begin ] --END-- [ RunTime:0.006413s ]
SQL: SHOW COLUMNS FROM `we_menu` [ RunTime:0.0150s ]
SQL: SELECT * FROM `we_menu` ORDER BY sort asc,id asc  [ RunTime:0.0012s ]

[ 2017-06-09T08:39:13+08:00 ] ::1 /wepay/admin.php/Product/cate
INFO: [ app_init ] --START--
INFO: Run Behavior\BuildLiteBehavior [ RunTime:0.000151s ]
INFO: [ app_init ] --END-- [ RunTime:0.002605s ]
INFO: [ app_begin ] --START--
INFO: Run Behavior\ReadHtmlCacheBehavior [ RunTime:0.003310s ]
INFO: [ app_begin ] --END-- [ RunTime:0.004088s ]
SQL: SHOW COLUMNS FROM `we_menu` [ RunTime:0.0169s ]
SQL: SELECT * FROM `we_menu` ORDER BY sort asc,id asc  [ RunTime:0.0015s ]

[ 2017-06-09T08:43:56+08:00 ] ::1 /wepay/admin.php/Product/cate
INFO: [ app_init ] --START--
INFO: Run Behavior\BuildLiteBehavior [ RunTime:0.000257s ]
INFO: [ app_init ] --END-- [ RunTime:0.006273s ]
INFO: [ app_begin ] --START--
INFO: Run Behavior\ReadHtmlCacheBehavior [ RunTime:0.002904s ]
INFO: [ app_begin ] --END-- [ RunTime:0.004165s ]
SQL: SHOW COLUMNS FROM `we_menu` [ RunTime:0.0190s ]
SQL: SELECT * FROM `we_menu` ORDER BY sort asc,id asc  [ RunTime:0.0013s ]

[ 2017-06-09T09:54:28+08:00 ] ::1 /wepay/admin.php/Product/cate
INFO: [ app_init ] --START--
INFO: Run Behavior\BuildLiteBehavior [ RunTime:0.000149s ]
INFO: [ app_init ] --END-- [ RunTime:0.009781s ]
INFO: [ app_begin ] --START--
INFO: Run Behavior\ReadHtmlCacheBehavior [ RunTime:0.004427s ]
INFO: [ app_begin ] --END-- [ RunTime:0.005225s ]
SQL: SHOW COLUMNS FROM `we_menu` [ RunTime:0.0849s ]
SQL: SELECT * FROM `we_menu` ORDER BY sort asc,id asc  [ RunTime:0.0187s ]

