[ 2017-05-13T23:18:36+08:00 ] ::1 /wepay/admin.php/Product/cateAdd
ERR: 模板不存在:./App/Admin/View/Product/cateAdd.html

[ 2017-05-13T23:20:10+08:00 ] ::1 /wepay/admin.php/Product/cateAdd
ERR: 模板不存在:./App/Admin/View/Product/cateAdd.html

[ 2017-05-13T23:20:51+08:00 ] ::1 /wepay/admin.php/Product/cateAdd
ERR: 模板不存在:./App/Admin/View/Product/cateAdd.html

[ 2017-05-13T23:23:22+08:00 ] ::1 /wepay/admin.php/Product/cateAdd
INFO: [ app_begin ] --START--
INFO: Run Behavior\ReadHtmlCacheBehavior [ RunTime:0.001900s ]
INFO: [ app_begin ] --END-- [ RunTime:0.003640s ]
SQL: SHOW COLUMNS FROM `we_menu` [ RunTime:0.0123s ]
SQL: SELECT * FROM `we_menu` ORDER BY sort asc,id asc  [ RunTime:0.0017s ]
INFO: [ app_end ] --START--
INFO: Run Behavior\ShowPageTraceBehavior [ RunTime:0.001981s ]
INFO: [ app_end ] --END-- [ RunTime:0.002617s ]

[ 2017-05-13T23:23:32+08:00 ] ::1 /wepay/admin.php/Product/cateAdd
INFO: [ app_begin ] --START--
INFO: Run Behavior\ReadHtmlCacheBehavior [ RunTime:0.001918s ]
INFO: [ app_begin ] --END-- [ RunTime:0.003677s ]
SQL: SHOW COLUMNS FROM `we_menu` [ RunTime:0.0124s ]
SQL: SELECT * FROM `we_menu` ORDER BY sort asc,id asc  [ RunTime:0.0012s ]
INFO: [ app_end ] --START--
INFO: Run Behavior\ShowPageTraceBehavior [ RunTime:0.001950s ]
INFO: [ app_end ] --END-- [ RunTime:0.002607s ]

[ 2017-05-13T23:23:42+08:00 ] ::1 /wepay/admin.php/Product/cateAdd
INFO: [ app_begin ] --START--
INFO: Run Behavior\ReadHtmlCacheBehavior [ RunTime:0.001923s ]
INFO: [ app_begin ] --END-- [ RunTime:0.003690s ]
SQL: SHOW COLUMNS FROM `we_menu` [ RunTime:0.0128s ]
SQL: SELECT * FROM `we_menu` ORDER BY sort asc,id asc  [ RunTime:0.0011s ]
INFO: [ app_end ] --START--
INFO: Run Behavior\ShowPageTraceBehavior [ RunTime:0.002067s ]
INFO: [ app_end ] --END-- [ RunTime:0.002704s ]

[ 2017-05-13T23:27:45+08:00 ] ::1 /wepay/admin.php/Product/cateAdd
INFO: [ app_begin ] --START--
INFO: Run Behavior\ReadHtmlCacheBehavior [ RunTime:0.002717s ]
INFO: [ app_begin ] --END-- [ RunTime:0.004656s ]
SQL: SHOW COLUMNS FROM `we_menu` [ RunTime:0.0121s ]
SQL: SELECT * FROM `we_menu` ORDER BY sort asc,id asc  [ RunTime:0.0012s ]
NOTIC: [2048] Declaration of Admin\Model\ProductCateModel::page() should be compatible with Think\Model::page($page, $listRows = NULL) C:\wamp\www\wepay\App\Admin\Model\ProductCateModel.class.php 第 117 行.
SQL: SHOW COLUMNS FROM `we_product_cate` [ RunTime:0.0121s ]
NOTIC: [8] Undefined index: validate C:\wamp\www\wepay\ThinkPHP\Library\Think\Model.class.php 第 1185 行.
NOTIC: [8] Undefined index: username C:\wamp\www\wepay\ThinkPHP\Library\Think\Model.class.php 第 1303 行.

[ 2017-05-13T23:27:49+08:00 ] ::1 /wepay/admin.php/Product/cateAdd
INFO: [ app_begin ] --START--
INFO: Run Behavior\ReadHtmlCacheBehavior [ RunTime:0.002147s ]
INFO: [ app_begin ] --END-- [ RunTime:0.003847s ]
SQL: SHOW COLUMNS FROM `we_menu` [ RunTime:0.0120s ]
SQL: SELECT * FROM `we_menu` ORDER BY sort asc,id asc  [ RunTime:0.0011s ]
NOTIC: [2048] Declaration of Admin\Model\ProductCateModel::page() should be compatible with Think\Model::page($page, $listRows = NULL) C:\wamp\www\wepay\App\Admin\Model\ProductCateModel.class.php 第 117 行.
SQL: SHOW COLUMNS FROM `we_product_cate` [ RunTime:0.0124s ]
NOTIC: [8] Undefined index: validate C:\wamp\www\wepay\ThinkPHP\Library\Think\Model.class.php 第 1185 行.
NOTIC: [8] Undefined index: username C:\wamp\www\wepay\ThinkPHP\Library\Think\Model.class.php 第 1303 行.

[ 2017-05-13T23:28:00+08:00 ] ::1 /wepay/admin.php/Product/cateAdd
INFO: [ app_begin ] --START--
INFO: Run Behavior\ReadHtmlCacheBehavior [ RunTime:0.002765s ]
INFO: [ app_begin ] --END-- [ RunTime:0.004644s ]
SQL: SHOW COLUMNS FROM `we_menu` [ RunTime:0.0131s ]
SQL: SELECT * FROM `we_menu` ORDER BY sort asc,id asc  [ RunTime:0.0012s ]
NOTIC: [2048] Declaration of Admin\Model\ProductCateModel::page() should be compatible with Think\Model::page($page, $listRows = NULL) C:\wamp\www\wepay\App\Admin\Model\ProductCateModel.class.php 第 117 行.
SQL: SHOW COLUMNS FROM `we_product_cate` [ RunTime:0.0120s ]
NOTIC: [8] Undefined index: validate C:\wamp\www\wepay\ThinkPHP\Library\Think\Model.class.php 第 1185 行.
NOTIC: [8] Undefined index: username C:\wamp\www\wepay\ThinkPHP\Library\Think\Model.class.php 第 1303 行.

[ 2017-05-13T23:28:03+08:00 ] ::1 /wepay/admin.php/Product/cateAdd
INFO: [ app_begin ] --START--
INFO: Run Behavior\ReadHtmlCacheBehavior [ RunTime:0.002141s ]
INFO: [ app_begin ] --END-- [ RunTime:0.003874s ]
SQL: SHOW COLUMNS FROM `we_menu` [ RunTime:0.0127s ]
SQL: SELECT * FROM `we_menu` ORDER BY sort asc,id asc  [ RunTime:0.0012s ]
NOTIC: [2048] Declaration of Admin\Model\ProductCateModel::page() should be compatible with Think\Model::page($page, $listRows = NULL) C:\wamp\www\wepay\App\Admin\Model\ProductCateModel.class.php 第 117 行.
SQL: SHOW COLUMNS FROM `we_product_cate` [ RunTime:0.0124s ]
NOTIC: [8] Undefined index: validate C:\wamp\www\wepay\ThinkPHP\Library\Think\Model.class.php 第 1185 行.
NOTIC: [8] Undefined index: username C:\wamp\www\wepay\ThinkPHP\Library\Think\Model.class.php 第 1303 行.

[ 2017-05-13T23:28:05+08:00 ] ::1 /wepay/admin.php/Product/cateAdd
INFO: [ app_begin ] --START--
INFO: Run Behavior\ReadHtmlCacheBehavior [ RunTime:0.002120s ]
INFO: [ app_begin ] --END-- [ RunTime:0.004297s ]
SQL: SHOW COLUMNS FROM `we_menu` [ RunTime:0.0128s ]
SQL: SELECT * FROM `we_menu` ORDER BY sort asc,id asc  [ RunTime:0.0012s ]
NOTIC: [2048] Declaration of Admin\Model\ProductCateModel::page() should be compatible with Think\Model::page($page, $listRows = NULL) C:\wamp\www\wepay\App\Admin\Model\ProductCateModel.class.php 第 117 行.
SQL: SHOW COLUMNS FROM `we_product_cate` [ RunTime:0.0125s ]
NOTIC: [8] Undefined index: validate C:\wamp\www\wepay\ThinkPHP\Library\Think\Model.class.php 第 1185 行.
NOTIC: [8] Undefined index: username C:\wamp\www\wepay\ThinkPHP\Library\Think\Model.class.php 第 1303 行.

[ 2017-05-13T23:28:15+08:00 ] ::1 /wepay/admin.php/Product/cateAdd
INFO: [ app_begin ] --START--
INFO: Run Behavior\ReadHtmlCacheBehavior [ RunTime:0.001889s ]
INFO: [ app_begin ] --END-- [ RunTime:0.003578s ]
SQL: SHOW COLUMNS FROM `we_menu` [ RunTime:0.0121s ]
SQL: SELECT * FROM `we_menu` ORDER BY sort asc,id asc  [ RunTime:0.0013s ]
NOTIC: [2048] Declaration of Admin\Model\ProductCateModel::page() should be compatible with Think\Model::page($page, $listRows = NULL) C:\wamp\www\wepay\App\Admin\Model\ProductCateModel.class.php 第 117 行.
SQL: SHOW COLUMNS FROM `we_product_cate` [ RunTime:0.0123s ]
NOTIC: [8] Undefined index: validate C:\wamp\www\wepay\ThinkPHP\Library\Think\Model.class.php 第 1185 行.
NOTIC: [8] Undefined index: username C:\wamp\www\wepay\ThinkPHP\Library\Think\Model.class.php 第 1303 行.

[ 2017-05-13T23:28:21+08:00 ] ::1 /wepay/admin.php/Product/cateAdd
INFO: [ app_begin ] --START--
INFO: Run Behavior\ReadHtmlCacheBehavior [ RunTime:0.002103s ]
INFO: [ app_begin ] --END-- [ RunTime:0.003996s ]
SQL: SHOW COLUMNS FROM `we_menu` [ RunTime:0.0146s ]
SQL: SELECT * FROM `we_menu` ORDER BY sort asc,id asc  [ RunTime:0.0014s ]
NOTIC: [2048] Declaration of Admin\Model\ProductCateModel::page() should be compatible with Think\Model::page($page, $listRows = NULL) C:\wamp\www\wepay\App\Admin\Model\ProductCateModel.class.php 第 117 行.
SQL: SHOW COLUMNS FROM `we_product_cate` [ RunTime:0.0144s ]
NOTIC: [8] Undefined index: validate C:\wamp\www\wepay\ThinkPHP\Library\Think\Model.class.php 第 1185 行.
NOTIC: [8] Undefined index: username C:\wamp\www\wepay\ThinkPHP\Library\Think\Model.class.php 第 1303 行.

[ 2017-05-13T23:29:21+08:00 ] ::1 /wepay/admin.php/Product/cateAdd
INFO: [ app_begin ] --START--
INFO: Run Behavior\ReadHtmlCacheBehavior [ RunTime:0.002612s ]
INFO: [ app_begin ] --END-- [ RunTime:0.004553s ]
SQL: SHOW COLUMNS FROM `we_menu` [ RunTime:0.0133s ]
SQL: SELECT * FROM `we_menu` ORDER BY sort asc,id asc  [ RunTime:0.0013s ]
NOTIC: [2048] Declaration of Admin\Model\ProductCateModel::page() should be compatible with Think\Model::page($page, $listRows = NULL) C:\wamp\www\wepay\App\Admin\Model\ProductCateModel.class.php 第 117 行.
SQL: SHOW COLUMNS FROM `we_product_cate` [ RunTime:0.0138s ]
NOTIC: [8] Undefined index: validate C:\wamp\www\wepay\ThinkPHP\Library\Think\Model.class.php 第 1185 行.

[ 2017-05-13T23:29:24+08:00 ] ::1 /wepay/admin.php/Product/cateAdd
INFO: [ app_begin ] --START--
INFO: Run Behavior\ReadHtmlCacheBehavior [ RunTime:0.002271s ]
INFO: [ app_begin ] --END-- [ RunTime:0.004010s ]
SQL: SHOW COLUMNS FROM `we_menu` [ RunTime:0.0125s ]
SQL: SELECT * FROM `we_menu` ORDER BY sort asc,id asc  [ RunTime:0.0013s ]
NOTIC: [2048] Declaration of Admin\Model\ProductCateModel::page() should be compatible with Think\Model::page($page, $listRows = NULL) C:\wamp\www\wepay\App\Admin\Model\ProductCateModel.class.php 第 117 行.
SQL: SHOW COLUMNS FROM `we_product_cate` [ RunTime:0.0119s ]
NOTIC: [8] Undefined index: validate C:\wamp\www\wepay\ThinkPHP\Library\Think\Model.class.php 第 1185 行.

[ 2017-05-13T23:29:24+08:00 ] ::1 /wepay/admin.php/Product/cateAdd
INFO: [ app_begin ] --START--
INFO: Run Behavior\ReadHtmlCacheBehavior [ RunTime:0.002692s ]
INFO: [ app_begin ] --END-- [ RunTime:0.004418s ]
SQL: SHOW COLUMNS FROM `we_menu` [ RunTime:0.0124s ]
SQL: SELECT * FROM `we_menu` ORDER BY sort asc,id asc  [ RunTime:0.0013s ]
NOTIC: [2048] Declaration of Admin\Model\ProductCateModel::page() should be compatible with Think\Model::page($page, $listRows = NULL) C:\wamp\www\wepay\App\Admin\Model\ProductCateModel.class.php 第 117 行.
SQL: SHOW COLUMNS FROM `we_product_cate` [ RunTime:0.0121s ]
NOTIC: [8] Undefined index: validate C:\wamp\www\wepay\ThinkPHP\Library\Think\Model.class.php 第 1185 行.

[ 2017-05-13T23:29:25+08:00 ] ::1 /wepay/admin.php/Product/cateAdd
INFO: [ app_begin ] --START--
INFO: Run Behavior\ReadHtmlCacheBehavior [ RunTime:0.001948s ]
INFO: [ app_begin ] --END-- [ RunTime:0.004285s ]
SQL: SHOW COLUMNS FROM `we_menu` [ RunTime:0.0140s ]
SQL: SELECT * FROM `we_menu` ORDER BY sort asc,id asc  [ RunTime:0.0014s ]
NOTIC: [2048] Declaration of Admin\Model\ProductCateModel::page() should be compatible with Think\Model::page($page, $listRows = NULL) C:\wamp\www\wepay\App\Admin\Model\ProductCateModel.class.php 第 117 行.
SQL: SHOW COLUMNS FROM `we_product_cate` [ RunTime:0.0140s ]
NOTIC: [8] Undefined index: validate C:\wamp\www\wepay\ThinkPHP\Library\Think\Model.class.php 第 1185 行.

[ 2017-05-13T23:29:25+08:00 ] ::1 /wepay/admin.php/Product/cateAdd
INFO: [ app_begin ] --START--
INFO: Run Behavior\ReadHtmlCacheBehavior [ RunTime:0.002935s ]
INFO: [ app_begin ] --END-- [ RunTime:0.004902s ]
SQL: SHOW COLUMNS FROM `we_menu` [ RunTime:0.0135s ]
SQL: SELECT * FROM `we_menu` ORDER BY sort asc,id asc  [ RunTime:0.0014s ]
NOTIC: [2048] Declaration of Admin\Model\ProductCateModel::page() should be compatible with Think\Model::page($page, $listRows = NULL) C:\wamp\www\wepay\App\Admin\Model\ProductCateModel.class.php 第 117 行.
SQL: SHOW COLUMNS FROM `we_product_cate` [ RunTime:0.0132s ]
NOTIC: [8] Undefined index: validate C:\wamp\www\wepay\ThinkPHP\Library\Think\Model.class.php 第 1185 行.

[ 2017-05-13T23:29:27+08:00 ] ::1 /wepay/admin.php/Product/cateAdd
INFO: [ app_begin ] --START--
INFO: Run Behavior\ReadHtmlCacheBehavior [ RunTime:0.002904s ]
INFO: [ app_begin ] --END-- [ RunTime:0.006360s ]
SQL: SHOW COLUMNS FROM `we_menu` [ RunTime:0.0143s ]
SQL: SELECT * FROM `we_menu` ORDER BY sort asc,id asc  [ RunTime:0.0013s ]
NOTIC: [2048] Declaration of Admin\Model\ProductCateModel::page() should be compatible with Think\Model::page($page, $listRows = NULL) C:\wamp\www\wepay\App\Admin\Model\ProductCateModel.class.php 第 117 行.
SQL: SHOW COLUMNS FROM `we_product_cate` [ RunTime:0.0142s ]
NOTIC: [8] Undefined index: validate C:\wamp\www\wepay\ThinkPHP\Library\Think\Model.class.php 第 1185 行.

[ 2017-05-13T23:29:33+08:00 ] ::1 /wepay/admin.php/Product/cateAdd
INFO: [ app_begin ] --START--
INFO: Run Behavior\ReadHtmlCacheBehavior [ RunTime:0.002966s ]
INFO: [ app_begin ] --END-- [ RunTime:0.006797s ]
SQL: SHOW COLUMNS FROM `we_menu` [ RunTime:0.0145s ]
SQL: SELECT * FROM `we_menu` ORDER BY sort asc,id asc  [ RunTime:0.0013s ]
NOTIC: [2048] Declaration of Admin\Model\ProductCateModel::page() should be compatible with Think\Model::page($page, $listRows = NULL) C:\wamp\www\wepay\App\Admin\Model\ProductCateModel.class.php 第 117 行.
SQL: SHOW COLUMNS FROM `we_product_cate` [ RunTime:0.0146s ]
NOTIC: [8] Undefined index: validate C:\wamp\www\wepay\ThinkPHP\Library\Think\Model.class.php 第 1185 行.

[ 2017-05-13T23:31:58+08:00 ] ::1 /wepay/admin.php/Product/cateAdd
INFO: [ app_begin ] --START--
INFO: Run Behavior\ReadHtmlCacheBehavior [ RunTime:0.002629s ]
INFO: [ app_begin ] --END-- [ RunTime:0.005056s ]
SQL: SHOW COLUMNS FROM `we_menu` [ RunTime:0.0128s ]
SQL: SELECT * FROM `we_menu` ORDER BY sort asc,id asc  [ RunTime:0.0011s ]
SQL: SHOW COLUMNS FROM `we_product_cate` [ RunTime:0.0118s ]
NOTIC: [8] Undefined index: validate C:\wamp\www\wepay\ThinkPHP\Library\Think\Model.class.php 第 1185 行.

[ 2017-05-13T23:33:31+08:00 ] ::1 /wepay/admin.php/Product/cateAdd
INFO: [ app_begin ] --START--
INFO: Run Behavior\ReadHtmlCacheBehavior [ RunTime:0.002245s ]
INFO: [ app_begin ] --END-- [ RunTime:0.004580s ]
SQL: SHOW COLUMNS FROM `we_menu` [ RunTime:0.0122s ]
SQL: SELECT * FROM `we_menu` ORDER BY sort asc,id asc  [ RunTime:0.0012s ]
SQL: SHOW COLUMNS FROM `we_product_cate` [ RunTime:0.0119s ]

[ 2017-05-13T23:33:51+08:00 ] ::1 /wepay/admin.php/Product/cateAdd
INFO: [ app_begin ] --START--
INFO: Run Behavior\ReadHtmlCacheBehavior [ RunTime:0.002457s ]
INFO: [ app_begin ] --END-- [ RunTime:0.004442s ]
SQL: SHOW COLUMNS FROM `we_menu` [ RunTime:0.0123s ]
SQL: SELECT * FROM `we_menu` ORDER BY sort asc,id asc  [ RunTime:0.0011s ]
SQL: SHOW COLUMNS FROM `we_product_cate` [ RunTime:0.0121s ]

[ 2017-05-13T23:34:51+08:00 ] ::1 /wepay/admin.php/Product/cateAdd
INFO: [ app_begin ] --START--
INFO: Run Behavior\ReadHtmlCacheBehavior [ RunTime:0.001931s ]
INFO: [ app_begin ] --END-- [ RunTime:0.003839s ]
SQL: SHOW COLUMNS FROM `we_menu` [ RunTime:0.0122s ]
SQL: SELECT * FROM `we_menu` ORDER BY sort asc,id asc  [ RunTime:0.0011s ]
SQL: SHOW COLUMNS FROM `we_product_cate` [ RunTime:0.0142s ]

[ 2017-05-13T23:35:07+08:00 ] ::1 /wepay/admin.php/Product/cateAdd
INFO: [ app_begin ] --START--
INFO: Run Behavior\ReadHtmlCacheBehavior [ RunTime:0.001899s ]
INFO: [ app_begin ] --END-- [ RunTime:0.003653s ]
SQL: SHOW COLUMNS FROM `we_menu` [ RunTime:0.0128s ]
SQL: SELECT * FROM `we_menu` ORDER BY sort asc,id asc  [ RunTime:0.0012s ]
SQL: SHOW COLUMNS FROM `we_product_cate` [ RunTime:0.0121s ]

[ 2017-05-13T23:35:08+08:00 ] ::1 /wepay/admin.php/Product/cateAdd
INFO: [ app_begin ] --START--
INFO: Run Behavior\ReadHtmlCacheBehavior [ RunTime:0.002008s ]
INFO: [ app_begin ] --END-- [ RunTime:0.004028s ]
SQL: SHOW COLUMNS FROM `we_menu` [ RunTime:0.0120s ]
SQL: SELECT * FROM `we_menu` ORDER BY sort asc,id asc  [ RunTime:0.0011s ]
SQL: SHOW COLUMNS FROM `we_product_cate` [ RunTime:0.0123s ]

[ 2017-05-13T23:35:08+08:00 ] ::1 /wepay/admin.php/Product/cateAdd
INFO: [ app_begin ] --START--
INFO: Run Behavior\ReadHtmlCacheBehavior [ RunTime:0.003631s ]
INFO: [ app_begin ] --END-- [ RunTime:0.005380s ]
SQL: SHOW COLUMNS FROM `we_menu` [ RunTime:0.0146s ]
SQL: SELECT * FROM `we_menu` ORDER BY sort asc,id asc  [ RunTime:0.0013s ]
SQL: SHOW COLUMNS FROM `we_product_cate` [ RunTime:0.0130s ]

[ 2017-05-13T23:36:30+08:00 ] ::1 /wepay/admin.php/Product/cateAdd
INFO: [ app_begin ] --START--
INFO: Run Behavior\ReadHtmlCacheBehavior [ RunTime:0.002421s ]
INFO: [ app_begin ] --END-- [ RunTime:0.004351s ]
SQL: SHOW COLUMNS FROM `we_menu` [ RunTime:0.0119s ]
SQL: SELECT * FROM `we_menu` ORDER BY sort asc,id asc  [ RunTime:0.0012s ]
SQL: SHOW COLUMNS FROM `we_product_cate` [ RunTime:0.0125s ]

[ 2017-05-13T23:37:50+08:00 ] ::1 /wepay/admin.php/Product/cateAdd
INFO: [ app_begin ] --START--
INFO: Run Behavior\ReadHtmlCacheBehavior [ RunTime:0.003439s ]
INFO: [ app_begin ] --END-- [ RunTime:0.007051s ]
SQL: SHOW COLUMNS FROM `we_menu` [ RunTime:0.0121s ]
SQL: SELECT * FROM `we_menu` ORDER BY sort asc,id asc  [ RunTime:0.0012s ]
SQL: SHOW COLUMNS FROM `we_product_cate` [ RunTime:0.0116s ]

[ 2017-05-13T23:39:01+08:00 ] ::1 /wepay/admin.php/Product/cateAdd
INFO: [ app_begin ] --START--
INFO: Run Behavior\ReadHtmlCacheBehavior [ RunTime:0.002900s ]
INFO: [ app_begin ] --END-- [ RunTime:0.004793s ]
SQL: SHOW COLUMNS FROM `we_menu` [ RunTime:0.0139s ]
SQL: SELECT * FROM `we_menu` ORDER BY sort asc,id asc  [ RunTime:0.0012s ]
SQL: SHOW COLUMNS FROM `we_product_cate` [ RunTime:0.0136s ]
NOTIC: [8] Undefined index: validate C:\wamp\www\wepay\ThinkPHP\Library\Think\Model.class.php 第 1185 行.
SQL: SELECT * FROM `we_product_cate` WHERE `name` = '货币' LIMIT 1   [ RunTime:0.0008s ]
NOTIC: [8] Undefined index: auto C:\wamp\www\wepay\ThinkPHP\Library\Think\Model.class.php 第 1128 行.
SQL: INSERT INTO `we_product_cate` (`name`,`desc`,`add_time`) VALUES ('货币','','1494689941') [ RunTime:0.0229s ]
INFO: [ app_end ] --START--
INFO: Run Behavior\ShowPageTraceBehavior [ RunTime:0.001972s ]
INFO: [ app_end ] --END-- [ RunTime:0.002581s ]

[ 2017-05-13T23:39:14+08:00 ] ::1 /wepay/admin.php/Product/cateAdd
INFO: [ app_begin ] --START--
INFO: Run Behavior\ReadHtmlCacheBehavior [ RunTime:0.001959s ]
INFO: [ app_begin ] --END-- [ RunTime:0.004023s ]
SQL: SHOW COLUMNS FROM `we_menu` [ RunTime:0.0159s ]
SQL: SELECT * FROM `we_menu` ORDER BY sort asc,id asc  [ RunTime:0.0015s ]
SQL: SHOW COLUMNS FROM `we_product_cate` [ RunTime:0.0130s ]
NOTIC: [8] Undefined index: validate C:\wamp\www\wepay\ThinkPHP\Library\Think\Model.class.php 第 1185 行.
SQL: SELECT * FROM `we_product_cate` WHERE `name` = '货币' LIMIT 1   [ RunTime:0.0007s ]

[ 2017-05-13T23:39:16+08:00 ] ::1 /wepay/admin.php/Product/cateAdd
INFO: [ app_begin ] --START--
INFO: Run Behavior\ReadHtmlCacheBehavior [ RunTime:0.002256s ]
INFO: [ app_begin ] --END-- [ RunTime:0.003961s ]
SQL: SHOW COLUMNS FROM `we_menu` [ RunTime:0.0144s ]
SQL: SELECT * FROM `we_menu` ORDER BY sort asc,id asc  [ RunTime:0.0014s ]
SQL: SHOW COLUMNS FROM `we_product_cate` [ RunTime:0.0147s ]
NOTIC: [8] Undefined index: validate C:\wamp\www\wepay\ThinkPHP\Library\Think\Model.class.php 第 1185 行.
SQL: SELECT * FROM `we_product_cate` WHERE `name` = '货币' LIMIT 1   [ RunTime:0.0008s ]

[ 2017-05-13T23:39:17+08:00 ] ::1 /wepay/admin.php/Product/cateAdd
INFO: [ app_begin ] --START--
INFO: Run Behavior\ReadHtmlCacheBehavior [ RunTime:0.002340s ]
INFO: [ app_begin ] --END-- [ RunTime:0.004193s ]
SQL: SHOW COLUMNS FROM `we_menu` [ RunTime:0.0128s ]
SQL: SELECT * FROM `we_menu` ORDER BY sort asc,id asc  [ RunTime:0.0014s ]
SQL: SHOW COLUMNS FROM `we_product_cate` [ RunTime:0.0132s ]
NOTIC: [8] Undefined index: validate C:\wamp\www\wepay\ThinkPHP\Library\Think\Model.class.php 第 1185 行.
SQL: SELECT * FROM `we_product_cate` WHERE `name` = '货币' LIMIT 1   [ RunTime:0.0008s ]

[ 2017-05-13T23:39:17+08:00 ] ::1 /wepay/admin.php/Product/cateAdd
INFO: [ app_begin ] --START--
INFO: Run Behavior\ReadHtmlCacheBehavior [ RunTime:0.002135s ]
INFO: [ app_begin ] --END-- [ RunTime:0.004041s ]
SQL: SHOW COLUMNS FROM `we_menu` [ RunTime:0.0145s ]
SQL: SELECT * FROM `we_menu` ORDER BY sort asc,id asc  [ RunTime:0.0014s ]
SQL: SHOW COLUMNS FROM `we_product_cate` [ RunTime:0.0139s ]
NOTIC: [8] Undefined index: validate C:\wamp\www\wepay\ThinkPHP\Library\Think\Model.class.php 第 1185 行.
SQL: SELECT * FROM `we_product_cate` WHERE `name` = '货币' LIMIT 1   [ RunTime:0.0012s ]

[ 2017-05-13T23:39:18+08:00 ] ::1 /wepay/admin.php/Product/cateAdd
INFO: [ app_begin ] --START--
INFO: Run Behavior\ReadHtmlCacheBehavior [ RunTime:0.002303s ]
INFO: [ app_begin ] --END-- [ RunTime:0.004012s ]
SQL: SHOW COLUMNS FROM `we_menu` [ RunTime:0.0126s ]
SQL: SELECT * FROM `we_menu` ORDER BY sort asc,id asc  [ RunTime:0.0018s ]
SQL: SHOW COLUMNS FROM `we_product_cate` [ RunTime:0.0131s ]
NOTIC: [8] Undefined index: validate C:\wamp\www\wepay\ThinkPHP\Library\Think\Model.class.php 第 1185 行.
SQL: SELECT * FROM `we_product_cate` WHERE `name` = '货币' LIMIT 1   [ RunTime:0.0009s ]

[ 2017-05-13T23:39:19+08:00 ] ::1 /wepay/admin.php/Product/cateAdd
INFO: [ app_begin ] --START--
INFO: Run Behavior\ReadHtmlCacheBehavior [ RunTime:0.003885s ]
INFO: [ app_begin ] --END-- [ RunTime:0.005708s ]
SQL: SHOW COLUMNS FROM `we_menu` [ RunTime:0.0127s ]
SQL: SELECT * FROM `we_menu` ORDER BY sort asc,id asc  [ RunTime:0.0014s ]
SQL: SHOW COLUMNS FROM `we_product_cate` [ RunTime:0.0134s ]
NOTIC: [8] Undefined index: validate C:\wamp\www\wepay\ThinkPHP\Library\Think\Model.class.php 第 1185 行.
SQL: SELECT * FROM `we_product_cate` WHERE `name` = '货币' LIMIT 1   [ RunTime:0.0010s ]

[ 2017-05-13T23:39:24+08:00 ] ::1 /wepay/admin.php/Product/cateAdd
INFO: [ app_begin ] --START--
INFO: Run Behavior\ReadHtmlCacheBehavior [ RunTime:0.003783s ]
INFO: [ app_begin ] --END-- [ RunTime:0.006236s ]
SQL: SHOW COLUMNS FROM `we_menu` [ RunTime:0.0140s ]
SQL: SELECT * FROM `we_menu` ORDER BY sort asc,id asc  [ RunTime:0.0013s ]
SQL: SHOW COLUMNS FROM `we_product_cate` [ RunTime:0.0155s ]
NOTIC: [8] Undefined index: validate C:\wamp\www\wepay\ThinkPHP\Library\Think\Model.class.php 第 1185 行.
SQL: SELECT * FROM `we_product_cate` WHERE `name` = '货币' LIMIT 1   [ RunTime:0.0008s ]

[ 2017-05-13T23:39:31+08:00 ] ::1 /wepay/admin.php/Product/cateAdd
INFO: [ app_begin ] --START--
INFO: Run Behavior\ReadHtmlCacheBehavior [ RunTime:0.001926s ]
INFO: [ app_begin ] --END-- [ RunTime:0.003862s ]
SQL: SHOW COLUMNS FROM `we_menu` [ RunTime:0.0118s ]
SQL: SELECT * FROM `we_menu` ORDER BY sort asc,id asc  [ RunTime:0.0014s ]
SQL: SHOW COLUMNS FROM `we_product_cate` [ RunTime:0.0115s ]
NOTIC: [8] Undefined index: validate C:\wamp\www\wepay\ThinkPHP\Library\Think\Model.class.php 第 1185 行.
SQL: SELECT * FROM `we_product_cate` WHERE `name` = '货币' LIMIT 1   [ RunTime:0.0007s ]

[ 2017-05-13T23:39:57+08:00 ] ::1 /wepay/admin.php/Product/cateAdd
INFO: [ app_begin ] --START--
INFO: Run Behavior\ReadHtmlCacheBehavior [ RunTime:0.002451s ]
INFO: [ app_begin ] --END-- [ RunTime:0.005101s ]
SQL: SHOW COLUMNS FROM `we_menu` [ RunTime:0.0123s ]
SQL: SELECT * FROM `we_menu` ORDER BY sort asc,id asc  [ RunTime:0.0012s ]
SQL: SHOW COLUMNS FROM `we_product_cate` [ RunTime:0.0124s ]
NOTIC: [8] Undefined index: validate C:\wamp\www\wepay\ThinkPHP\Library\Think\Model.class.php 第 1185 行.
SQL: SELECT * FROM `we_product_cate` WHERE `name` = '货币' LIMIT 1   [ RunTime:0.0007s ]

[ 2017-05-13T23:41:49+08:00 ] ::1 /wepay/admin.php/Product/cateAdd
INFO: [ app_begin ] --START--
INFO: Run Behavior\ReadHtmlCacheBehavior [ RunTime:0.002206s ]
INFO: [ app_begin ] --END-- [ RunTime:0.005260s ]
SQL: SHOW COLUMNS FROM `we_menu` [ RunTime:0.0124s ]
SQL: SELECT * FROM `we_menu` ORDER BY sort asc,id asc  [ RunTime:0.0011s ]
SQL: SHOW COLUMNS FROM `we_product_cate` [ RunTime:0.0120s ]
NOTIC: [8] Undefined index: validate C:\wamp\www\wepay\ThinkPHP\Library\Think\Model.class.php 第 1185 行.

[ 2017-05-13T23:42:44+08:00 ] ::1 /wepay/admin.php/Product/cateAdd
INFO: [ app_begin ] --START--
INFO: Run Behavior\ReadHtmlCacheBehavior [ RunTime:0.002192s ]
INFO: [ app_begin ] --END-- [ RunTime:0.004951s ]
SQL: SHOW COLUMNS FROM `we_menu` [ RunTime:0.0118s ]
SQL: SELECT * FROM `we_menu` ORDER BY sort asc,id asc  [ RunTime:0.0011s ]
SQL: SHOW COLUMNS FROM `we_product_cate` [ RunTime:0.0120s ]
NOTIC: [8] Undefined index: validate C:\wamp\www\wepay\ThinkPHP\Library\Think\Model.class.php 第 1185 行.

[ 2017-05-13T23:42:45+08:00 ] ::1 /wepay/admin.php/Product/cateAdd
INFO: [ app_begin ] --START--
INFO: Run Behavior\ReadHtmlCacheBehavior [ RunTime:0.002050s ]
INFO: [ app_begin ] --END-- [ RunTime:0.003834s ]
SQL: SHOW COLUMNS FROM `we_menu` [ RunTime:0.0130s ]
SQL: SELECT * FROM `we_menu` ORDER BY sort asc,id asc  [ RunTime:0.0011s ]
SQL: SHOW COLUMNS FROM `we_product_cate` [ RunTime:0.0117s ]
NOTIC: [8] Undefined index: validate C:\wamp\www\wepay\ThinkPHP\Library\Think\Model.class.php 第 1185 行.

[ 2017-05-13T23:42:46+08:00 ] ::1 /wepay/admin.php/Product/cateAdd
INFO: [ app_begin ] --START--
INFO: Run Behavior\ReadHtmlCacheBehavior [ RunTime:0.001950s ]
INFO: [ app_begin ] --END-- [ RunTime:0.003673s ]
SQL: SHOW COLUMNS FROM `we_menu` [ RunTime:0.0125s ]
SQL: SELECT * FROM `we_menu` ORDER BY sort asc,id asc  [ RunTime:0.0011s ]
SQL: SHOW COLUMNS FROM `we_product_cate` [ RunTime:0.0124s ]
NOTIC: [8] Undefined index: validate C:\wamp\www\wepay\ThinkPHP\Library\Think\Model.class.php 第 1185 行.

[ 2017-05-13T23:42:47+08:00 ] ::1 /wepay/admin.php/Product/cateAdd
INFO: [ app_begin ] --START--
INFO: Run Behavior\ReadHtmlCacheBehavior [ RunTime:0.001868s ]
INFO: [ app_begin ] --END-- [ RunTime:0.003563s ]
SQL: SHOW COLUMNS FROM `we_menu` [ RunTime:0.0123s ]
SQL: SELECT * FROM `we_menu` ORDER BY sort asc,id asc  [ RunTime:0.0011s ]
SQL: SHOW COLUMNS FROM `we_product_cate` [ RunTime:0.0120s ]
NOTIC: [8] Undefined index: validate C:\wamp\www\wepay\ThinkPHP\Library\Think\Model.class.php 第 1185 行.

[ 2017-05-13T23:42:47+08:00 ] ::1 /wepay/admin.php/Product/cateAdd
INFO: [ app_begin ] --START--
INFO: Run Behavior\ReadHtmlCacheBehavior [ RunTime:0.002155s ]
INFO: [ app_begin ] --END-- [ RunTime:0.003953s ]
SQL: SHOW COLUMNS FROM `we_menu` [ RunTime:0.0139s ]
SQL: SELECT * FROM `we_menu` ORDER BY sort asc,id asc  [ RunTime:0.0013s ]
SQL: SHOW COLUMNS FROM `we_product_cate` [ RunTime:0.0138s ]
NOTIC: [8] Undefined index: validate C:\wamp\www\wepay\ThinkPHP\Library\Think\Model.class.php 第 1185 行.

[ 2017-05-13T23:42:47+08:00 ] ::1 /wepay/admin.php/Product/cateAdd
INFO: [ app_begin ] --START--
INFO: Run Behavior\ReadHtmlCacheBehavior [ RunTime:0.003321s ]
INFO: [ app_begin ] --END-- [ RunTime:0.005642s ]
SQL: SHOW COLUMNS FROM `we_menu` [ RunTime:0.0142s ]
SQL: SELECT * FROM `we_menu` ORDER BY sort asc,id asc  [ RunTime:0.0016s ]
SQL: SHOW COLUMNS FROM `we_product_cate` [ RunTime:0.0147s ]
NOTIC: [8] Undefined index: validate C:\wamp\www\wepay\ThinkPHP\Library\Think\Model.class.php 第 1185 行.

[ 2017-05-13T23:42:48+08:00 ] ::1 /wepay/admin.php/Product/cateAdd
INFO: [ app_begin ] --START--
INFO: Run Behavior\ReadHtmlCacheBehavior [ RunTime:0.002152s ]
INFO: [ app_begin ] --END-- [ RunTime:0.003961s ]
SQL: SHOW COLUMNS FROM `we_menu` [ RunTime:0.0138s ]
SQL: SELECT * FROM `we_menu` ORDER BY sort asc,id asc  [ RunTime:0.0013s ]
SQL: SHOW COLUMNS FROM `we_product_cate` [ RunTime:0.0144s ]
NOTIC: [8] Undefined index: validate C:\wamp\www\wepay\ThinkPHP\Library\Think\Model.class.php 第 1185 行.

[ 2017-05-13T23:43:09+08:00 ] ::1 /wepay/admin.php/Product/cateAdd
INFO: [ app_begin ] --START--
INFO: Run Behavior\ReadHtmlCacheBehavior [ RunTime:0.002748s ]
INFO: [ app_begin ] --END-- [ RunTime:0.004614s ]
SQL: SHOW COLUMNS FROM `we_menu` [ RunTime:0.0123s ]
SQL: SELECT * FROM `we_menu` ORDER BY sort asc,id asc  [ RunTime:0.0012s ]
SQL: SHOW COLUMNS FROM `we_product_cate` [ RunTime:0.0129s ]
NOTIC: [8] Undefined index: validate C:\wamp\www\wepay\ThinkPHP\Library\Think\Model.class.php 第 1185 行.

[ 2017-05-13T23:43:12+08:00 ] ::1 /wepay/admin.php/Product/cateAdd
INFO: [ app_begin ] --START--
INFO: Run Behavior\ReadHtmlCacheBehavior [ RunTime:0.002215s ]
INFO: [ app_begin ] --END-- [ RunTime:0.004111s ]
SQL: SHOW COLUMNS FROM `we_menu` [ RunTime:0.0146s ]
SQL: SELECT * FROM `we_menu` ORDER BY sort asc,id asc  [ RunTime:0.0013s ]
SQL: SHOW COLUMNS FROM `we_product_cate` [ RunTime:0.0170s ]
NOTIC: [8] Undefined index: validate C:\wamp\www\wepay\ThinkPHP\Library\Think\Model.class.php 第 1185 行.

[ 2017-05-13T23:43:12+08:00 ] ::1 /wepay/admin.php/Product/cateAdd
INFO: [ app_begin ] --START--
INFO: Run Behavior\ReadHtmlCacheBehavior [ RunTime:0.002051s ]
INFO: [ app_begin ] --END-- [ RunTime:0.003740s ]
SQL: SHOW COLUMNS FROM `we_menu` [ RunTime:0.0125s ]
SQL: SELECT * FROM `we_menu` ORDER BY sort asc,id asc  [ RunTime:0.0011s ]
SQL: SHOW COLUMNS FROM `we_product_cate` [ RunTime:0.0121s ]
NOTIC: [8] Undefined index: validate C:\wamp\www\wepay\ThinkPHP\Library\Think\Model.class.php 第 1185 行.

[ 2017-05-13T23:43:15+08:00 ] ::1 /wepay/admin.php/Product/cateAdd
INFO: [ app_begin ] --START--
INFO: Run Behavior\ReadHtmlCacheBehavior [ RunTime:0.002211s ]
INFO: [ app_begin ] --END-- [ RunTime:0.004459s ]
SQL: SHOW COLUMNS FROM `we_menu` [ RunTime:0.0163s ]
SQL: SELECT * FROM `we_menu` ORDER BY sort asc,id asc  [ RunTime:0.0018s ]
SQL: SHOW COLUMNS FROM `we_product_cate` [ RunTime:0.0153s ]
NOTIC: [8] Undefined index: validate C:\wamp\www\wepay\ThinkPHP\Library\Think\Model.class.php 第 1185 行.

[ 2017-05-13T23:43:16+08:00 ] ::1 /wepay/admin.php/Product/cateAdd
INFO: [ app_begin ] --START--
INFO: Run Behavior\ReadHtmlCacheBehavior [ RunTime:0.001907s ]
INFO: [ app_begin ] --END-- [ RunTime:0.003683s ]
SQL: SHOW COLUMNS FROM `we_menu` [ RunTime:0.0126s ]
SQL: SELECT * FROM `we_menu` ORDER BY sort asc,id asc  [ RunTime:0.0013s ]
SQL: SHOW COLUMNS FROM `we_product_cate` [ RunTime:0.0132s ]
NOTIC: [8] Undefined index: validate C:\wamp\www\wepay\ThinkPHP\Library\Think\Model.class.php 第 1185 行.

[ 2017-05-13T23:43:58+08:00 ] ::1 /wepay/admin.php/Product/cateAdd
INFO: [ app_begin ] --START--
INFO: Run Behavior\ReadHtmlCacheBehavior [ RunTime:0.002464s ]
INFO: [ app_begin ] --END-- [ RunTime:0.004659s ]
SQL: SHOW COLUMNS FROM `we_menu` [ RunTime:0.0131s ]
SQL: SELECT * FROM `we_menu` ORDER BY sort asc,id asc  [ RunTime:0.0014s ]
SQL: SHOW COLUMNS FROM `we_product_cate` [ RunTime:0.0139s ]

[ 2017-05-13T23:44:00+08:00 ] ::1 /wepay/admin.php/Product/cateAdd
INFO: [ app_begin ] --START--
INFO: Run Behavior\ReadHtmlCacheBehavior [ RunTime:0.003227s ]
INFO: [ app_begin ] --END-- [ RunTime:0.006437s ]
SQL: SHOW COLUMNS FROM `we_menu` [ RunTime:0.0123s ]
SQL: SELECT * FROM `we_menu` ORDER BY sort asc,id asc  [ RunTime:0.0012s ]
SQL: SHOW COLUMNS FROM `we_product_cate` [ RunTime:0.0135s ]

[ 2017-05-13T23:44:04+08:00 ] ::1 /wepay/admin.php/Product/cateAdd
INFO: [ app_begin ] --START--
INFO: Run Behavior\ReadHtmlCacheBehavior [ RunTime:0.002597s ]
INFO: [ app_begin ] --END-- [ RunTime:0.005386s ]
SQL: SHOW COLUMNS FROM `we_menu` [ RunTime:0.0119s ]
SQL: SELECT * FROM `we_menu` ORDER BY sort asc,id asc  [ RunTime:0.0012s ]
SQL: SHOW COLUMNS FROM `we_product_cate` [ RunTime:0.0126s ]

[ 2017-05-13T23:44:05+08:00 ] ::1 /wepay/admin.php/Product/cateAdd
INFO: [ app_begin ] --START--
INFO: Run Behavior\ReadHtmlCacheBehavior [ RunTime:0.001932s ]
INFO: [ app_begin ] --END-- [ RunTime:0.003809s ]
SQL: SHOW COLUMNS FROM `we_menu` [ RunTime:0.0138s ]
SQL: SELECT * FROM `we_menu` ORDER BY sort asc,id asc  [ RunTime:0.0013s ]
SQL: SHOW COLUMNS FROM `we_product_cate` [ RunTime:0.0151s ]

[ 2017-05-13T23:44:18+08:00 ] ::1 /wepay/admin.php/Product/cateAdd
INFO: [ app_begin ] --START--
INFO: Run Behavior\ReadHtmlCacheBehavior [ RunTime:0.010982s ]
INFO: [ app_begin ] --END-- [ RunTime:0.013463s ]
SQL: SHOW COLUMNS FROM `we_menu` [ RunTime:0.0132s ]
SQL: SELECT * FROM `we_menu` ORDER BY sort asc,id asc  [ RunTime:0.0012s ]
SQL: SHOW COLUMNS FROM `we_product_cate` [ RunTime:0.0125s ]

[ 2017-05-13T23:44:31+08:00 ] ::1 /wepay/admin.php/Product/cateAdd
INFO: [ app_begin ] --START--
INFO: Run Behavior\ReadHtmlCacheBehavior [ RunTime:0.002086s ]
INFO: [ app_begin ] --END-- [ RunTime:0.003844s ]
SQL: SHOW COLUMNS FROM `we_menu` [ RunTime:0.0120s ]
SQL: SELECT * FROM `we_menu` ORDER BY sort asc,id asc  [ RunTime:0.0011s ]
SQL: SHOW COLUMNS FROM `we_product_cate` [ RunTime:0.0128s ]

[ 2017-05-13T23:44:32+08:00 ] ::1 /wepay/admin.php/Product/cateAdd
INFO: [ app_begin ] --START--
INFO: Run Behavior\ReadHtmlCacheBehavior [ RunTime:0.001886s ]
INFO: [ app_begin ] --END-- [ RunTime:0.003634s ]
SQL: SHOW COLUMNS FROM `we_menu` [ RunTime:0.0119s ]
SQL: SELECT * FROM `we_menu` ORDER BY sort asc,id asc  [ RunTime:0.0011s ]
SQL: SHOW COLUMNS FROM `we_product_cate` [ RunTime:0.0119s ]

[ 2017-05-13T23:44:33+08:00 ] ::1 /wepay/admin.php/Product/cateAdd
INFO: [ app_begin ] --START--
INFO: Run Behavior\ReadHtmlCacheBehavior [ RunTime:0.003113s ]
INFO: [ app_begin ] --END-- [ RunTime:0.005503s ]
SQL: SHOW COLUMNS FROM `we_menu` [ RunTime:0.0134s ]
SQL: SELECT * FROM `we_menu` ORDER BY sort asc,id asc  [ RunTime:0.0014s ]
SQL: SHOW COLUMNS FROM `we_product_cate` [ RunTime:0.0137s ]

[ 2017-05-13T23:44:33+08:00 ] ::1 /wepay/admin.php/Product/cateAdd
INFO: [ app_begin ] --START--
INFO: Run Behavior\ReadHtmlCacheBehavior [ RunTime:0.002331s ]
INFO: [ app_begin ] --END-- [ RunTime:0.004283s ]
SQL: SHOW COLUMNS FROM `we_menu` [ RunTime:0.0126s ]
SQL: SELECT * FROM `we_menu` ORDER BY sort asc,id asc  [ RunTime:0.0012s ]
SQL: SHOW COLUMNS FROM `we_product_cate` [ RunTime:0.0129s ]

[ 2017-05-13T23:44:34+08:00 ] ::1 /wepay/admin.php/Product/cateAdd
INFO: [ app_begin ] --START--
INFO: Run Behavior\ReadHtmlCacheBehavior [ RunTime:0.002294s ]
INFO: [ app_begin ] --END-- [ RunTime:0.004257s ]
SQL: SHOW COLUMNS FROM `we_menu` [ RunTime:0.0118s ]
SQL: SELECT * FROM `we_menu` ORDER BY sort asc,id asc  [ RunTime:0.0012s ]
SQL: SHOW COLUMNS FROM `we_product_cate` [ RunTime:0.0120s ]

[ 2017-05-13T23:44:35+08:00 ] ::1 /wepay/admin.php/Product/cateAdd
INFO: [ app_begin ] --START--
INFO: Run Behavior\ReadHtmlCacheBehavior [ RunTime:0.003358s ]
INFO: [ app_begin ] --END-- [ RunTime:0.005701s ]
SQL: SHOW COLUMNS FROM `we_menu` [ RunTime:0.0127s ]
SQL: SELECT * FROM `we_menu` ORDER BY sort asc,id asc  [ RunTime:0.0013s ]
SQL: SHOW COLUMNS FROM `we_product_cate` [ RunTime:0.0131s ]

[ 2017-05-13T23:44:48+08:00 ] ::1 /wepay/admin.php/Product/cateAdd
INFO: [ app_begin ] --START--
INFO: Run Behavior\ReadHtmlCacheBehavior [ RunTime:0.001946s ]
INFO: [ app_begin ] --END-- [ RunTime:0.003653s ]
SQL: SHOW COLUMNS FROM `we_menu` [ RunTime:0.0143s ]
SQL: SELECT * FROM `we_menu` ORDER BY sort asc,id asc  [ RunTime:0.0012s ]
SQL: SHOW COLUMNS FROM `we_product_cate` [ RunTime:0.0137s ]

[ 2017-05-13T23:45:11+08:00 ] ::1 /wepay/admin.php/Product/cateAdd
INFO: [ app_begin ] --START--
INFO: Run Behavior\ReadHtmlCacheBehavior [ RunTime:0.002041s ]
INFO: [ app_begin ] --END-- [ RunTime:0.004231s ]
SQL: SHOW COLUMNS FROM `we_menu` [ RunTime:0.0138s ]
SQL: SELECT * FROM `we_menu` ORDER BY sort asc,id asc  [ RunTime:0.0016s ]
SQL: SHOW COLUMNS FROM `we_product_cate` [ RunTime:0.0142s ]
NOTIC: [8] Undefined index: validate C:\wamp\www\wepay\ThinkPHP\Library\Think\Model.class.php 第 1185 行.

[ 2017-05-13T23:45:15+08:00 ] ::1 /wepay/admin.php/Product/cateAdd
INFO: [ app_begin ] --START--
INFO: Run Behavior\ReadHtmlCacheBehavior [ RunTime:0.002522s ]
INFO: [ app_begin ] --END-- [ RunTime:0.004584s ]
SQL: SHOW COLUMNS FROM `we_menu` [ RunTime:0.0118s ]
SQL: SELECT * FROM `we_menu` ORDER BY sort asc,id asc  [ RunTime:0.0012s ]
SQL: SHOW COLUMNS FROM `we_product_cate` [ RunTime:0.0140s ]
NOTIC: [8] Undefined index: validate C:\wamp\www\wepay\ThinkPHP\Library\Think\Model.class.php 第 1185 行.

[ 2017-05-13T23:45:18+08:00 ] ::1 /wepay/admin.php/Product/cateAdd
INFO: [ app_begin ] --START--
INFO: Run Behavior\ReadHtmlCacheBehavior [ RunTime:0.002303s ]
INFO: [ app_begin ] --END-- [ RunTime:0.004814s ]
SQL: SHOW COLUMNS FROM `we_menu` [ RunTime:0.0131s ]
SQL: SELECT * FROM `we_menu` ORDER BY sort asc,id asc  [ RunTime:0.0012s ]
SQL: SHOW COLUMNS FROM `we_product_cate` [ RunTime:0.0134s ]
NOTIC: [8] Undefined index: validate C:\wamp\www\wepay\ThinkPHP\Library\Think\Model.class.php 第 1185 行.

[ 2017-05-13T23:46:15+08:00 ] ::1 /wepay/admin.php/Product/cateAdd
INFO: [ app_begin ] --START--
INFO: Run Behavior\ReadHtmlCacheBehavior [ RunTime:0.002529s ]
INFO: [ app_begin ] --END-- [ RunTime:0.004394s ]
SQL: SHOW COLUMNS FROM `we_menu` [ RunTime:0.0122s ]
SQL: SELECT * FROM `we_menu` ORDER BY sort asc,id asc  [ RunTime:0.0011s ]
SQL: SHOW COLUMNS FROM `we_product_cate` [ RunTime:0.0119s ]
NOTIC: [8] Undefined index: validate C:\wamp\www\wepay\ThinkPHP\Library\Think\Model.class.php 第 1185 行.

[ 2017-05-13T23:46:18+08:00 ] ::1 /wepay/admin.php/Product/cateAdd
INFO: [ app_begin ] --START--
INFO: Run Behavior\ReadHtmlCacheBehavior [ RunTime:0.002647s ]
INFO: [ app_begin ] --END-- [ RunTime:0.004549s ]
SQL: SHOW COLUMNS FROM `we_menu` [ RunTime:0.0121s ]
SQL: SELECT * FROM `we_menu` ORDER BY sort asc,id asc  [ RunTime:0.0012s ]
SQL: SHOW COLUMNS FROM `we_product_cate` [ RunTime:0.0126s ]
NOTIC: [8] Undefined index: validate C:\wamp\www\wepay\ThinkPHP\Library\Think\Model.class.php 第 1185 行.

[ 2017-05-13T23:47:40+08:00 ] ::1 /wepay/admin.php/Product/cateAdd
INFO: [ app_begin ] --START--
INFO: Run Behavior\ReadHtmlCacheBehavior [ RunTime:0.002674s ]
INFO: [ app_begin ] --END-- [ RunTime:0.004607s ]
SQL: SHOW COLUMNS FROM `we_menu` [ RunTime:0.0124s ]
SQL: SELECT * FROM `we_menu` ORDER BY sort asc,id asc  [ RunTime:0.0012s ]
SQL: SHOW COLUMNS FROM `we_product_cate` [ RunTime:0.0117s ]
NOTIC: [8] Undefined index: validate C:\wamp\www\wepay\ThinkPHP\Library\Think\Model.class.php 第 1185 行.

[ 2017-05-13T23:49:00+08:00 ] ::1 /wepay/admin.php/Product/cateAdd
INFO: [ app_begin ] --START--
INFO: Run Behavior\ReadHtmlCacheBehavior [ RunTime:0.002980s ]
INFO: [ app_begin ] --END-- [ RunTime:0.005409s ]
SQL: SHOW COLUMNS FROM `we_menu` [ RunTime:0.0158s ]
SQL: SELECT * FROM `we_menu` ORDER BY sort asc,id asc  [ RunTime:0.0015s ]
SQL: SHOW COLUMNS FROM `we_product_cate` [ RunTime:0.0155s ]
NOTIC: [8] Undefined index: validate C:\wamp\www\wepay\ThinkPHP\Library\Think\Model.class.php 第 1185 行.

[ 2017-05-13T23:49:24+08:00 ] ::1 /wepay/admin.php/Product/cateAdd
INFO: [ app_begin ] --START--
INFO: Run Behavior\ReadHtmlCacheBehavior [ RunTime:0.002162s ]
INFO: [ app_begin ] --END-- [ RunTime:0.004115s ]
SQL: SHOW COLUMNS FROM `we_menu` [ RunTime:0.0162s ]
SQL: SELECT * FROM `we_menu` ORDER BY sort asc,id asc  [ RunTime:0.0018s ]
SQL: SHOW COLUMNS FROM `we_product_cate` [ RunTime:0.0139s ]
NOTIC: [8] Undefined index: validate C:\wamp\www\wepay\ThinkPHP\Library\Think\Model.class.php 第 1185 行.

[ 2017-05-13T23:49:27+08:00 ] ::1 /wepay/admin.php/Product/cateAdd
INFO: [ app_begin ] --START--
INFO: Run Behavior\ReadHtmlCacheBehavior [ RunTime:0.002087s ]
INFO: [ app_begin ] --END-- [ RunTime:0.003821s ]
SQL: SHOW COLUMNS FROM `we_menu` [ RunTime:0.0124s ]
SQL: SELECT * FROM `we_menu` ORDER BY sort asc,id asc  [ RunTime:0.0013s ]
SQL: SHOW COLUMNS FROM `we_product_cate` [ RunTime:0.0129s ]
NOTIC: [8] Undefined index: validate C:\wamp\www\wepay\ThinkPHP\Library\Think\Model.class.php 第 1185 行.

[ 2017-05-13T23:49:31+08:00 ] ::1 /wepay/admin.php/Product/cateAdd
INFO: [ app_begin ] --START--
INFO: Run Behavior\ReadHtmlCacheBehavior [ RunTime:0.002137s ]
INFO: [ app_begin ] --END-- [ RunTime:0.003890s ]
SQL: SHOW COLUMNS FROM `we_menu` [ RunTime:0.0128s ]
SQL: SELECT * FROM `we_menu` ORDER BY sort asc,id asc  [ RunTime:0.0014s ]
SQL: SHOW COLUMNS FROM `we_product_cate` [ RunTime:0.0132s ]
NOTIC: [8] Undefined index: validate C:\wamp\www\wepay\ThinkPHP\Library\Think\Model.class.php 第 1185 行.

[ 2017-05-13T23:50:21+08:00 ] ::1 /wepay/admin.php/Product/cateAdd
INFO: [ app_begin ] --START--
INFO: Run Behavior\ReadHtmlCacheBehavior [ RunTime:0.002432s ]
INFO: [ app_begin ] --END-- [ RunTime:0.004408s ]
SQL: SHOW COLUMNS FROM `we_menu` [ RunTime:0.0137s ]
SQL: SELECT * FROM `we_menu` ORDER BY sort asc,id asc  [ RunTime:0.0012s ]
SQL: SHOW COLUMNS FROM `we_product_cate` [ RunTime:0.0138s ]
NOTIC: [8] Undefined index: validate C:\wamp\www\wepay\ThinkPHP\Library\Think\Model.class.php 第 1185 行.

[ 2017-05-13T23:50:24+08:00 ] ::1 /wepay/admin.php/Product/cateAdd
INFO: [ app_begin ] --START--
INFO: Run Behavior\ReadHtmlCacheBehavior [ RunTime:0.001897s ]
INFO: [ app_begin ] --END-- [ RunTime:0.003591s ]
SQL: SHOW COLUMNS FROM `we_menu` [ RunTime:0.0122s ]
SQL: SELECT * FROM `we_menu` ORDER BY sort asc,id asc  [ RunTime:0.0011s ]
SQL: SHOW COLUMNS FROM `we_product_cate` [ RunTime:0.0120s ]
NOTIC: [8] Undefined index: validate C:\wamp\www\wepay\ThinkPHP\Library\Think\Model.class.php 第 1185 行.

[ 2017-05-13T23:50:26+08:00 ] ::1 /wepay/admin.php/Product/cateAdd
INFO: [ app_begin ] --START--
INFO: Run Behavior\ReadHtmlCacheBehavior [ RunTime:0.002319s ]
INFO: [ app_begin ] --END-- [ RunTime:0.004192s ]
SQL: SHOW COLUMNS FROM `we_menu` [ RunTime:0.0119s ]
SQL: SELECT * FROM `we_menu` ORDER BY sort asc,id asc  [ RunTime:0.0012s ]
SQL: SHOW COLUMNS FROM `we_product_cate` [ RunTime:0.0122s ]
NOTIC: [8] Undefined index: validate C:\wamp\www\wepay\ThinkPHP\Library\Think\Model.class.php 第 1185 行.

[ 2017-05-13T23:50:29+08:00 ] ::1 /wepay/admin.php/Product/cateAdd
INFO: [ app_begin ] --START--
INFO: Run Behavior\ReadHtmlCacheBehavior [ RunTime:0.003567s ]
INFO: [ app_begin ] --END-- [ RunTime:0.005608s ]
SQL: SHOW COLUMNS FROM `we_menu` [ RunTime:0.0128s ]
SQL: SELECT * FROM `we_menu` ORDER BY sort asc,id asc  [ RunTime:0.0012s ]
SQL: SHOW COLUMNS FROM `we_product_cate` [ RunTime:0.0129s ]
NOTIC: [8] Undefined index: validate C:\wamp\www\wepay\ThinkPHP\Library\Think\Model.class.php 第 1185 行.

[ 2017-05-13T23:52:03+08:00 ] ::1 /wepay/admin.php/Product/cateAdd
INFO: [ app_begin ] --START--
INFO: Run Behavior\ReadHtmlCacheBehavior [ RunTime:0.003173s ]
INFO: [ app_begin ] --END-- [ RunTime:0.006486s ]
SQL: SHOW COLUMNS FROM `we_menu` [ RunTime:0.0136s ]
SQL: SELECT * FROM `we_menu` ORDER BY sort asc,id asc  [ RunTime:0.0015s ]
SQL: SHOW COLUMNS FROM `we_product_cate` [ RunTime:0.0154s ]
NOTIC: [8] Undefined index: validate C:\wamp\www\wepay\ThinkPHP\Library\Think\Model.class.php 第 1185 行.

[ 2017-05-13T23:54:07+08:00 ] ::1 /wepay/admin.php/Product/cateAdd
INFO: [ app_begin ] --START--
INFO: Run Behavior\ReadHtmlCacheBehavior [ RunTime:0.002173s ]
INFO: [ app_begin ] --END-- [ RunTime:0.004512s ]
SQL: SHOW COLUMNS FROM `we_menu` [ RunTime:0.0135s ]
SQL: SELECT * FROM `we_menu` ORDER BY sort asc,id asc  [ RunTime:0.0013s ]
SQL: SHOW COLUMNS FROM `we_product_cate` [ RunTime:0.0150s ]
NOTIC: [8] Undefined index: validate C:\wamp\www\wepay\ThinkPHP\Library\Think\Model.class.php 第 1185 行.

[ 2017-05-13T23:54:14+08:00 ] ::1 /wepay/admin.php/Product/cateAdd
INFO: [ app_begin ] --START--
INFO: Run Behavior\ReadHtmlCacheBehavior [ RunTime:0.002152s ]
INFO: [ app_begin ] --END-- [ RunTime:0.004468s ]
SQL: SHOW COLUMNS FROM `we_menu` [ RunTime:0.0162s ]
SQL: SELECT * FROM `we_menu` ORDER BY sort asc,id asc  [ RunTime:0.0012s ]
SQL: SHOW COLUMNS FROM `we_product_cate` [ RunTime:0.0141s ]
NOTIC: [8] Undefined index: validate C:\wamp\www\wepay\ThinkPHP\Library\Think\Model.class.php 第 1185 行.

[ 2017-05-13T23:54:39+08:00 ] ::1 /wepay/admin.php/Product/cateAdd
INFO: [ app_begin ] --START--
INFO: Run Behavior\ReadHtmlCacheBehavior [ RunTime:0.002039s ]
INFO: [ app_begin ] --END-- [ RunTime:0.003978s ]
SQL: SHOW COLUMNS FROM `we_menu` [ RunTime:0.0119s ]
SQL: SELECT * FROM `we_menu` ORDER BY sort asc,id asc  [ RunTime:0.0012s ]
SQL: SHOW COLUMNS FROM `we_product_cate` [ RunTime:0.0122s ]
NOTIC: [8] Undefined index: validate C:\wamp\www\wepay\ThinkPHP\Library\Think\Model.class.php 第 1185 行.

[ 2017-05-13T23:55:52+08:00 ] ::1 /wepay/admin.php/Product/cateAdd
INFO: [ app_begin ] --START--
INFO: Run Behavior\ReadHtmlCacheBehavior [ RunTime:0.004569s ]
INFO: [ app_begin ] --END-- [ RunTime:0.008109s ]
SQL: SHOW COLUMNS FROM `we_menu` [ RunTime:0.0126s ]
SQL: SELECT * FROM `we_menu` ORDER BY sort asc,id asc  [ RunTime:0.0012s ]
SQL: SHOW COLUMNS FROM `we_product_cate` [ RunTime:0.0121s ]
NOTIC: [8] Undefined index: validate C:\wamp\www\wepay\ThinkPHP\Library\Think\Model.class.php 第 1185 行.

[ 2017-05-13T23:55:53+08:00 ] ::1 /wepay/admin.php/Product/cateAdd
INFO: [ app_begin ] --START--
INFO: Run Behavior\ReadHtmlCacheBehavior [ RunTime:0.003686s ]
INFO: [ app_begin ] --END-- [ RunTime:0.005937s ]
SQL: SHOW COLUMNS FROM `we_menu` [ RunTime:0.0143s ]
SQL: SELECT * FROM `we_menu` ORDER BY sort asc,id asc  [ RunTime:0.0018s ]
SQL: SHOW COLUMNS FROM `we_product_cate` [ RunTime:0.0134s ]
NOTIC: [8] Undefined index: validate C:\wamp\www\wepay\ThinkPHP\Library\Think\Model.class.php 第 1185 行.

[ 2017-05-13T23:55:53+08:00 ] ::1 /wepay/admin.php/Product/cateAdd
INFO: [ app_begin ] --START--
INFO: Run Behavior\ReadHtmlCacheBehavior [ RunTime:0.005652s ]
INFO: [ app_begin ] --END-- [ RunTime:0.008513s ]
SQL: SHOW COLUMNS FROM `we_menu` [ RunTime:0.0144s ]
SQL: SELECT * FROM `we_menu` ORDER BY sort asc,id asc  [ RunTime:0.0017s ]
SQL: SHOW COLUMNS FROM `we_product_cate` [ RunTime:0.0147s ]
NOTIC: [8] Undefined index: validate C:\wamp\www\wepay\ThinkPHP\Library\Think\Model.class.php 第 1185 行.

[ 2017-05-13T23:55:53+08:00 ] ::1 /wepay/admin.php/Product/cateAdd
INFO: [ app_begin ] --START--
INFO: Run Behavior\ReadHtmlCacheBehavior [ RunTime:0.003267s ]
INFO: [ app_begin ] --END-- [ RunTime:0.006127s ]
SQL: SHOW COLUMNS FROM `we_menu` [ RunTime:0.0144s ]
SQL: SELECT * FROM `we_menu` ORDER BY sort asc,id asc  [ RunTime:0.0017s ]
SQL: SHOW COLUMNS FROM `we_product_cate` [ RunTime:0.0155s ]
NOTIC: [8] Undefined index: validate C:\wamp\www\wepay\ThinkPHP\Library\Think\Model.class.php 第 1185 行.

[ 2017-05-13T23:56:17+08:00 ] ::1 /wepay/admin.php/Product/cateAdd
INFO: [ app_begin ] --START--
INFO: Run Behavior\ReadHtmlCacheBehavior [ RunTime:0.002541s ]
INFO: [ app_begin ] --END-- [ RunTime:0.006119s ]
SQL: SHOW COLUMNS FROM `we_menu` [ RunTime:0.0143s ]
SQL: SELECT * FROM `we_menu` ORDER BY sort asc,id asc  [ RunTime:0.0013s ]
SQL: SHOW COLUMNS FROM `we_product_cate` [ RunTime:0.0134s ]
NOTIC: [8] Undefined index: validate C:\wamp\www\wepay\ThinkPHP\Library\Think\Model.class.php 第 1185 行.

[ 2017-05-13T23:56:21+08:00 ] ::1 /wepay/admin.php/Product/cateAdd
INFO: [ app_begin ] --START--
INFO: Run Behavior\ReadHtmlCacheBehavior [ RunTime:0.002697s ]
INFO: [ app_begin ] --END-- [ RunTime:0.004576s ]
SQL: SHOW COLUMNS FROM `we_menu` [ RunTime:0.0129s ]
SQL: SELECT * FROM `we_menu` ORDER BY sort asc,id asc  [ RunTime:0.0013s ]
SQL: SHOW COLUMNS FROM `we_product_cate` [ RunTime:0.0136s ]
NOTIC: [8] Undefined index: validate C:\wamp\www\wepay\ThinkPHP\Library\Think\Model.class.php 第 1185 行.

