[ 2017-05-16T09:57:37+08:00 ] ::1 /wepay/admin.php/Product/getProduct/id/1
INFO: [ app_begin ] --START--
INFO: Run Behavior\ReadHtmlCacheBehavior [ RunTime:0.002180s ]
INFO: [ app_begin ] --END-- [ RunTime:0.004525s ]
SQL: SHOW COLUMNS FROM `we_menu` [ RunTime:0.0132s ]
SQL: SELECT * FROM `we_menu` ORDER BY sort asc,id asc  [ RunTime:0.0012s ]
SQL: SHOW COLUMNS FROM `we_product_cate` [ RunTime:0.0136s ]
NOTIC: [2048] Declaration of Admin\Model\ProductModel::page() should be compatible with Think\Model::page($page, $listRows = NULL) C:\wamp\www\wepay\App\Admin\Model\ProductModel.class.php 第 100 行.
SQL: SHOW COLUMNS FROM `we_product` [ RunTime:0.0154s ]
SQL: SELECT * FROM `we_product` WHERE `id` = 1 ORDER BY id asc LIMIT 1   [ RunTime:0.0025s ]

[ 2017-05-16T10:16:03+08:00 ] ::1 /wepay/admin.php/Admin/index
ERR: 1146:La table 'wepay.we_slide' n'existe pas
 [ SQL语句 ] : SHOW COLUMNS FROM `we_slide`

[ 2017-05-16T10:16:41+08:00 ] ::1 /wepay/admin.php/Admin/index
ERR: 模板不存在:./App/Admin/View/Admin/index.html

[ 2017-05-16T10:26:47+08:00 ] ::1 /wepay/admin.php/Admin/addProduct
INFO: [ app_begin ] --START--
INFO: Run Behavior\ReadHtmlCacheBehavior [ RunTime:0.002306s ]
INFO: [ app_begin ] --END-- [ RunTime:0.004118s ]
SQL: SHOW COLUMNS FROM `we_menu` [ RunTime:0.0109s ]
SQL: SELECT * FROM `we_menu` ORDER BY sort asc,id asc  [ RunTime:0.0011s ]
ERR: 非法操作:addProduct

[ 2017-05-16T10:42:35+08:00 ] ::1 /wepay/admin.php/Admin/addAdmin
INFO: [ app_begin ] --START--
INFO: Run Behavior\ReadHtmlCacheBehavior [ RunTime:0.003448s ]
INFO: [ app_begin ] --END-- [ RunTime:0.005603s ]
SQL: SHOW COLUMNS FROM `we_menu` [ RunTime:0.0129s ]
SQL: SELECT * FROM `we_menu` ORDER BY sort asc,id asc  [ RunTime:0.0019s ]
INFO: [ app_end ] --START--
INFO: Run Behavior\ShowPageTraceBehavior [ RunTime:0.002469s ]
INFO: [ app_end ] --END-- [ RunTime:0.003116s ]

[ 2017-05-16T10:50:44+08:00 ] ::1 /wepay/admin.php/Admin/addAdmin
INFO: [ app_begin ] --START--
INFO: Run Behavior\ReadHtmlCacheBehavior [ RunTime:0.003056s ]
INFO: [ app_begin ] --END-- [ RunTime:0.005676s ]
SQL: SHOW COLUMNS FROM `we_menu` [ RunTime:0.0129s ]
SQL: SELECT * FROM `we_menu` ORDER BY sort asc,id asc  [ RunTime:0.0014s ]
INFO: [ app_end ] --START--
INFO: Run Behavior\ShowPageTraceBehavior [ RunTime:0.002371s ]
INFO: [ app_end ] --END-- [ RunTime:0.002993s ]

[ 2017-05-16T10:51:42+08:00 ] ::1 /wepay/admin.php/Admin/addAdmin
INFO: [ app_begin ] --START--
INFO: Run Behavior\ReadHtmlCacheBehavior [ RunTime:0.002545s ]
INFO: [ app_begin ] --END-- [ RunTime:0.004425s ]
SQL: SHOW COLUMNS FROM `we_menu` [ RunTime:0.0131s ]
SQL: SELECT * FROM `we_menu` ORDER BY sort asc,id asc  [ RunTime:0.0012s ]
NOTIC: [2048] Declaration of Admin\Model\AdminModel::page() should be compatible with Think\Model::page($page, $listRows = NULL) C:\wamp\www\wepay\App\Admin\Model\AdminModel.class.php 第 117 行.
SQL: SHOW COLUMNS FROM `we_admin` [ RunTime:0.0125s ]
NOTIC: [8] Undefined index: validate C:\wamp\www\wepay\ThinkPHP\Library\Think\Model.class.php 第 1185 行.

[ 2017-05-16T10:51:50+08:00 ] ::1 /wepay/admin.php/Admin/addAdmin
INFO: [ app_begin ] --START--
INFO: Run Behavior\ReadHtmlCacheBehavior [ RunTime:0.003211s ]
INFO: [ app_begin ] --END-- [ RunTime:0.006341s ]
SQL: SHOW COLUMNS FROM `we_menu` [ RunTime:0.0122s ]
SQL: SELECT * FROM `we_menu` ORDER BY sort asc,id asc  [ RunTime:0.0012s ]
NOTIC: [2048] Declaration of Admin\Model\AdminModel::page() should be compatible with Think\Model::page($page, $listRows = NULL) C:\wamp\www\wepay\App\Admin\Model\AdminModel.class.php 第 117 行.
SQL: SHOW COLUMNS FROM `we_admin` [ RunTime:0.0128s ]
NOTIC: [8] Undefined index: validate C:\wamp\www\wepay\ThinkPHP\Library\Think\Model.class.php 第 1185 行.
SQL: SELECT * FROM `we_admin` WHERE `username` = 'bool' LIMIT 1   [ RunTime:0.0009s ]
NOTIC: [8] Undefined index: auto C:\wamp\www\wepay\ThinkPHP\Library\Think\Model.class.php 第 1128 行.
SQL: INSERT INTO `we_admin` (`username`,`password`,`add_time`) VALUES ('bool','bool','1494903110') [ RunTime:0.0134s ]
SQL: SELECT COUNT(*) AS tp_count FROM `we_admin` LIMIT 1   [ RunTime:0.0007s ]
SQL: SELECT * FROM `we_admin` ORDER BY id asc LIMIT 0,10   [ RunTime:0.0006s ]

[ 2017-05-16T10:54:01+08:00 ] ::1 /wepay/admin.php/Admin/addAdmin
INFO: [ app_begin ] --START--
INFO: Run Behavior\ReadHtmlCacheBehavior [ RunTime:0.003165s ]
INFO: [ app_begin ] --END-- [ RunTime:0.006880s ]
SQL: SHOW COLUMNS FROM `we_menu` [ RunTime:0.0204s ]
SQL: SELECT * FROM `we_menu` ORDER BY sort asc,id asc  [ RunTime:0.0014s ]
NOTIC: [2048] Declaration of Admin\Model\AdminModel::page() should be compatible with Think\Model::page($page, $listRows = NULL) C:\wamp\www\wepay\App\Admin\Model\AdminModel.class.php 第 119 行.
SQL: SHOW COLUMNS FROM `we_admin` [ RunTime:0.0135s ]
NOTIC: [8] Undefined index: validate C:\wamp\www\wepay\ThinkPHP\Library\Think\Model.class.php 第 1185 行.
SQL: SELECT * FROM `we_admin` WHERE `username` = 'admin' LIMIT 1   [ RunTime:0.0011s ]

[ 2017-05-16T10:54:03+08:00 ] ::1 /wepay/admin.php/Admin/addAdmin
INFO: [ app_begin ] --START--
INFO: Run Behavior\ReadHtmlCacheBehavior [ RunTime:0.002258s ]
INFO: [ app_begin ] --END-- [ RunTime:0.004415s ]
SQL: SHOW COLUMNS FROM `we_menu` [ RunTime:0.0116s ]
SQL: SELECT * FROM `we_menu` ORDER BY sort asc,id asc  [ RunTime:0.0013s ]
NOTIC: [2048] Declaration of Admin\Model\AdminModel::page() should be compatible with Think\Model::page($page, $listRows = NULL) C:\wamp\www\wepay\App\Admin\Model\AdminModel.class.php 第 119 行.
SQL: SHOW COLUMNS FROM `we_admin` [ RunTime:0.0132s ]
NOTIC: [8] Undefined index: validate C:\wamp\www\wepay\ThinkPHP\Library\Think\Model.class.php 第 1185 行.
SQL: SELECT * FROM `we_admin` WHERE `username` = 'admin' LIMIT 1   [ RunTime:0.0008s ]

[ 2017-05-16T10:54:04+08:00 ] ::1 /wepay/admin.php/Admin/addAdmin
INFO: [ app_begin ] --START--
INFO: Run Behavior\ReadHtmlCacheBehavior [ RunTime:0.001934s ]
INFO: [ app_begin ] --END-- [ RunTime:0.003940s ]
SQL: SHOW COLUMNS FROM `we_menu` [ RunTime:0.0122s ]
SQL: SELECT * FROM `we_menu` ORDER BY sort asc,id asc  [ RunTime:0.0011s ]
NOTIC: [2048] Declaration of Admin\Model\AdminModel::page() should be compatible with Think\Model::page($page, $listRows = NULL) C:\wamp\www\wepay\App\Admin\Model\AdminModel.class.php 第 119 行.
SQL: SHOW COLUMNS FROM `we_admin` [ RunTime:0.0125s ]
NOTIC: [8] Undefined index: validate C:\wamp\www\wepay\ThinkPHP\Library\Think\Model.class.php 第 1185 行.
SQL: SELECT * FROM `we_admin` WHERE `username` = 'admin' LIMIT 1   [ RunTime:0.0008s ]

[ 2017-05-16T10:54:04+08:00 ] ::1 /wepay/admin.php/Admin/addAdmin
INFO: [ app_begin ] --START--
INFO: Run Behavior\ReadHtmlCacheBehavior [ RunTime:0.002962s ]
INFO: [ app_begin ] --END-- [ RunTime:0.004836s ]
SQL: SHOW COLUMNS FROM `we_menu` [ RunTime:0.0141s ]
SQL: SELECT * FROM `we_menu` ORDER BY sort asc,id asc  [ RunTime:0.0014s ]
NOTIC: [2048] Declaration of Admin\Model\AdminModel::page() should be compatible with Think\Model::page($page, $listRows = NULL) C:\wamp\www\wepay\App\Admin\Model\AdminModel.class.php 第 119 行.
SQL: SHOW COLUMNS FROM `we_admin` [ RunTime:0.0142s ]
NOTIC: [8] Undefined index: validate C:\wamp\www\wepay\ThinkPHP\Library\Think\Model.class.php 第 1185 行.
SQL: SELECT * FROM `we_admin` WHERE `username` = 'admin' LIMIT 1   [ RunTime:0.0009s ]

[ 2017-05-16T10:54:05+08:00 ] ::1 /wepay/admin.php/Admin/addAdmin
INFO: [ app_begin ] --START--
INFO: Run Behavior\ReadHtmlCacheBehavior [ RunTime:0.002492s ]
INFO: [ app_begin ] --END-- [ RunTime:0.004277s ]
SQL: SHOW COLUMNS FROM `we_menu` [ RunTime:0.0140s ]
SQL: SELECT * FROM `we_menu` ORDER BY sort asc,id asc  [ RunTime:0.0014s ]
NOTIC: [2048] Declaration of Admin\Model\AdminModel::page() should be compatible with Think\Model::page($page, $listRows = NULL) C:\wamp\www\wepay\App\Admin\Model\AdminModel.class.php 第 119 行.
SQL: SHOW COLUMNS FROM `we_admin` [ RunTime:0.0148s ]
NOTIC: [8] Undefined index: validate C:\wamp\www\wepay\ThinkPHP\Library\Think\Model.class.php 第 1185 行.
SQL: SELECT * FROM `we_admin` WHERE `username` = 'admin' LIMIT 1   [ RunTime:0.0011s ]

[ 2017-05-16T10:54:10+08:00 ] ::1 /wepay/admin.php/Admin/addAdmin
INFO: [ app_begin ] --START--
INFO: Run Behavior\ReadHtmlCacheBehavior [ RunTime:0.002462s ]
INFO: [ app_begin ] --END-- [ RunTime:0.012162s ]
SQL: SHOW COLUMNS FROM `we_menu` [ RunTime:0.0155s ]
SQL: SELECT * FROM `we_menu` ORDER BY sort asc,id asc  [ RunTime:0.0015s ]
NOTIC: [2048] Declaration of Admin\Model\AdminModel::page() should be compatible with Think\Model::page($page, $listRows = NULL) C:\wamp\www\wepay\App\Admin\Model\AdminModel.class.php 第 119 行.
SQL: SHOW COLUMNS FROM `we_admin` [ RunTime:0.0146s ]
NOTIC: [8] Undefined index: validate C:\wamp\www\wepay\ThinkPHP\Library\Think\Model.class.php 第 1185 行.
SQL: SELECT * FROM `we_admin` WHERE `username` = 'admin' LIMIT 1   [ RunTime:0.0013s ]
NOTIC: [8] Undefined index: auto C:\wamp\www\wepay\ThinkPHP\Library\Think\Model.class.php 第 1128 行.
NOTIC: [8] Undefined index: c_password C:\wamp\www\wepay\App\Admin\Model\AdminModel.class.php 第 24 行.
SQL: INSERT INTO `we_admin` (`username`,`password`,`add_time`) VALUES ('admin','21232f297a57a5a743894a0e4a801fc3','1494903250') [ RunTime:0.0263s ]
SQL: SELECT COUNT(*) AS tp_count FROM `we_admin` LIMIT 1   [ RunTime:0.0011s ]
SQL: SELECT * FROM `we_admin` ORDER BY id asc LIMIT 0,10   [ RunTime:0.0009s ]

[ 2017-05-16T10:54:39+08:00 ] ::1 /wepay/admin.php/Admin/addAdmin
INFO: [ app_begin ] --START--
INFO: Run Behavior\ReadHtmlCacheBehavior [ RunTime:0.002532s ]
INFO: [ app_begin ] --END-- [ RunTime:0.004998s ]
SQL: SHOW COLUMNS FROM `we_menu` [ RunTime:0.0130s ]
SQL: SELECT * FROM `we_menu` ORDER BY sort asc,id asc  [ RunTime:0.0011s ]
NOTIC: [2048] Declaration of Admin\Model\AdminModel::page() should be compatible with Think\Model::page($page, $listRows = NULL) C:\wamp\www\wepay\App\Admin\Model\AdminModel.class.php 第 119 行.
SQL: SHOW COLUMNS FROM `we_admin` [ RunTime:0.0122s ]
NOTIC: [8] Undefined index: validate C:\wamp\www\wepay\ThinkPHP\Library\Think\Model.class.php 第 1185 行.
SQL: SELECT * FROM `we_admin` WHERE `username` = 'admin' LIMIT 1   [ RunTime:0.0009s ]

[ 2017-05-16T10:54:56+08:00 ] ::1 /wepay/admin.php/Admin/addAdmin
INFO: [ app_begin ] --START--
INFO: Run Behavior\ReadHtmlCacheBehavior [ RunTime:0.003201s ]
INFO: [ app_begin ] --END-- [ RunTime:0.005327s ]
SQL: SHOW COLUMNS FROM `we_menu` [ RunTime:0.0117s ]
SQL: SELECT * FROM `we_menu` ORDER BY sort asc,id asc  [ RunTime:0.0014s ]
NOTIC: [2048] Declaration of Admin\Model\AdminModel::page() should be compatible with Think\Model::page($page, $listRows = NULL) C:\wamp\www\wepay\App\Admin\Model\AdminModel.class.php 第 119 行.
SQL: SHOW COLUMNS FROM `we_admin` [ RunTime:0.0133s ]
NOTIC: [8] Undefined index: validate C:\wamp\www\wepay\ThinkPHP\Library\Think\Model.class.php 第 1185 行.
SQL: SELECT * FROM `we_admin` WHERE `username` = 'admin' LIMIT 1   [ RunTime:0.0009s ]

[ 2017-05-16T10:56:52+08:00 ] ::1 /wepay/admin.php/Admin/addAdmin
INFO: [ app_begin ] --START--
INFO: Run Behavior\ReadHtmlCacheBehavior [ RunTime:0.002451s ]
INFO: [ app_begin ] --END-- [ RunTime:0.004483s ]
SQL: SHOW COLUMNS FROM `we_menu` [ RunTime:0.0121s ]
SQL: SELECT * FROM `we_menu` ORDER BY sort asc,id asc  [ RunTime:0.0012s ]
NOTIC: [2048] Declaration of Admin\Model\AdminModel::page() should be compatible with Think\Model::page($page, $listRows = NULL) C:\wamp\www\wepay\App\Admin\Model\AdminModel.class.php 第 119 行.
SQL: SHOW COLUMNS FROM `we_admin` [ RunTime:0.0121s ]
NOTIC: [8] Undefined index: validate C:\wamp\www\wepay\ThinkPHP\Library\Think\Model.class.php 第 1185 行.
SQL: SELECT * FROM `we_admin` WHERE `username` = 'admin' LIMIT 1   [ RunTime:0.0008s ]

[ 2017-05-16T11:00:40+08:00 ] ::1 /wepay/admin.php/Admin/addAdmin
INFO: [ app_begin ] --START--
INFO: Run Behavior\ReadHtmlCacheBehavior [ RunTime:0.002628s ]
INFO: [ app_begin ] --END-- [ RunTime:0.005075s ]
SQL: SHOW COLUMNS FROM `we_menu` [ RunTime:0.0120s ]
SQL: SELECT * FROM `we_menu` ORDER BY sort asc,id asc  [ RunTime:0.0016s ]
NOTIC: [2048] Declaration of Admin\Model\AdminModel::page() should be compatible with Think\Model::page($page, $listRows = NULL) C:\wamp\www\wepay\App\Admin\Model\AdminModel.class.php 第 121 行.
SQL: SHOW COLUMNS FROM `we_admin` [ RunTime:0.0126s ]
NOTIC: [8] Undefined index: validate C:\wamp\www\wepay\ThinkPHP\Library\Think\Model.class.php 第 1185 行.
SQL: SELECT * FROM `we_admin` WHERE `username` = 'admin' LIMIT 1   [ RunTime:0.0008s ]

[ 2017-05-16T11:06:15+08:00 ] ::1 /wepay/admin.php/Admin/index
ERR: 1054:Champ '' inconnu dans field list
 [ SQL语句 ] : SELECT *,``,FROM_UNIXTIME(add_time,'%Y-%m-%d %H:%i') as date FROM `we_admin` ORDER BY id desc 

