[ 2017-06-24T10:56:47+08:00 ] ::1 /wepay/admin.php
INFO: [ app_init ] --START--
INFO: Run Behavior\BuildLiteBehavior [ RunTime:0.000155s ]
INFO: [ app_init ] --END-- [ RunTime:0.003577s ]
INFO: [ app_begin ] --START--
INFO: Run Behavior\ReadHtmlCacheBehavior [ RunTime:0.005006s ]
INFO: [ app_begin ] --END-- [ RunTime:0.005878s ]
SQL: SHOW COLUMNS FROM `we_menu` [ RunTime:0.0308s ]
SQL: SELECT * FROM `we_menu` ORDER BY sort asc,id asc  [ RunTime:0.0054s ]
INFO: [ view_parse ] --START--
INFO: [ template_filter ] --START--
INFO: Run Behavior\ContentReplaceBehavior [ RunTime:0.000515s ]
INFO: [ template_filter ] --END-- [ RunTime:0.001266s ]
INFO: Run Behavior\ParseTemplateBehavior [ RunTime:0.076626s ]
INFO: [ view_parse ] --END-- [ RunTime:0.077819s ]
INFO: [ view_filter ] --START--
INFO: Run Behavior\WriteHtmlCacheBehavior [ RunTime:0.003517s ]
INFO: [ view_filter ] --END-- [ RunTime:0.004317s ]
INFO: [ app_end ] --START--
INFO: Run Behavior\ShowPageTraceBehavior [ RunTime:0.005042s ]
INFO: [ app_end ] --END-- [ RunTime:0.006024s ]

[ 2017-06-24T10:56:52+08:00 ] ::1 /wepay/admin.php/Product/index
INFO: [ app_init ] --START--
INFO: Run Behavior\BuildLiteBehavior [ RunTime:0.000168s ]
INFO: [ app_init ] --END-- [ RunTime:0.003265s ]
INFO: [ app_begin ] --START--
INFO: Run Behavior\ReadHtmlCacheBehavior [ RunTime:0.002456s ]
INFO: [ app_begin ] --END-- [ RunTime:0.003307s ]
SQL: SHOW COLUMNS FROM `we_menu` [ RunTime:0.0193s ]
SQL: SELECT * FROM `we_menu` ORDER BY sort asc,id asc  [ RunTime:0.0015s ]
SQL: SHOW COLUMNS FROM `we_product_cate` [ RunTime:0.0328s ]
NOTIC: [2048] Declaration of Admin\Model\ProductModel::page() should be compatible with Think\Model::page($page, $listRows = NULL) C:\wamp\www\wepay\App\Admin\Model\ProductModel.class.php 第 100 行.
SQL: SHOW COLUMNS FROM `we_product` [ RunTime:0.0146s ]
NOTIC: [8] Undefined variable: where C:\wamp\www\wepay\App\Admin\Model\ProductModel.class.php 第 61 行.
SQL: SELECT COUNT(*) AS tp_count FROM we_product a INNER JOIN we_product_cate as b on a.pid =b.id  LIMIT 1   [ RunTime:0.0066s ]
NOTIC: [8] Undefined variable: where C:\wamp\www\wepay\App\Admin\Model\ProductModel.class.php 第 77 行.
SQL: SELECT a.*,b.name as pname,FROM_UNIXTIME(a.add_time,'%Y-%m-%d %H:%i') as date FROM we_product a INNER JOIN we_product_cate as b on a.pid =b.id  ORDER BY id desc LIMIT 0,10   [ RunTime:0.0281s ]
SQL: SELECT *,FROM_UNIXTIME(add_time,'%Y-%m-%d %H:%i') as date FROM `we_product_cate` ORDER BY id asc  [ RunTime:0.0013s ]
INFO: [ view_parse ] --START--
INFO: [ template_filter ] --START--
INFO: Run Behavior\ContentReplaceBehavior [ RunTime:0.001057s ]
INFO: [ template_filter ] --END-- [ RunTime:0.002048s ]
INFO: Run Behavior\ParseTemplateBehavior [ RunTime:0.104952s ]
INFO: [ view_parse ] --END-- [ RunTime:0.105793s ]
INFO: [ view_filter ] --START--
INFO: Run Behavior\WriteHtmlCacheBehavior [ RunTime:0.002674s ]
INFO: [ view_filter ] --END-- [ RunTime:0.003439s ]
INFO: [ app_end ] --START--
INFO: Run Behavior\ShowPageTraceBehavior [ RunTime:0.007037s ]
INFO: [ app_end ] --END-- [ RunTime:0.008936s ]

[ 2017-06-24T10:56:59+08:00 ] ::1 /wepay/admin.php/Product/delProduct
INFO: [ app_init ] --START--
INFO: Run Behavior\BuildLiteBehavior [ RunTime:0.000183s ]
INFO: [ app_init ] --END-- [ RunTime:0.003762s ]
INFO: [ app_begin ] --START--
INFO: Run Behavior\ReadHtmlCacheBehavior [ RunTime:0.002231s ]
INFO: [ app_begin ] --END-- [ RunTime:0.002894s ]
SQL: SHOW COLUMNS FROM `we_menu` [ RunTime:0.0150s ]
SQL: SELECT * FROM `we_menu` ORDER BY sort asc,id asc  [ RunTime:0.0015s ]
SQL: SHOW COLUMNS FROM `we_product_cate` [ RunTime:0.0159s ]
NOTIC: [2048] Declaration of Admin\Model\ProductModel::page() should be compatible with Think\Model::page($page, $listRows = NULL) C:\wamp\www\wepay\App\Admin\Model\ProductModel.class.php 第 100 行.
SQL: SHOW COLUMNS FROM `we_product` [ RunTime:0.0170s ]
SQL: DELETE FROM `we_product` WHERE `id` IN ('23') [ RunTime:0.0376s ]

[ 2017-06-24T10:57:01+08:00 ] ::1 /wepay/admin.php/Product/getProduct/id/24
INFO: [ app_init ] --START--
INFO: Run Behavior\BuildLiteBehavior [ RunTime:0.000171s ]
INFO: [ app_init ] --END-- [ RunTime:0.003585s ]
INFO: [ app_begin ] --START--
INFO: Run Behavior\ReadHtmlCacheBehavior [ RunTime:0.004044s ]
INFO: [ app_begin ] --END-- [ RunTime:0.004747s ]
SQL: SHOW COLUMNS FROM `we_menu` [ RunTime:0.0162s ]
SQL: SELECT * FROM `we_menu` ORDER BY sort asc,id asc  [ RunTime:0.0021s ]
SQL: SHOW COLUMNS FROM `we_product_cate` [ RunTime:0.0158s ]
NOTIC: [2048] Declaration of Admin\Model\ProductModel::page() should be compatible with Think\Model::page($page, $listRows = NULL) C:\wamp\www\wepay\App\Admin\Model\ProductModel.class.php 第 100 行.
SQL: SHOW COLUMNS FROM `we_product` [ RunTime:0.0180s ]
SQL: SELECT * FROM `we_product` WHERE `id` = 24 ORDER BY id asc LIMIT 1   [ RunTime:0.0012s ]

[ 2017-06-24T10:57:26+08:00 ] ::1 /wepay/admin.php/Product/addProduct
INFO: [ app_init ] --START--
INFO: Run Behavior\BuildLiteBehavior [ RunTime:0.000154s ]
INFO: [ app_init ] --END-- [ RunTime:0.002543s ]
INFO: [ app_begin ] --START--
INFO: Run Behavior\ReadHtmlCacheBehavior [ RunTime:0.002225s ]
INFO: [ app_begin ] --END-- [ RunTime:0.002867s ]
SQL: SHOW COLUMNS FROM `we_menu` [ RunTime:0.0155s ]
SQL: SELECT * FROM `we_menu` ORDER BY sort asc,id asc  [ RunTime:0.0018s ]
SQL: SHOW COLUMNS FROM `we_product_cate` [ RunTime:0.0140s ]
NOTIC: [2048] Declaration of Admin\Model\ProductModel::page() should be compatible with Think\Model::page($page, $listRows = NULL) C:\wamp\www\wepay\App\Admin\Model\ProductModel.class.php 第 100 行.
SQL: SHOW COLUMNS FROM `we_product` [ RunTime:0.0207s ]
NOTIC: [8] Undefined index: validate C:\wamp\www\wepay\ThinkPHP\Library\Think\Model.class.php 第 1185 行.
NOTIC: [8] Undefined index: auto C:\wamp\www\wepay\ThinkPHP\Library\Think\Model.class.php 第 1128 行.
NOTIC: [8] Undefined variable: where C:\wamp\www\wepay\App\Admin\Model\ProductModel.class.php 第 61 行.
SQL: SELECT COUNT(*) AS tp_count FROM we_product a INNER JOIN we_product_cate as b on a.pid =b.id  LIMIT 1   [ RunTime:0.0010s ]
NOTIC: [8] Undefined variable: where C:\wamp\www\wepay\App\Admin\Model\ProductModel.class.php 第 77 行.
SQL: SELECT a.*,b.name as pname,FROM_UNIXTIME(a.add_time,'%Y-%m-%d %H:%i') as date FROM we_product a INNER JOIN we_product_cate as b on a.pid =b.id  ORDER BY id desc LIMIT 0,10   [ RunTime:0.0127s ]
SQL: UPDATE `we_product` SET `name`='人民币/欧元',`pid`='1',`api`='CNYEUR',`desc`='人民币/欧元',`sort`='1',`state`='0' WHERE `id` = 24 [ RunTime:0.0247s ]

[ 2017-06-24T10:57:28+08:00 ] ::1 /wepay/admin.php/Product/getProduct/id/17
INFO: [ app_init ] --START--
INFO: Run Behavior\BuildLiteBehavior [ RunTime:0.000153s ]
INFO: [ app_init ] --END-- [ RunTime:0.002306s ]
INFO: [ app_begin ] --START--
INFO: Run Behavior\ReadHtmlCacheBehavior [ RunTime:0.002106s ]
INFO: [ app_begin ] --END-- [ RunTime:0.002866s ]
SQL: SHOW COLUMNS FROM `we_menu` [ RunTime:0.0162s ]
SQL: SELECT * FROM `we_menu` ORDER BY sort asc,id asc  [ RunTime:0.0015s ]
SQL: SHOW COLUMNS FROM `we_product_cate` [ RunTime:0.0156s ]
NOTIC: [2048] Declaration of Admin\Model\ProductModel::page() should be compatible with Think\Model::page($page, $listRows = NULL) C:\wamp\www\wepay\App\Admin\Model\ProductModel.class.php 第 100 行.
SQL: SHOW COLUMNS FROM `we_product` [ RunTime:0.0239s ]
SQL: SELECT * FROM `we_product` WHERE `id` = 17 ORDER BY id asc LIMIT 1   [ RunTime:0.0016s ]

[ 2017-06-24T10:57:39+08:00 ] ::1 /wepay/admin.php/Product/addProduct
INFO: [ app_init ] --START--
INFO: Run Behavior\BuildLiteBehavior [ RunTime:0.000167s ]
INFO: [ app_init ] --END-- [ RunTime:0.002309s ]
INFO: [ app_begin ] --START--
INFO: Run Behavior\ReadHtmlCacheBehavior [ RunTime:0.005171s ]
INFO: [ app_begin ] --END-- [ RunTime:0.005942s ]
SQL: SHOW COLUMNS FROM `we_menu` [ RunTime:0.0161s ]
SQL: SELECT * FROM `we_menu` ORDER BY sort asc,id asc  [ RunTime:0.0012s ]
SQL: SHOW COLUMNS FROM `we_product_cate` [ RunTime:0.0144s ]
NOTIC: [2048] Declaration of Admin\Model\ProductModel::page() should be compatible with Think\Model::page($page, $listRows = NULL) C:\wamp\www\wepay\App\Admin\Model\ProductModel.class.php 第 100 行.
SQL: SHOW COLUMNS FROM `we_product` [ RunTime:0.0148s ]
NOTIC: [8] Undefined index: validate C:\wamp\www\wepay\ThinkPHP\Library\Think\Model.class.php 第 1185 行.
NOTIC: [8] Undefined index: auto C:\wamp\www\wepay\ThinkPHP\Library\Think\Model.class.php 第 1128 行.
NOTIC: [8] Undefined variable: where C:\wamp\www\wepay\App\Admin\Model\ProductModel.class.php 第 61 行.
SQL: SELECT COUNT(*) AS tp_count FROM we_product a INNER JOIN we_product_cate as b on a.pid =b.id  LIMIT 1   [ RunTime:0.0014s ]
NOTIC: [8] Undefined variable: where C:\wamp\www\wepay\App\Admin\Model\ProductModel.class.php 第 77 行.
SQL: SELECT a.*,b.name as pname,FROM_UNIXTIME(a.add_time,'%Y-%m-%d %H:%i') as date FROM we_product a INNER JOIN we_product_cate as b on a.pid =b.id  ORDER BY id desc LIMIT 0,10   [ RunTime:0.0116s ]
SQL: UPDATE `we_product` SET `name`='人民币/港元',`pid`='1',`api`='CNYHKD',`desc`='人民币/港元',`sort`='1',`state`='0' WHERE `id` = 17 [ RunTime:0.0114s ]

[ 2017-06-24T10:57:41+08:00 ] ::1 /wepay/admin.php/Product/getProduct/id/1
INFO: [ app_init ] --START--
INFO: Run Behavior\BuildLiteBehavior [ RunTime:0.000151s ]
INFO: [ app_init ] --END-- [ RunTime:0.002171s ]
INFO: [ app_begin ] --START--
INFO: Run Behavior\ReadHtmlCacheBehavior [ RunTime:0.002737s ]
INFO: [ app_begin ] --END-- [ RunTime:0.003817s ]
SQL: SHOW COLUMNS FROM `we_menu` [ RunTime:0.0167s ]
SQL: SELECT * FROM `we_menu` ORDER BY sort asc,id asc  [ RunTime:0.0016s ]
SQL: SHOW COLUMNS FROM `we_product_cate` [ RunTime:0.0163s ]
NOTIC: [2048] Declaration of Admin\Model\ProductModel::page() should be compatible with Think\Model::page($page, $listRows = NULL) C:\wamp\www\wepay\App\Admin\Model\ProductModel.class.php 第 100 行.
SQL: SHOW COLUMNS FROM `we_product` [ RunTime:0.0215s ]
SQL: SELECT * FROM `we_product` WHERE `id` = 1 ORDER BY id asc LIMIT 1   [ RunTime:0.0011s ]

[ 2017-06-24T10:57:57+08:00 ] ::1 /wepay/admin.php/Product/addProduct
INFO: [ app_init ] --START--
INFO: Run Behavior\BuildLiteBehavior [ RunTime:0.000163s ]
INFO: [ app_init ] --END-- [ RunTime:0.003415s ]
INFO: [ app_begin ] --START--
INFO: Run Behavior\ReadHtmlCacheBehavior [ RunTime:0.005121s ]
INFO: [ app_begin ] --END-- [ RunTime:0.005911s ]
SQL: SHOW COLUMNS FROM `we_menu` [ RunTime:0.0150s ]
SQL: SELECT * FROM `we_menu` ORDER BY sort asc,id asc  [ RunTime:0.0017s ]
SQL: SHOW COLUMNS FROM `we_product_cate` [ RunTime:0.0158s ]
NOTIC: [2048] Declaration of Admin\Model\ProductModel::page() should be compatible with Think\Model::page($page, $listRows = NULL) C:\wamp\www\wepay\App\Admin\Model\ProductModel.class.php 第 100 行.
SQL: SHOW COLUMNS FROM `we_product` [ RunTime:0.0160s ]
NOTIC: [8] Undefined index: validate C:\wamp\www\wepay\ThinkPHP\Library\Think\Model.class.php 第 1185 行.
NOTIC: [8] Undefined index: auto C:\wamp\www\wepay\ThinkPHP\Library\Think\Model.class.php 第 1128 行.
NOTIC: [8] Undefined variable: where C:\wamp\www\wepay\App\Admin\Model\ProductModel.class.php 第 61 行.
SQL: SELECT COUNT(*) AS tp_count FROM we_product a INNER JOIN we_product_cate as b on a.pid =b.id  LIMIT 1   [ RunTime:0.0008s ]
NOTIC: [8] Undefined variable: where C:\wamp\www\wepay\App\Admin\Model\ProductModel.class.php 第 77 行.
SQL: SELECT a.*,b.name as pname,FROM_UNIXTIME(a.add_time,'%Y-%m-%d %H:%i') as date FROM we_product a INNER JOIN we_product_cate as b on a.pid =b.id  ORDER BY id desc LIMIT 0,10   [ RunTime:0.0141s ]
SQL: UPDATE `we_product` SET `name`='人民币/美元',`pid`='1',`api`='CNYUSD',`desc`='美元对人民币',`sort`='1',`state`='0' WHERE `id` = 1 [ RunTime:0.0092s ]

[ 2017-06-24T10:57:59+08:00 ] ::1 /wepay/admin.php/Product/index
INFO: [ app_init ] --START--
INFO: Run Behavior\BuildLiteBehavior [ RunTime:0.000149s ]
INFO: [ app_init ] --END-- [ RunTime:0.002193s ]
INFO: [ app_begin ] --START--
INFO: Run Behavior\ReadHtmlCacheBehavior [ RunTime:0.002917s ]
INFO: [ app_begin ] --END-- [ RunTime:0.003818s ]
SQL: SHOW COLUMNS FROM `we_menu` [ RunTime:0.0154s ]
SQL: SELECT * FROM `we_menu` ORDER BY sort asc,id asc  [ RunTime:0.0016s ]
SQL: SHOW COLUMNS FROM `we_product_cate` [ RunTime:0.0141s ]
NOTIC: [2048] Declaration of Admin\Model\ProductModel::page() should be compatible with Think\Model::page($page, $listRows = NULL) C:\wamp\www\wepay\App\Admin\Model\ProductModel.class.php 第 100 行.
SQL: SHOW COLUMNS FROM `we_product` [ RunTime:0.0178s ]
NOTIC: [8] Undefined variable: where C:\wamp\www\wepay\App\Admin\Model\ProductModel.class.php 第 61 行.
SQL: SELECT COUNT(*) AS tp_count FROM we_product a INNER JOIN we_product_cate as b on a.pid =b.id  LIMIT 1   [ RunTime:0.0010s ]
NOTIC: [8] Undefined variable: where C:\wamp\www\wepay\App\Admin\Model\ProductModel.class.php 第 77 行.
SQL: SELECT a.*,b.name as pname,FROM_UNIXTIME(a.add_time,'%Y-%m-%d %H:%i') as date FROM we_product a INNER JOIN we_product_cate as b on a.pid =b.id  ORDER BY id desc LIMIT 0,10   [ RunTime:0.0132s ]
SQL: SELECT *,FROM_UNIXTIME(add_time,'%Y-%m-%d %H:%i') as date FROM `we_product_cate` ORDER BY id asc  [ RunTime:0.0008s ]
INFO: [ view_parse ] --START--
INFO: [ template_filter ] --START--
INFO: Run Behavior\ContentReplaceBehavior [ RunTime:0.000969s ]
INFO: [ template_filter ] --END-- [ RunTime:0.001829s ]
INFO: Run Behavior\ParseTemplateBehavior [ RunTime:0.098175s ]
INFO: [ view_parse ] --END-- [ RunTime:0.098947s ]
INFO: [ view_filter ] --START--
INFO: Run Behavior\WriteHtmlCacheBehavior [ RunTime:0.002578s ]
INFO: [ view_filter ] --END-- [ RunTime:0.003456s ]
INFO: [ app_end ] --START--
INFO: Run Behavior\ShowPageTraceBehavior [ RunTime:0.003609s ]
INFO: [ app_end ] --END-- [ RunTime:0.004472s ]

[ 2017-06-24T13:35:17+08:00 ] ::1 /wepay/admin.php/Product/index
INFO: [ app_init ] --START--
INFO: Run Behavior\BuildLiteBehavior [ RunTime:0.000150s ]
INFO: [ app_init ] --END-- [ RunTime:0.004134s ]
INFO: [ app_begin ] --START--
INFO: Run Behavior\ReadHtmlCacheBehavior [ RunTime:0.004410s ]
INFO: [ app_begin ] --END-- [ RunTime:0.005282s ]
SQL: SHOW COLUMNS FROM `we_menu` [ RunTime:0.0173s ]
SQL: SELECT * FROM `we_menu` ORDER BY sort asc,id asc  [ RunTime:0.0019s ]
SQL: SHOW COLUMNS FROM `we_product_cate` [ RunTime:0.0194s ]
NOTIC: [2048] Declaration of Admin\Model\ProductModel::page() should be compatible with Think\Model::page($page, $listRows = NULL) C:\wamp\www\wepay\App\Admin\Model\ProductModel.class.php 第 100 行.
SQL: SHOW COLUMNS FROM `we_product` [ RunTime:0.0157s ]
NOTIC: [8] Undefined variable: where C:\wamp\www\wepay\App\Admin\Model\ProductModel.class.php 第 61 行.
SQL: SELECT COUNT(*) AS tp_count FROM we_product a INNER JOIN we_product_cate as b on a.pid =b.id  LIMIT 1   [ RunTime:0.0015s ]
NOTIC: [8] Undefined variable: where C:\wamp\www\wepay\App\Admin\Model\ProductModel.class.php 第 77 行.
SQL: SELECT a.*,b.name as pname,FROM_UNIXTIME(a.add_time,'%Y-%m-%d %H:%i') as date FROM we_product a INNER JOIN we_product_cate as b on a.pid =b.id  ORDER BY id desc LIMIT 0,10   [ RunTime:0.0147s ]
SQL: SELECT *,FROM_UNIXTIME(add_time,'%Y-%m-%d %H:%i') as date FROM `we_product_cate` ORDER BY id asc  [ RunTime:0.0009s ]
INFO: [ view_parse ] --START--
INFO: [ template_filter ] --START--
INFO: Run Behavior\ContentReplaceBehavior [ RunTime:0.000960s ]
INFO: [ template_filter ] --END-- [ RunTime:0.001790s ]
INFO: Run Behavior\ParseTemplateBehavior [ RunTime:0.133043s ]
INFO: [ view_parse ] --END-- [ RunTime:0.133903s ]
INFO: [ view_filter ] --START--
INFO: Run Behavior\WriteHtmlCacheBehavior [ RunTime:0.003796s ]
INFO: [ view_filter ] --END-- [ RunTime:0.004554s ]
INFO: [ app_end ] --START--
INFO: Run Behavior\ShowPageTraceBehavior [ RunTime:0.004672s ]
INFO: [ app_end ] --END-- [ RunTime:0.006219s ]

[ 2017-06-24T17:44:20+08:00 ] ::1 /wepay/admin.php
INFO: [ app_init ] --START--
INFO: Run Behavior\BuildLiteBehavior [ RunTime:0.000148s ]
INFO: [ app_init ] --END-- [ RunTime:0.002594s ]
INFO: [ app_begin ] --START--
INFO: Run Behavior\ReadHtmlCacheBehavior [ RunTime:0.002588s ]
INFO: [ app_begin ] --END-- [ RunTime:0.003338s ]
SQL: SHOW COLUMNS FROM `we_menu` [ RunTime:0.0875s ]
SQL: SELECT * FROM `we_menu` ORDER BY sort asc,id asc  [ RunTime:0.0057s ]
INFO: [ view_parse ] --START--
INFO: [ template_filter ] --START--
INFO: Run Behavior\ContentReplaceBehavior [ RunTime:0.000503s ]
INFO: [ template_filter ] --END-- [ RunTime:0.001243s ]
INFO: Run Behavior\ParseTemplateBehavior [ RunTime:0.066276s ]
INFO: [ view_parse ] --END-- [ RunTime:0.067042s ]
INFO: [ view_filter ] --START--
INFO: Run Behavior\WriteHtmlCacheBehavior [ RunTime:0.001918s ]
INFO: [ view_filter ] --END-- [ RunTime:0.002641s ]
INFO: [ app_end ] --START--
INFO: Run Behavior\ShowPageTraceBehavior [ RunTime:0.002663s ]
INFO: [ app_end ] --END-- [ RunTime:0.003415s ]

[ 2017-06-24T17:44:25+08:00 ] ::1 /wepay/admin.php/Product/index
INFO: [ app_init ] --START--
INFO: Run Behavior\BuildLiteBehavior [ RunTime:0.000154s ]
INFO: [ app_init ] --END-- [ RunTime:0.002173s ]
INFO: [ app_begin ] --START--
INFO: Run Behavior\ReadHtmlCacheBehavior [ RunTime:0.002089s ]
INFO: [ app_begin ] --END-- [ RunTime:0.003393s ]
SQL: SHOW COLUMNS FROM `we_menu` [ RunTime:0.0134s ]
SQL: SELECT * FROM `we_menu` ORDER BY sort asc,id asc  [ RunTime:0.0012s ]
SQL: SHOW COLUMNS FROM `we_product_cate` [ RunTime:0.0281s ]
NOTIC: [2048] Declaration of Admin\Model\ProductModel::page() should be compatible with Think\Model::page($page, $listRows = NULL) C:\wamp\www\wepay\App\Admin\Model\ProductModel.class.php 第 100 行.
SQL: SHOW COLUMNS FROM `we_product` [ RunTime:0.0152s ]
NOTIC: [8] Undefined variable: where C:\wamp\www\wepay\App\Admin\Model\ProductModel.class.php 第 61 行.
SQL: SELECT COUNT(*) AS tp_count FROM we_product a INNER JOIN we_product_cate as b on a.pid =b.id  LIMIT 1   [ RunTime:0.0067s ]
NOTIC: [8] Undefined variable: where C:\wamp\www\wepay\App\Admin\Model\ProductModel.class.php 第 77 行.
SQL: SELECT a.*,b.name as pname,FROM_UNIXTIME(a.add_time,'%Y-%m-%d %H:%i') as date FROM we_product a INNER JOIN we_product_cate as b on a.pid =b.id  ORDER BY id desc LIMIT 0,10   [ RunTime:0.0255s ]
SQL: SELECT *,FROM_UNIXTIME(add_time,'%Y-%m-%d %H:%i') as date FROM `we_product_cate` ORDER BY id asc  [ RunTime:0.0008s ]
INFO: [ view_parse ] --START--
INFO: [ template_filter ] --START--
INFO: Run Behavior\ContentReplaceBehavior [ RunTime:0.000867s ]
INFO: [ template_filter ] --END-- [ RunTime:0.001746s ]
INFO: Run Behavior\ParseTemplateBehavior [ RunTime:0.101459s ]
INFO: [ view_parse ] --END-- [ RunTime:0.102297s ]
INFO: [ view_filter ] --START--
INFO: Run Behavior\WriteHtmlCacheBehavior [ RunTime:0.001624s ]
INFO: [ view_filter ] --END-- [ RunTime:0.002369s ]
INFO: [ app_end ] --START--
INFO: Run Behavior\ShowPageTraceBehavior [ RunTime:0.003217s ]
INFO: [ app_end ] --END-- [ RunTime:0.004722s ]

[ 2017-06-24T17:46:04+08:00 ] ::1 /wepay/admin.php/Product/addProduct
INFO: [ app_init ] --START--
INFO: Run Behavior\BuildLiteBehavior [ RunTime:0.000144s ]
INFO: [ app_init ] --END-- [ RunTime:0.002176s ]
INFO: [ app_begin ] --START--
INFO: Run Behavior\ReadHtmlCacheBehavior [ RunTime:0.002930s ]
INFO: [ app_begin ] --END-- [ RunTime:0.003551s ]
SQL: SHOW COLUMNS FROM `we_menu` [ RunTime:0.0128s ]
SQL: SELECT * FROM `we_menu` ORDER BY sort asc,id asc  [ RunTime:0.0013s ]
SQL: SHOW COLUMNS FROM `we_product_cate` [ RunTime:0.0127s ]
NOTIC: [2048] Declaration of Admin\Model\ProductModel::page() should be compatible with Think\Model::page($page, $listRows = NULL) C:\wamp\www\wepay\App\Admin\Model\ProductModel.class.php 第 100 行.
SQL: SHOW COLUMNS FROM `we_product` [ RunTime:0.0136s ]
NOTIC: [8] Undefined index: validate C:\wamp\www\wepay\ThinkPHP\Library\Think\Model.class.php 第 1185 行.
SQL: SELECT * FROM `we_product` WHERE `name` = '人民币/日元' LIMIT 1   [ RunTime:0.0009s ]
NOTIC: [8] Undefined index: auto C:\wamp\www\wepay\ThinkPHP\Library\Think\Model.class.php 第 1128 行.
SQL: INSERT INTO `we_product` (`name`,`pid`,`api`,`desc`,`sort`,`state`,`add_time`) VALUES ('人民币/日元','1','JPYCNY','人民币/日元','1','0','1498297564') [ RunTime:0.0277s ]
NOTIC: [8] Undefined variable: where C:\wamp\www\wepay\App\Admin\Model\ProductModel.class.php 第 61 行.
SQL: SELECT COUNT(*) AS tp_count FROM we_product a INNER JOIN we_product_cate as b on a.pid =b.id  LIMIT 1   [ RunTime:0.0018s ]
NOTIC: [8] Undefined variable: where C:\wamp\www\wepay\App\Admin\Model\ProductModel.class.php 第 77 行.
SQL: SELECT a.*,b.name as pname,FROM_UNIXTIME(a.add_time,'%Y-%m-%d %H:%i') as date FROM we_product a INNER JOIN we_product_cate as b on a.pid =b.id  ORDER BY id desc LIMIT 0,10   [ RunTime:0.0165s ]

[ 2017-06-24T17:48:58+08:00 ] ::1 /wepay/admin.php/Product/getProduct/id/25
INFO: [ app_init ] --START--
INFO: Run Behavior\BuildLiteBehavior [ RunTime:0.000164s ]
INFO: [ app_init ] --END-- [ RunTime:0.002778s ]
INFO: [ app_begin ] --START--
INFO: Run Behavior\ReadHtmlCacheBehavior [ RunTime:0.002717s ]
INFO: [ app_begin ] --END-- [ RunTime:0.003456s ]
SQL: SHOW COLUMNS FROM `we_menu` [ RunTime:0.0145s ]
SQL: SELECT * FROM `we_menu` ORDER BY sort asc,id asc  [ RunTime:0.0011s ]
SQL: SHOW COLUMNS FROM `we_product_cate` [ RunTime:0.0148s ]
NOTIC: [2048] Declaration of Admin\Model\ProductModel::page() should be compatible with Think\Model::page($page, $listRows = NULL) C:\wamp\www\wepay\App\Admin\Model\ProductModel.class.php 第 100 行.
SQL: SHOW COLUMNS FROM `we_product` [ RunTime:0.0152s ]
SQL: SELECT * FROM `we_product` WHERE `id` = 25 ORDER BY id asc LIMIT 1   [ RunTime:0.0014s ]

[ 2017-06-24T17:49:08+08:00 ] ::1 /wepay/admin.php/Product/addProduct
INFO: [ app_init ] --START--
INFO: Run Behavior\BuildLiteBehavior [ RunTime:0.000154s ]
INFO: [ app_init ] --END-- [ RunTime:0.002355s ]
INFO: [ app_begin ] --START--
INFO: Run Behavior\ReadHtmlCacheBehavior [ RunTime:0.002109s ]
INFO: [ app_begin ] --END-- [ RunTime:0.002755s ]
SQL: SHOW COLUMNS FROM `we_menu` [ RunTime:0.0148s ]
SQL: SELECT * FROM `we_menu` ORDER BY sort asc,id asc  [ RunTime:0.0011s ]
SQL: SHOW COLUMNS FROM `we_product_cate` [ RunTime:0.0143s ]
NOTIC: [2048] Declaration of Admin\Model\ProductModel::page() should be compatible with Think\Model::page($page, $listRows = NULL) C:\wamp\www\wepay\App\Admin\Model\ProductModel.class.php 第 100 行.
SQL: SHOW COLUMNS FROM `we_product` [ RunTime:0.0131s ]
NOTIC: [8] Undefined index: validate C:\wamp\www\wepay\ThinkPHP\Library\Think\Model.class.php 第 1185 行.
NOTIC: [8] Undefined index: auto C:\wamp\www\wepay\ThinkPHP\Library\Think\Model.class.php 第 1128 行.
NOTIC: [8] Undefined variable: where C:\wamp\www\wepay\App\Admin\Model\ProductModel.class.php 第 61 行.
SQL: SELECT COUNT(*) AS tp_count FROM we_product a INNER JOIN we_product_cate as b on a.pid =b.id  LIMIT 1   [ RunTime:0.0008s ]
NOTIC: [8] Undefined variable: where C:\wamp\www\wepay\App\Admin\Model\ProductModel.class.php 第 77 行.
SQL: SELECT a.*,b.name as pname,FROM_UNIXTIME(a.add_time,'%Y-%m-%d %H:%i') as date FROM we_product a INNER JOIN we_product_cate as b on a.pid =b.id  ORDER BY id desc LIMIT 0,10   [ RunTime:0.0114s ]
SQL: UPDATE `we_product` SET `name`='日元/人民币',`pid`='1',`api`='JPYCNY',`desc`='人民币/日元',`sort`='1',`state`='0' WHERE `id` = 25 [ RunTime:0.0267s ]

[ 2017-06-24T17:49:10+08:00 ] ::1 /wepay/admin.php/Product/getProduct/id/24
INFO: [ app_init ] --START--
INFO: Run Behavior\BuildLiteBehavior [ RunTime:0.000168s ]
INFO: [ app_init ] --END-- [ RunTime:0.004097s ]
INFO: [ app_begin ] --START--
INFO: Run Behavior\ReadHtmlCacheBehavior [ RunTime:0.002239s ]
INFO: [ app_begin ] --END-- [ RunTime:0.002850s ]
SQL: SHOW COLUMNS FROM `we_menu` [ RunTime:0.0149s ]
SQL: SELECT * FROM `we_menu` ORDER BY sort asc,id asc  [ RunTime:0.0012s ]
SQL: SHOW COLUMNS FROM `we_product_cate` [ RunTime:0.0148s ]
NOTIC: [2048] Declaration of Admin\Model\ProductModel::page() should be compatible with Think\Model::page($page, $listRows = NULL) C:\wamp\www\wepay\App\Admin\Model\ProductModel.class.php 第 100 行.
SQL: SHOW COLUMNS FROM `we_product` [ RunTime:0.0150s ]
SQL: SELECT * FROM `we_product` WHERE `id` = 24 ORDER BY id asc LIMIT 1   [ RunTime:0.0010s ]

[ 2017-06-24T17:49:25+08:00 ] ::1 /wepay/admin.php/Product/addProduct
INFO: [ app_init ] --START--
INFO: Run Behavior\BuildLiteBehavior [ RunTime:0.000166s ]
INFO: [ app_init ] --END-- [ RunTime:0.002856s ]
INFO: [ app_begin ] --START--
INFO: Run Behavior\ReadHtmlCacheBehavior [ RunTime:0.002317s ]
INFO: [ app_begin ] --END-- [ RunTime:0.002983s ]
SQL: SHOW COLUMNS FROM `we_menu` [ RunTime:0.0141s ]
SQL: SELECT * FROM `we_menu` ORDER BY sort asc,id asc  [ RunTime:0.0012s ]
SQL: SHOW COLUMNS FROM `we_product_cate` [ RunTime:0.0128s ]
NOTIC: [2048] Declaration of Admin\Model\ProductModel::page() should be compatible with Think\Model::page($page, $listRows = NULL) C:\wamp\www\wepay\App\Admin\Model\ProductModel.class.php 第 100 行.
SQL: SHOW COLUMNS FROM `we_product` [ RunTime:0.0134s ]
NOTIC: [8] Undefined index: validate C:\wamp\www\wepay\ThinkPHP\Library\Think\Model.class.php 第 1185 行.
NOTIC: [8] Undefined index: auto C:\wamp\www\wepay\ThinkPHP\Library\Think\Model.class.php 第 1128 行.
NOTIC: [8] Undefined variable: where C:\wamp\www\wepay\App\Admin\Model\ProductModel.class.php 第 61 行.
SQL: SELECT COUNT(*) AS tp_count FROM we_product a INNER JOIN we_product_cate as b on a.pid =b.id  LIMIT 1   [ RunTime:0.0008s ]
NOTIC: [8] Undefined variable: where C:\wamp\www\wepay\App\Admin\Model\ProductModel.class.php 第 77 行.
SQL: SELECT a.*,b.name as pname,FROM_UNIXTIME(a.add_time,'%Y-%m-%d %H:%i') as date FROM we_product a INNER JOIN we_product_cate as b on a.pid =b.id  ORDER BY id desc LIMIT 0,10   [ RunTime:0.0113s ]
SQL: UPDATE `we_product` SET `name`='欧元/人民币',`pid`='1',`api`='EURCNY',`desc`='人民币/欧元',`sort`='1',`state`='0' WHERE `id` = 24 [ RunTime:0.0166s ]

[ 2017-06-24T17:49:27+08:00 ] ::1 /wepay/admin.php/Product/getProduct/id/25
INFO: [ app_init ] --START--
INFO: Run Behavior\BuildLiteBehavior [ RunTime:0.000150s ]
INFO: [ app_init ] --END-- [ RunTime:0.002218s ]
INFO: [ app_begin ] --START--
INFO: Run Behavior\ReadHtmlCacheBehavior [ RunTime:0.002861s ]
INFO: [ app_begin ] --END-- [ RunTime:0.003570s ]
SQL: SHOW COLUMNS FROM `we_menu` [ RunTime:0.0154s ]
SQL: SELECT * FROM `we_menu` ORDER BY sort asc,id asc  [ RunTime:0.0012s ]
SQL: SHOW COLUMNS FROM `we_product_cate` [ RunTime:0.0147s ]
NOTIC: [2048] Declaration of Admin\Model\ProductModel::page() should be compatible with Think\Model::page($page, $listRows = NULL) C:\wamp\www\wepay\App\Admin\Model\ProductModel.class.php 第 100 行.
SQL: SHOW COLUMNS FROM `we_product` [ RunTime:0.0151s ]
SQL: SELECT * FROM `we_product` WHERE `id` = 25 ORDER BY id asc LIMIT 1   [ RunTime:0.0013s ]

[ 2017-06-24T17:49:31+08:00 ] ::1 /wepay/admin.php/Product/getProduct/id/17
INFO: [ app_init ] --START--
INFO: Run Behavior\BuildLiteBehavior [ RunTime:0.000157s ]
INFO: [ app_init ] --END-- [ RunTime:0.002762s ]
INFO: [ app_begin ] --START--
INFO: Run Behavior\ReadHtmlCacheBehavior [ RunTime:0.002135s ]
INFO: [ app_begin ] --END-- [ RunTime:0.002751s ]
SQL: SHOW COLUMNS FROM `we_menu` [ RunTime:0.0154s ]
SQL: SELECT * FROM `we_menu` ORDER BY sort asc,id asc  [ RunTime:0.0013s ]
SQL: SHOW COLUMNS FROM `we_product_cate` [ RunTime:0.0160s ]
NOTIC: [2048] Declaration of Admin\Model\ProductModel::page() should be compatible with Think\Model::page($page, $listRows = NULL) C:\wamp\www\wepay\App\Admin\Model\ProductModel.class.php 第 100 行.
SQL: SHOW COLUMNS FROM `we_product` [ RunTime:0.0343s ]
SQL: SELECT * FROM `we_product` WHERE `id` = 17 ORDER BY id asc LIMIT 1   [ RunTime:0.0019s ]

[ 2017-06-24T17:49:45+08:00 ] ::1 /wepay/admin.php/Product/addProduct
INFO: [ app_init ] --START--
INFO: Run Behavior\BuildLiteBehavior [ RunTime:0.000517s ]
INFO: [ app_init ] --END-- [ RunTime:0.005769s ]
INFO: [ app_begin ] --START--
INFO: Run Behavior\ReadHtmlCacheBehavior [ RunTime:0.003201s ]
INFO: [ app_begin ] --END-- [ RunTime:0.003885s ]
SQL: SHOW COLUMNS FROM `we_menu` [ RunTime:0.0134s ]
SQL: SELECT * FROM `we_menu` ORDER BY sort asc,id asc  [ RunTime:0.0012s ]
SQL: SHOW COLUMNS FROM `we_product_cate` [ RunTime:0.0132s ]
NOTIC: [2048] Declaration of Admin\Model\ProductModel::page() should be compatible with Think\Model::page($page, $listRows = NULL) C:\wamp\www\wepay\App\Admin\Model\ProductModel.class.php 第 100 行.
SQL: SHOW COLUMNS FROM `we_product` [ RunTime:0.0135s ]
NOTIC: [8] Undefined index: validate C:\wamp\www\wepay\ThinkPHP\Library\Think\Model.class.php 第 1185 行.
NOTIC: [8] Undefined index: auto C:\wamp\www\wepay\ThinkPHP\Library\Think\Model.class.php 第 1128 行.
NOTIC: [8] Undefined variable: where C:\wamp\www\wepay\App\Admin\Model\ProductModel.class.php 第 61 行.
SQL: SELECT COUNT(*) AS tp_count FROM we_product a INNER JOIN we_product_cate as b on a.pid =b.id  LIMIT 1   [ RunTime:0.0007s ]
NOTIC: [8] Undefined variable: where C:\wamp\www\wepay\App\Admin\Model\ProductModel.class.php 第 77 行.
SQL: SELECT a.*,b.name as pname,FROM_UNIXTIME(a.add_time,'%Y-%m-%d %H:%i') as date FROM we_product a INNER JOIN we_product_cate as b on a.pid =b.id  ORDER BY id desc LIMIT 0,10   [ RunTime:0.0113s ]
SQL: UPDATE `we_product` SET `name`='港元/人民币',`pid`='1',`api`='HKDCNY',`desc`='港元/人民币',`sort`='1',`state`='0' WHERE `id` = 17 [ RunTime:0.0109s ]

[ 2017-06-24T17:49:50+08:00 ] ::1 /wepay/admin.php/Product/getProduct/id/17
INFO: [ app_init ] --START--
INFO: Run Behavior\BuildLiteBehavior [ RunTime:0.000336s ]
INFO: [ app_init ] --END-- [ RunTime:0.002795s ]
INFO: [ app_begin ] --START--
INFO: Run Behavior\ReadHtmlCacheBehavior [ RunTime:0.002467s ]
INFO: [ app_begin ] --END-- [ RunTime:0.003131s ]
SQL: SHOW COLUMNS FROM `we_menu` [ RunTime:0.0157s ]
SQL: SELECT * FROM `we_menu` ORDER BY sort asc,id asc  [ RunTime:0.0015s ]
SQL: SHOW COLUMNS FROM `we_product_cate` [ RunTime:0.0150s ]
NOTIC: [2048] Declaration of Admin\Model\ProductModel::page() should be compatible with Think\Model::page($page, $listRows = NULL) C:\wamp\www\wepay\App\Admin\Model\ProductModel.class.php 第 100 行.
SQL: SHOW COLUMNS FROM `we_product` [ RunTime:0.0168s ]
SQL: SELECT * FROM `we_product` WHERE `id` = 17 ORDER BY id asc LIMIT 1   [ RunTime:0.0010s ]

[ 2017-06-24T17:49:57+08:00 ] ::1 /wepay/admin.php/Product/index
INFO: [ app_init ] --START--
INFO: Run Behavior\BuildLiteBehavior [ RunTime:0.000151s ]
INFO: [ app_init ] --END-- [ RunTime:0.002385s ]
INFO: [ app_begin ] --START--
INFO: Run Behavior\ReadHtmlCacheBehavior [ RunTime:0.002121s ]
INFO: [ app_begin ] --END-- [ RunTime:0.002879s ]
SQL: SHOW COLUMNS FROM `we_menu` [ RunTime:0.0136s ]
SQL: SELECT * FROM `we_menu` ORDER BY sort asc,id asc  [ RunTime:0.0013s ]
SQL: SHOW COLUMNS FROM `we_product_cate` [ RunTime:0.0147s ]
NOTIC: [2048] Declaration of Admin\Model\ProductModel::page() should be compatible with Think\Model::page($page, $listRows = NULL) C:\wamp\www\wepay\App\Admin\Model\ProductModel.class.php 第 100 行.
SQL: SHOW COLUMNS FROM `we_product` [ RunTime:0.0174s ]
NOTIC: [8] Undefined variable: where C:\wamp\www\wepay\App\Admin\Model\ProductModel.class.php 第 61 行.
SQL: SELECT COUNT(*) AS tp_count FROM we_product a INNER JOIN we_product_cate as b on a.pid =b.id  LIMIT 1   [ RunTime:0.0010s ]
NOTIC: [8] Undefined variable: where C:\wamp\www\wepay\App\Admin\Model\ProductModel.class.php 第 77 行.
SQL: SELECT a.*,b.name as pname,FROM_UNIXTIME(a.add_time,'%Y-%m-%d %H:%i') as date FROM we_product a INNER JOIN we_product_cate as b on a.pid =b.id  ORDER BY id desc LIMIT 0,10   [ RunTime:0.0123s ]
SQL: SELECT *,FROM_UNIXTIME(add_time,'%Y-%m-%d %H:%i') as date FROM `we_product_cate` ORDER BY id asc  [ RunTime:0.0007s ]
INFO: [ view_parse ] --START--
INFO: [ template_filter ] --START--
INFO: Run Behavior\ContentReplaceBehavior [ RunTime:0.000804s ]
INFO: [ template_filter ] --END-- [ RunTime:0.001609s ]
INFO: Run Behavior\ParseTemplateBehavior [ RunTime:0.098867s ]
INFO: [ view_parse ] --END-- [ RunTime:0.099620s ]
INFO: [ view_filter ] --START--
INFO: Run Behavior\WriteHtmlCacheBehavior [ RunTime:0.002135s ]
INFO: [ view_filter ] --END-- [ RunTime:0.002891s ]
INFO: [ app_end ] --START--
INFO: Run Behavior\ShowPageTraceBehavior [ RunTime:0.002609s ]
INFO: [ app_end ] --END-- [ RunTime:0.003380s ]

[ 2017-06-24T17:50:00+08:00 ] ::1 /wepay/admin.php/Product/getProduct/id/1
INFO: [ app_init ] --START--
INFO: Run Behavior\BuildLiteBehavior [ RunTime:0.000171s ]
INFO: [ app_init ] --END-- [ RunTime:0.004049s ]
INFO: [ app_begin ] --START--
INFO: Run Behavior\ReadHtmlCacheBehavior [ RunTime:0.002272s ]
INFO: [ app_begin ] --END-- [ RunTime:0.002950s ]
SQL: SHOW COLUMNS FROM `we_menu` [ RunTime:0.0155s ]
SQL: SELECT * FROM `we_menu` ORDER BY sort asc,id asc  [ RunTime:0.0013s ]
SQL: SHOW COLUMNS FROM `we_product_cate` [ RunTime:0.0158s ]
NOTIC: [2048] Declaration of Admin\Model\ProductModel::page() should be compatible with Think\Model::page($page, $listRows = NULL) C:\wamp\www\wepay\App\Admin\Model\ProductModel.class.php 第 100 行.
SQL: SHOW COLUMNS FROM `we_product` [ RunTime:0.0161s ]
SQL: SELECT * FROM `we_product` WHERE `id` = 1 ORDER BY id asc LIMIT 1   [ RunTime:0.0011s ]

[ 2017-06-24T17:50:15+08:00 ] ::1 /wepay/admin.php/Product/addProduct
INFO: [ app_init ] --START--
INFO: Run Behavior\BuildLiteBehavior [ RunTime:0.000381s ]
INFO: [ app_init ] --END-- [ RunTime:0.003408s ]
INFO: [ app_begin ] --START--
INFO: Run Behavior\ReadHtmlCacheBehavior [ RunTime:0.002661s ]
INFO: [ app_begin ] --END-- [ RunTime:0.003303s ]
SQL: SHOW COLUMNS FROM `we_menu` [ RunTime:0.0135s ]
SQL: SELECT * FROM `we_menu` ORDER BY sort asc,id asc  [ RunTime:0.0011s ]
SQL: SHOW COLUMNS FROM `we_product_cate` [ RunTime:0.0128s ]
NOTIC: [2048] Declaration of Admin\Model\ProductModel::page() should be compatible with Think\Model::page($page, $listRows = NULL) C:\wamp\www\wepay\App\Admin\Model\ProductModel.class.php 第 100 行.
SQL: SHOW COLUMNS FROM `we_product` [ RunTime:0.0131s ]
NOTIC: [8] Undefined index: validate C:\wamp\www\wepay\ThinkPHP\Library\Think\Model.class.php 第 1185 行.
NOTIC: [8] Undefined index: auto C:\wamp\www\wepay\ThinkPHP\Library\Think\Model.class.php 第 1128 行.
NOTIC: [8] Undefined variable: where C:\wamp\www\wepay\App\Admin\Model\ProductModel.class.php 第 61 行.
SQL: SELECT COUNT(*) AS tp_count FROM we_product a INNER JOIN we_product_cate as b on a.pid =b.id  LIMIT 1   [ RunTime:0.0008s ]
NOTIC: [8] Undefined variable: where C:\wamp\www\wepay\App\Admin\Model\ProductModel.class.php 第 77 行.
SQL: SELECT a.*,b.name as pname,FROM_UNIXTIME(a.add_time,'%Y-%m-%d %H:%i') as date FROM we_product a INNER JOIN we_product_cate as b on a.pid =b.id  ORDER BY id desc LIMIT 0,10   [ RunTime:0.0115s ]
SQL: UPDATE `we_product` SET `name`='美元/人民币',`pid`='1',`api`='USDCNY',`desc`='美元对人民币',`sort`='1',`state`='0' WHERE `id` = 1 [ RunTime:0.0116s ]

[ 2017-06-24T17:50:19+08:00 ] ::1 /wepay/admin.php/Product/index
INFO: [ app_init ] --START--
INFO: Run Behavior\BuildLiteBehavior [ RunTime:0.000146s ]
INFO: [ app_init ] --END-- [ RunTime:0.002097s ]
INFO: [ app_begin ] --START--
INFO: Run Behavior\ReadHtmlCacheBehavior [ RunTime:0.002369s ]
INFO: [ app_begin ] --END-- [ RunTime:0.003136s ]
SQL: SHOW COLUMNS FROM `we_menu` [ RunTime:0.0151s ]
SQL: SELECT * FROM `we_menu` ORDER BY sort asc,id asc  [ RunTime:0.0013s ]
SQL: SHOW COLUMNS FROM `we_product_cate` [ RunTime:0.0142s ]
NOTIC: [2048] Declaration of Admin\Model\ProductModel::page() should be compatible with Think\Model::page($page, $listRows = NULL) C:\wamp\www\wepay\App\Admin\Model\ProductModel.class.php 第 100 行.
SQL: SHOW COLUMNS FROM `we_product` [ RunTime:0.0133s ]
NOTIC: [8] Undefined variable: where C:\wamp\www\wepay\App\Admin\Model\ProductModel.class.php 第 61 行.
SQL: SELECT COUNT(*) AS tp_count FROM we_product a INNER JOIN we_product_cate as b on a.pid =b.id  LIMIT 1   [ RunTime:0.0008s ]
NOTIC: [8] Undefined variable: where C:\wamp\www\wepay\App\Admin\Model\ProductModel.class.php 第 77 行.
SQL: SELECT a.*,b.name as pname,FROM_UNIXTIME(a.add_time,'%Y-%m-%d %H:%i') as date FROM we_product a INNER JOIN we_product_cate as b on a.pid =b.id  ORDER BY id desc LIMIT 0,10   [ RunTime:0.0118s ]
SQL: SELECT *,FROM_UNIXTIME(add_time,'%Y-%m-%d %H:%i') as date FROM `we_product_cate` ORDER BY id asc  [ RunTime:0.0007s ]
INFO: [ view_parse ] --START--
INFO: [ template_filter ] --START--
INFO: Run Behavior\ContentReplaceBehavior [ RunTime:0.000779s ]
INFO: [ template_filter ] --END-- [ RunTime:0.001528s ]
INFO: Run Behavior\ParseTemplateBehavior [ RunTime:0.090322s ]
INFO: [ view_parse ] --END-- [ RunTime:0.091092s ]
INFO: [ view_filter ] --START--
INFO: Run Behavior\WriteHtmlCacheBehavior [ RunTime:0.002212s ]
INFO: [ view_filter ] --END-- [ RunTime:0.002976s ]
INFO: [ app_end ] --START--
INFO: Run Behavior\ShowPageTraceBehavior [ RunTime:0.003548s ]
INFO: [ app_end ] --END-- [ RunTime:0.004331s ]

